ARM GAS  C:\Users\MSI_NB\AppData\Local\Temp\ccghCaKn.s 			page 1


   1              		.cpu cortex-m7
   2              		.arch armv7e-m
   3              		.fpu fpv5-d16
   4              		.eabi_attribute 28, 1
   5              		.eabi_attribute 20, 1
   6              		.eabi_attribute 21, 1
   7              		.eabi_attribute 23, 3
   8              		.eabi_attribute 24, 1
   9              		.eabi_attribute 25, 1
  10              		.eabi_attribute 26, 1
  11              		.eabi_attribute 30, 1
  12              		.eabi_attribute 34, 1
  13              		.eabi_attribute 18, 4
  14              		.file	"stm32h7xx_it.c"
  15              		.text
  16              	.Ltext0:
  17              		.cfi_sections	.debug_frame
  18              		.section	.text.NMI_Handler,"ax",%progbits
  19              		.align	1
  20              		.global	NMI_Handler
  21              		.syntax unified
  22              		.thumb
  23              		.thumb_func
  25              	NMI_Handler:
  26              	.LFB144:
  27              		.file 1 "Core/Src/stm32h7xx_it.c"
   1:Core/Src/stm32h7xx_it.c **** /* USER CODE BEGIN Header */
   2:Core/Src/stm32h7xx_it.c **** /**
   3:Core/Src/stm32h7xx_it.c ****   ******************************************************************************
   4:Core/Src/stm32h7xx_it.c ****   * @file    stm32h7xx_it.c
   5:Core/Src/stm32h7xx_it.c ****   * @brief   Interrupt Service Routines.
   6:Core/Src/stm32h7xx_it.c ****   ******************************************************************************
   7:Core/Src/stm32h7xx_it.c ****   * @attention
   8:Core/Src/stm32h7xx_it.c ****   *
   9:Core/Src/stm32h7xx_it.c ****   * <h2><center>&copy; Copyright (c) 2022 STMicroelectronics.
  10:Core/Src/stm32h7xx_it.c ****   * All rights reserved.</center></h2>
  11:Core/Src/stm32h7xx_it.c ****   *
  12:Core/Src/stm32h7xx_it.c ****   * This software component is licensed by ST under BSD 3-Clause license,
  13:Core/Src/stm32h7xx_it.c ****   * the "License"; You may not use this file except in compliance with the
  14:Core/Src/stm32h7xx_it.c ****   * License. You may obtain a copy of the License at:
  15:Core/Src/stm32h7xx_it.c ****   *                        opensource.org/licenses/BSD-3-Clause
  16:Core/Src/stm32h7xx_it.c ****   *
  17:Core/Src/stm32h7xx_it.c ****   ******************************************************************************
  18:Core/Src/stm32h7xx_it.c ****   */
  19:Core/Src/stm32h7xx_it.c **** /* USER CODE END Header */
  20:Core/Src/stm32h7xx_it.c **** 
  21:Core/Src/stm32h7xx_it.c **** /* Includes ------------------------------------------------------------------*/
  22:Core/Src/stm32h7xx_it.c **** #include "main.h"
  23:Core/Src/stm32h7xx_it.c **** #include "stm32h7xx_it.h"
  24:Core/Src/stm32h7xx_it.c **** /* Private includes ----------------------------------------------------------*/
  25:Core/Src/stm32h7xx_it.c **** /* USER CODE BEGIN Includes */
  26:Core/Src/stm32h7xx_it.c **** /* USER CODE END Includes */
  27:Core/Src/stm32h7xx_it.c **** 
  28:Core/Src/stm32h7xx_it.c **** /* Private typedef -----------------------------------------------------------*/
  29:Core/Src/stm32h7xx_it.c **** /* USER CODE BEGIN TD */
  30:Core/Src/stm32h7xx_it.c **** 
  31:Core/Src/stm32h7xx_it.c **** /* USER CODE END TD */
ARM GAS  C:\Users\MSI_NB\AppData\Local\Temp\ccghCaKn.s 			page 2


  32:Core/Src/stm32h7xx_it.c **** 
  33:Core/Src/stm32h7xx_it.c **** /* Private define ------------------------------------------------------------*/
  34:Core/Src/stm32h7xx_it.c **** /* USER CODE BEGIN PD */
  35:Core/Src/stm32h7xx_it.c **** 
  36:Core/Src/stm32h7xx_it.c **** /* USER CODE END PD */
  37:Core/Src/stm32h7xx_it.c **** 
  38:Core/Src/stm32h7xx_it.c **** /* Private macro -------------------------------------------------------------*/
  39:Core/Src/stm32h7xx_it.c **** /* USER CODE BEGIN PM */
  40:Core/Src/stm32h7xx_it.c **** 
  41:Core/Src/stm32h7xx_it.c **** /* USER CODE END PM */
  42:Core/Src/stm32h7xx_it.c **** 
  43:Core/Src/stm32h7xx_it.c **** /* Private variables ---------------------------------------------------------*/
  44:Core/Src/stm32h7xx_it.c **** /* USER CODE BEGIN PV */
  45:Core/Src/stm32h7xx_it.c **** 
  46:Core/Src/stm32h7xx_it.c **** /* USER CODE END PV */
  47:Core/Src/stm32h7xx_it.c **** 
  48:Core/Src/stm32h7xx_it.c **** /* Private function prototypes -----------------------------------------------*/
  49:Core/Src/stm32h7xx_it.c **** /* USER CODE BEGIN PFP */
  50:Core/Src/stm32h7xx_it.c **** 
  51:Core/Src/stm32h7xx_it.c **** /* USER CODE END PFP */
  52:Core/Src/stm32h7xx_it.c **** 
  53:Core/Src/stm32h7xx_it.c **** /* Private user code ---------------------------------------------------------*/
  54:Core/Src/stm32h7xx_it.c **** /* USER CODE BEGIN 0 */
  55:Core/Src/stm32h7xx_it.c **** 
  56:Core/Src/stm32h7xx_it.c **** /* USER CODE END 0 */
  57:Core/Src/stm32h7xx_it.c **** 
  58:Core/Src/stm32h7xx_it.c **** /* External variables --------------------------------------------------------*/
  59:Core/Src/stm32h7xx_it.c **** extern PCD_HandleTypeDef hpcd_USB_OTG_HS;
  60:Core/Src/stm32h7xx_it.c **** extern TIM_HandleTypeDef htim6;
  61:Core/Src/stm32h7xx_it.c **** extern TIM_HandleTypeDef htim1;
  62:Core/Src/stm32h7xx_it.c **** 
  63:Core/Src/stm32h7xx_it.c **** /* USER CODE BEGIN EV */
  64:Core/Src/stm32h7xx_it.c **** 
  65:Core/Src/stm32h7xx_it.c **** /* USER CODE END EV */
  66:Core/Src/stm32h7xx_it.c **** 
  67:Core/Src/stm32h7xx_it.c **** /******************************************************************************/
  68:Core/Src/stm32h7xx_it.c **** /*           Cortex Processor Interruption and Exception Handlers          */
  69:Core/Src/stm32h7xx_it.c **** /******************************************************************************/
  70:Core/Src/stm32h7xx_it.c **** /**
  71:Core/Src/stm32h7xx_it.c ****   * @brief This function handles Non maskable interrupt.
  72:Core/Src/stm32h7xx_it.c ****   */
  73:Core/Src/stm32h7xx_it.c **** void NMI_Handler(void)
  74:Core/Src/stm32h7xx_it.c **** {
  28              		.loc 1 74 1 view -0
  29              		.cfi_startproc
  30              		@ Volatile: function does not return.
  31              		@ args = 0, pretend = 0, frame = 0
  32              		@ frame_needed = 0, uses_anonymous_args = 0
  33              		@ link register save eliminated.
  34              	.L2:
  75:Core/Src/stm32h7xx_it.c ****   /* USER CODE BEGIN NonMaskableInt_IRQn 0 */
  76:Core/Src/stm32h7xx_it.c **** 
  77:Core/Src/stm32h7xx_it.c ****   /* USER CODE END NonMaskableInt_IRQn 0 */
  78:Core/Src/stm32h7xx_it.c ****   /* USER CODE BEGIN NonMaskableInt_IRQn 1 */
  79:Core/Src/stm32h7xx_it.c ****   while (1)
  35              		.loc 1 79 3 discriminator 1 view .LVU1
  80:Core/Src/stm32h7xx_it.c ****   {
ARM GAS  C:\Users\MSI_NB\AppData\Local\Temp\ccghCaKn.s 			page 3


  81:Core/Src/stm32h7xx_it.c ****   }
  36              		.loc 1 81 3 discriminator 1 view .LVU2
  79:Core/Src/stm32h7xx_it.c ****   {
  37              		.loc 1 79 9 discriminator 1 view .LVU3
  38 0000 FEE7     		b	.L2
  39              		.cfi_endproc
  40              	.LFE144:
  42              		.section	.text.HardFault_Handler,"ax",%progbits
  43              		.align	1
  44              		.global	HardFault_Handler
  45              		.syntax unified
  46              		.thumb
  47              		.thumb_func
  49              	HardFault_Handler:
  50              	.LFB145:
  82:Core/Src/stm32h7xx_it.c ****   /* USER CODE END NonMaskableInt_IRQn 1 */
  83:Core/Src/stm32h7xx_it.c **** }
  84:Core/Src/stm32h7xx_it.c **** 
  85:Core/Src/stm32h7xx_it.c **** /**
  86:Core/Src/stm32h7xx_it.c ****   * @brief This function handles Hard fault interrupt.
  87:Core/Src/stm32h7xx_it.c ****   */
  88:Core/Src/stm32h7xx_it.c **** void HardFault_Handler(void)
  89:Core/Src/stm32h7xx_it.c **** {
  51              		.loc 1 89 1 view -0
  52              		.cfi_startproc
  53              		@ Volatile: function does not return.
  54              		@ args = 0, pretend = 0, frame = 0
  55              		@ frame_needed = 0, uses_anonymous_args = 0
  56              		@ link register save eliminated.
  57              	.L4:
  90:Core/Src/stm32h7xx_it.c ****   /* USER CODE BEGIN HardFault_IRQn 0 */
  91:Core/Src/stm32h7xx_it.c **** 
  92:Core/Src/stm32h7xx_it.c ****   /* USER CODE END HardFault_IRQn 0 */
  93:Core/Src/stm32h7xx_it.c ****   while (1)
  58              		.loc 1 93 3 discriminator 1 view .LVU5
  94:Core/Src/stm32h7xx_it.c ****   {
  95:Core/Src/stm32h7xx_it.c ****     /* USER CODE BEGIN W1_HardFault_IRQn 0 */
  96:Core/Src/stm32h7xx_it.c ****     /* USER CODE END W1_HardFault_IRQn 0 */
  97:Core/Src/stm32h7xx_it.c ****   }
  59              		.loc 1 97 3 discriminator 1 view .LVU6
  93:Core/Src/stm32h7xx_it.c ****   {
  60              		.loc 1 93 9 discriminator 1 view .LVU7
  61 0000 FEE7     		b	.L4
  62              		.cfi_endproc
  63              	.LFE145:
  65              		.section	.text.MemManage_Handler,"ax",%progbits
  66              		.align	1
  67              		.global	MemManage_Handler
  68              		.syntax unified
  69              		.thumb
  70              		.thumb_func
  72              	MemManage_Handler:
  73              	.LFB146:
  98:Core/Src/stm32h7xx_it.c **** }
  99:Core/Src/stm32h7xx_it.c **** 
 100:Core/Src/stm32h7xx_it.c **** /**
 101:Core/Src/stm32h7xx_it.c ****   * @brief This function handles Memory management fault.
ARM GAS  C:\Users\MSI_NB\AppData\Local\Temp\ccghCaKn.s 			page 4


 102:Core/Src/stm32h7xx_it.c ****   */
 103:Core/Src/stm32h7xx_it.c **** void MemManage_Handler(void)
 104:Core/Src/stm32h7xx_it.c **** {
  74              		.loc 1 104 1 view -0
  75              		.cfi_startproc
  76              		@ Volatile: function does not return.
  77              		@ args = 0, pretend = 0, frame = 0
  78              		@ frame_needed = 0, uses_anonymous_args = 0
  79              		@ link register save eliminated.
  80              	.L6:
 105:Core/Src/stm32h7xx_it.c ****   /* USER CODE BEGIN MemoryManagement_IRQn 0 */
 106:Core/Src/stm32h7xx_it.c **** 
 107:Core/Src/stm32h7xx_it.c ****   /* USER CODE END MemoryManagement_IRQn 0 */
 108:Core/Src/stm32h7xx_it.c ****   while (1)
  81              		.loc 1 108 3 discriminator 1 view .LVU9
 109:Core/Src/stm32h7xx_it.c ****   {
 110:Core/Src/stm32h7xx_it.c ****     /* USER CODE BEGIN W1_MemoryManagement_IRQn 0 */
 111:Core/Src/stm32h7xx_it.c ****     /* USER CODE END W1_MemoryManagement_IRQn 0 */
 112:Core/Src/stm32h7xx_it.c ****   }
  82              		.loc 1 112 3 discriminator 1 view .LVU10
 108:Core/Src/stm32h7xx_it.c ****   {
  83              		.loc 1 108 9 discriminator 1 view .LVU11
  84 0000 FEE7     		b	.L6
  85              		.cfi_endproc
  86              	.LFE146:
  88              		.section	.text.BusFault_Handler,"ax",%progbits
  89              		.align	1
  90              		.global	BusFault_Handler
  91              		.syntax unified
  92              		.thumb
  93              		.thumb_func
  95              	BusFault_Handler:
  96              	.LFB147:
 113:Core/Src/stm32h7xx_it.c **** }
 114:Core/Src/stm32h7xx_it.c **** 
 115:Core/Src/stm32h7xx_it.c **** /**
 116:Core/Src/stm32h7xx_it.c ****   * @brief This function handles Pre-fetch fault, memory access fault.
 117:Core/Src/stm32h7xx_it.c ****   */
 118:Core/Src/stm32h7xx_it.c **** void BusFault_Handler(void)
 119:Core/Src/stm32h7xx_it.c **** {
  97              		.loc 1 119 1 view -0
  98              		.cfi_startproc
  99              		@ Volatile: function does not return.
 100              		@ args = 0, pretend = 0, frame = 0
 101              		@ frame_needed = 0, uses_anonymous_args = 0
 102              		@ link register save eliminated.
 103              	.L8:
 120:Core/Src/stm32h7xx_it.c ****   /* USER CODE BEGIN BusFault_IRQn 0 */
 121:Core/Src/stm32h7xx_it.c **** 
 122:Core/Src/stm32h7xx_it.c ****   /* USER CODE END BusFault_IRQn 0 */
 123:Core/Src/stm32h7xx_it.c ****   while (1)
 104              		.loc 1 123 3 discriminator 1 view .LVU13
 124:Core/Src/stm32h7xx_it.c ****   {
 125:Core/Src/stm32h7xx_it.c ****     /* USER CODE BEGIN W1_BusFault_IRQn 0 */
 126:Core/Src/stm32h7xx_it.c ****     /* USER CODE END W1_BusFault_IRQn 0 */
 127:Core/Src/stm32h7xx_it.c ****   }
 105              		.loc 1 127 3 discriminator 1 view .LVU14
ARM GAS  C:\Users\MSI_NB\AppData\Local\Temp\ccghCaKn.s 			page 5


 123:Core/Src/stm32h7xx_it.c ****   {
 106              		.loc 1 123 9 discriminator 1 view .LVU15
 107 0000 FEE7     		b	.L8
 108              		.cfi_endproc
 109              	.LFE147:
 111              		.section	.text.UsageFault_Handler,"ax",%progbits
 112              		.align	1
 113              		.global	UsageFault_Handler
 114              		.syntax unified
 115              		.thumb
 116              		.thumb_func
 118              	UsageFault_Handler:
 119              	.LFB148:
 128:Core/Src/stm32h7xx_it.c **** }
 129:Core/Src/stm32h7xx_it.c **** 
 130:Core/Src/stm32h7xx_it.c **** /**
 131:Core/Src/stm32h7xx_it.c ****   * @brief This function handles Undefined instruction or illegal state.
 132:Core/Src/stm32h7xx_it.c ****   */
 133:Core/Src/stm32h7xx_it.c **** void UsageFault_Handler(void)
 134:Core/Src/stm32h7xx_it.c **** {
 120              		.loc 1 134 1 view -0
 121              		.cfi_startproc
 122              		@ Volatile: function does not return.
 123              		@ args = 0, pretend = 0, frame = 0
 124              		@ frame_needed = 0, uses_anonymous_args = 0
 125              		@ link register save eliminated.
 126              	.L10:
 135:Core/Src/stm32h7xx_it.c ****   /* USER CODE BEGIN UsageFault_IRQn 0 */
 136:Core/Src/stm32h7xx_it.c **** 
 137:Core/Src/stm32h7xx_it.c ****   /* USER CODE END UsageFault_IRQn 0 */
 138:Core/Src/stm32h7xx_it.c ****   while (1)
 127              		.loc 1 138 3 discriminator 1 view .LVU17
 139:Core/Src/stm32h7xx_it.c ****   {
 140:Core/Src/stm32h7xx_it.c ****     /* USER CODE BEGIN W1_UsageFault_IRQn 0 */
 141:Core/Src/stm32h7xx_it.c ****     /* USER CODE END W1_UsageFault_IRQn 0 */
 142:Core/Src/stm32h7xx_it.c ****   }
 128              		.loc 1 142 3 discriminator 1 view .LVU18
 138:Core/Src/stm32h7xx_it.c ****   {
 129              		.loc 1 138 9 discriminator 1 view .LVU19
 130 0000 FEE7     		b	.L10
 131              		.cfi_endproc
 132              	.LFE148:
 134              		.section	.text.DebugMon_Handler,"ax",%progbits
 135              		.align	1
 136              		.global	DebugMon_Handler
 137              		.syntax unified
 138              		.thumb
 139              		.thumb_func
 141              	DebugMon_Handler:
 142              	.LFB149:
 143:Core/Src/stm32h7xx_it.c **** }
 144:Core/Src/stm32h7xx_it.c **** 
 145:Core/Src/stm32h7xx_it.c **** /**
 146:Core/Src/stm32h7xx_it.c ****   * @brief This function handles Debug monitor.
 147:Core/Src/stm32h7xx_it.c ****   */
 148:Core/Src/stm32h7xx_it.c **** void DebugMon_Handler(void)
 149:Core/Src/stm32h7xx_it.c **** {
ARM GAS  C:\Users\MSI_NB\AppData\Local\Temp\ccghCaKn.s 			page 6


 143              		.loc 1 149 1 view -0
 144              		.cfi_startproc
 145              		@ args = 0, pretend = 0, frame = 0
 146              		@ frame_needed = 0, uses_anonymous_args = 0
 147              		@ link register save eliminated.
 150:Core/Src/stm32h7xx_it.c ****   /* USER CODE BEGIN DebugMonitor_IRQn 0 */
 151:Core/Src/stm32h7xx_it.c **** 
 152:Core/Src/stm32h7xx_it.c ****   /* USER CODE END DebugMonitor_IRQn 0 */
 153:Core/Src/stm32h7xx_it.c ****   /* USER CODE BEGIN DebugMonitor_IRQn 1 */
 154:Core/Src/stm32h7xx_it.c **** 
 155:Core/Src/stm32h7xx_it.c ****   /* USER CODE END DebugMonitor_IRQn 1 */
 156:Core/Src/stm32h7xx_it.c **** }
 148              		.loc 1 156 1 view .LVU21
 149 0000 7047     		bx	lr
 150              		.cfi_endproc
 151              	.LFE149:
 153              		.section	.text.EXTI9_5_IRQHandler,"ax",%progbits
 154              		.align	1
 155              		.global	EXTI9_5_IRQHandler
 156              		.syntax unified
 157              		.thumb
 158              		.thumb_func
 160              	EXTI9_5_IRQHandler:
 161              	.LFB150:
 157:Core/Src/stm32h7xx_it.c **** 
 158:Core/Src/stm32h7xx_it.c **** /******************************************************************************/
 159:Core/Src/stm32h7xx_it.c **** /* STM32H7xx Peripheral Interrupt Handlers                                    */
 160:Core/Src/stm32h7xx_it.c **** /* Add here the Interrupt Handlers for the used peripherals.                  */
 161:Core/Src/stm32h7xx_it.c **** /* For the available peripheral interrupt handler names,                      */
 162:Core/Src/stm32h7xx_it.c **** /* please refer to the startup file (startup_stm32h7xx.s).                    */
 163:Core/Src/stm32h7xx_it.c **** /******************************************************************************/
 164:Core/Src/stm32h7xx_it.c **** 
 165:Core/Src/stm32h7xx_it.c **** /**
 166:Core/Src/stm32h7xx_it.c ****   * @brief This function handles EXTI line[9:5] interrupts.
 167:Core/Src/stm32h7xx_it.c ****   */
 168:Core/Src/stm32h7xx_it.c **** void EXTI9_5_IRQHandler(void)
 169:Core/Src/stm32h7xx_it.c **** {
 162              		.loc 1 169 1 view -0
 163              		.cfi_startproc
 164              		@ args = 0, pretend = 0, frame = 0
 165              		@ frame_needed = 0, uses_anonymous_args = 0
 166 0000 08B5     		push	{r3, lr}
 167              		.cfi_def_cfa_offset 8
 168              		.cfi_offset 3, -8
 169              		.cfi_offset 14, -4
 170:Core/Src/stm32h7xx_it.c ****   /* USER CODE BEGIN EXTI9_5_IRQn 0 */
 171:Core/Src/stm32h7xx_it.c **** 
 172:Core/Src/stm32h7xx_it.c ****   /* USER CODE END EXTI9_5_IRQn 0 */
 173:Core/Src/stm32h7xx_it.c ****   HAL_GPIO_EXTI_IRQHandler(GPIO_PIN_8);
 170              		.loc 1 173 3 view .LVU23
 171 0002 4FF48070 		mov	r0, #256
 172 0006 FFF7FEFF 		bl	HAL_GPIO_EXTI_IRQHandler
 173              	.LVL0:
 174:Core/Src/stm32h7xx_it.c ****   /* USER CODE BEGIN EXTI9_5_IRQn 1 */
 175:Core/Src/stm32h7xx_it.c **** 
 176:Core/Src/stm32h7xx_it.c ****   /* USER CODE END EXTI9_5_IRQn 1 */
 177:Core/Src/stm32h7xx_it.c **** }
ARM GAS  C:\Users\MSI_NB\AppData\Local\Temp\ccghCaKn.s 			page 7


 174              		.loc 1 177 1 is_stmt 0 view .LVU24
 175 000a 08BD     		pop	{r3, pc}
 176              		.cfi_endproc
 177              	.LFE150:
 179              		.section	.text.TIM1_UP_IRQHandler,"ax",%progbits
 180              		.align	1
 181              		.global	TIM1_UP_IRQHandler
 182              		.syntax unified
 183              		.thumb
 184              		.thumb_func
 186              	TIM1_UP_IRQHandler:
 187              	.LFB151:
 178:Core/Src/stm32h7xx_it.c **** 
 179:Core/Src/stm32h7xx_it.c **** /**
 180:Core/Src/stm32h7xx_it.c ****   * @brief This function handles TIM1 update interrupt.
 181:Core/Src/stm32h7xx_it.c ****   */
 182:Core/Src/stm32h7xx_it.c **** void TIM1_UP_IRQHandler(void)
 183:Core/Src/stm32h7xx_it.c **** {
 188              		.loc 1 183 1 is_stmt 1 view -0
 189              		.cfi_startproc
 190              		@ args = 0, pretend = 0, frame = 0
 191              		@ frame_needed = 0, uses_anonymous_args = 0
 192 0000 08B5     		push	{r3, lr}
 193              		.cfi_def_cfa_offset 8
 194              		.cfi_offset 3, -8
 195              		.cfi_offset 14, -4
 184:Core/Src/stm32h7xx_it.c ****   /* USER CODE BEGIN TIM1_UP_IRQn 0 */
 185:Core/Src/stm32h7xx_it.c **** 
 186:Core/Src/stm32h7xx_it.c ****   /* USER CODE END TIM1_UP_IRQn 0 */
 187:Core/Src/stm32h7xx_it.c ****   HAL_TIM_IRQHandler(&htim1);
 196              		.loc 1 187 3 view .LVU26
 197 0002 0248     		ldr	r0, .L16
 198 0004 FFF7FEFF 		bl	HAL_TIM_IRQHandler
 199              	.LVL1:
 188:Core/Src/stm32h7xx_it.c ****   /* USER CODE BEGIN TIM1_UP_IRQn 1 */
 189:Core/Src/stm32h7xx_it.c **** 
 190:Core/Src/stm32h7xx_it.c ****   /* USER CODE END TIM1_UP_IRQn 1 */
 191:Core/Src/stm32h7xx_it.c **** }
 200              		.loc 1 191 1 is_stmt 0 view .LVU27
 201 0008 08BD     		pop	{r3, pc}
 202              	.L17:
 203 000a 00BF     		.align	2
 204              	.L16:
 205 000c 00000000 		.word	htim1
 206              		.cfi_endproc
 207              	.LFE151:
 209              		.section	.text.TIM6_DAC_IRQHandler,"ax",%progbits
 210              		.align	1
 211              		.global	TIM6_DAC_IRQHandler
 212              		.syntax unified
 213              		.thumb
 214              		.thumb_func
 216              	TIM6_DAC_IRQHandler:
 217              	.LFB152:
 192:Core/Src/stm32h7xx_it.c **** 
 193:Core/Src/stm32h7xx_it.c **** /**
 194:Core/Src/stm32h7xx_it.c ****   * @brief This function handles TIM6 global interrupt, DAC1_CH1 and DAC1_CH2 underrun error interr
ARM GAS  C:\Users\MSI_NB\AppData\Local\Temp\ccghCaKn.s 			page 8


 195:Core/Src/stm32h7xx_it.c ****   */
 196:Core/Src/stm32h7xx_it.c **** void TIM6_DAC_IRQHandler(void)
 197:Core/Src/stm32h7xx_it.c **** {
 218              		.loc 1 197 1 is_stmt 1 view -0
 219              		.cfi_startproc
 220              		@ args = 0, pretend = 0, frame = 0
 221              		@ frame_needed = 0, uses_anonymous_args = 0
 222 0000 08B5     		push	{r3, lr}
 223              		.cfi_def_cfa_offset 8
 224              		.cfi_offset 3, -8
 225              		.cfi_offset 14, -4
 198:Core/Src/stm32h7xx_it.c ****   /* USER CODE BEGIN TIM6_DAC_IRQn 0 */
 199:Core/Src/stm32h7xx_it.c **** 
 200:Core/Src/stm32h7xx_it.c ****   /* USER CODE END TIM6_DAC_IRQn 0 */
 201:Core/Src/stm32h7xx_it.c ****   HAL_TIM_IRQHandler(&htim6);
 226              		.loc 1 201 3 view .LVU29
 227 0002 0248     		ldr	r0, .L20
 228 0004 FFF7FEFF 		bl	HAL_TIM_IRQHandler
 229              	.LVL2:
 202:Core/Src/stm32h7xx_it.c ****   /* USER CODE BEGIN TIM6_DAC_IRQn 1 */
 203:Core/Src/stm32h7xx_it.c **** 
 204:Core/Src/stm32h7xx_it.c ****   /* USER CODE END TIM6_DAC_IRQn 1 */
 205:Core/Src/stm32h7xx_it.c **** }
 230              		.loc 1 205 1 is_stmt 0 view .LVU30
 231 0008 08BD     		pop	{r3, pc}
 232              	.L21:
 233 000a 00BF     		.align	2
 234              	.L20:
 235 000c 00000000 		.word	htim6
 236              		.cfi_endproc
 237              	.LFE152:
 239              		.section	.text.OTG_HS_IRQHandler,"ax",%progbits
 240              		.align	1
 241              		.global	OTG_HS_IRQHandler
 242              		.syntax unified
 243              		.thumb
 244              		.thumb_func
 246              	OTG_HS_IRQHandler:
 247              	.LFB153:
 206:Core/Src/stm32h7xx_it.c **** 
 207:Core/Src/stm32h7xx_it.c **** /**
 208:Core/Src/stm32h7xx_it.c ****   * @brief This function handles USB On The Go HS global interrupt.
 209:Core/Src/stm32h7xx_it.c ****   */
 210:Core/Src/stm32h7xx_it.c **** void OTG_HS_IRQHandler(void)
 211:Core/Src/stm32h7xx_it.c **** {
 248              		.loc 1 211 1 is_stmt 1 view -0
 249              		.cfi_startproc
 250              		@ args = 0, pretend = 0, frame = 0
 251              		@ frame_needed = 0, uses_anonymous_args = 0
 252 0000 08B5     		push	{r3, lr}
 253              		.cfi_def_cfa_offset 8
 254              		.cfi_offset 3, -8
 255              		.cfi_offset 14, -4
 212:Core/Src/stm32h7xx_it.c ****   /* USER CODE BEGIN OTG_HS_IRQn 0 */
 213:Core/Src/stm32h7xx_it.c **** 
 214:Core/Src/stm32h7xx_it.c ****   /* USER CODE END OTG_HS_IRQn 0 */
 215:Core/Src/stm32h7xx_it.c ****   HAL_PCD_IRQHandler(&hpcd_USB_OTG_HS);
ARM GAS  C:\Users\MSI_NB\AppData\Local\Temp\ccghCaKn.s 			page 9


 256              		.loc 1 215 3 view .LVU32
 257 0002 0248     		ldr	r0, .L24
 258 0004 FFF7FEFF 		bl	HAL_PCD_IRQHandler
 259              	.LVL3:
 216:Core/Src/stm32h7xx_it.c ****   /* USER CODE BEGIN OTG_HS_IRQn 1 */
 217:Core/Src/stm32h7xx_it.c **** 
 218:Core/Src/stm32h7xx_it.c ****   /* USER CODE END OTG_HS_IRQn 1 */
 219:Core/Src/stm32h7xx_it.c **** }
 260              		.loc 1 219 1 is_stmt 0 view .LVU33
 261 0008 08BD     		pop	{r3, pc}
 262              	.L25:
 263 000a 00BF     		.align	2
 264              	.L24:
 265 000c 00000000 		.word	hpcd_USB_OTG_HS
 266              		.cfi_endproc
 267              	.LFE153:
 269              		.text
 270              	.Letext0:
 271              		.file 2 "d:\\tool\\gcc-arm-none-eabi\\arm-none-eabi\\include\\machine\\_default_types.h"
 272              		.file 3 "d:\\tool\\gcc-arm-none-eabi\\arm-none-eabi\\include\\sys\\_stdint.h"
 273              		.file 4 "Drivers/CMSIS/Device/ST/STM32H7xx/Include/stm32h743xx.h"
 274              		.file 5 "Drivers/STM32H7xx_HAL_Driver/Inc/stm32h7xx_hal_def.h"
 275              		.file 6 "Drivers/STM32H7xx_HAL_Driver/Inc/stm32h7xx_hal_dma.h"
 276              		.file 7 "Drivers/STM32H7xx_HAL_Driver/Inc/stm32h7xx_hal_tim.h"
 277              		.file 8 "Drivers/STM32H7xx_HAL_Driver/Inc/stm32h7xx_ll_usb.h"
 278              		.file 9 "Drivers/STM32H7xx_HAL_Driver/Inc/stm32h7xx_hal_pcd.h"
 279              		.file 10 "Drivers/STM32H7xx_HAL_Driver/Inc/stm32h7xx_hal_gpio.h"
ARM GAS  C:\Users\MSI_NB\AppData\Local\Temp\ccghCaKn.s 			page 10


DEFINED SYMBOLS
                            *ABS*:00000000 stm32h7xx_it.c
C:\Users\MSI_NB\AppData\Local\Temp\ccghCaKn.s:19     .text.NMI_Handler:00000000 $t
C:\Users\MSI_NB\AppData\Local\Temp\ccghCaKn.s:25     .text.NMI_Handler:00000000 NMI_Handler
C:\Users\MSI_NB\AppData\Local\Temp\ccghCaKn.s:43     .text.HardFault_Handler:00000000 $t
C:\Users\MSI_NB\AppData\Local\Temp\ccghCaKn.s:49     .text.HardFault_Handler:00000000 HardFault_Handler
C:\Users\MSI_NB\AppData\Local\Temp\ccghCaKn.s:66     .text.MemManage_Handler:00000000 $t
C:\Users\MSI_NB\AppData\Local\Temp\ccghCaKn.s:72     .text.MemManage_Handler:00000000 MemManage_Handler
C:\Users\MSI_NB\AppData\Local\Temp\ccghCaKn.s:89     .text.BusFault_Handler:00000000 $t
C:\Users\MSI_NB\AppData\Local\Temp\ccghCaKn.s:95     .text.BusFault_Handler:00000000 BusFault_Handler
C:\Users\MSI_NB\AppData\Local\Temp\ccghCaKn.s:112    .text.UsageFault_Handler:00000000 $t
C:\Users\MSI_NB\AppData\Local\Temp\ccghCaKn.s:118    .text.UsageFault_Handler:00000000 UsageFault_Handler
C:\Users\MSI_NB\AppData\Local\Temp\ccghCaKn.s:135    .text.DebugMon_Handler:00000000 $t
C:\Users\MSI_NB\AppData\Local\Temp\ccghCaKn.s:141    .text.DebugMon_Handler:00000000 DebugMon_Handler
C:\Users\MSI_NB\AppData\Local\Temp\ccghCaKn.s:154    .text.EXTI9_5_IRQHandler:00000000 $t
C:\Users\MSI_NB\AppData\Local\Temp\ccghCaKn.s:160    .text.EXTI9_5_IRQHandler:00000000 EXTI9_5_IRQHandler
C:\Users\MSI_NB\AppData\Local\Temp\ccghCaKn.s:180    .text.TIM1_UP_IRQHandler:00000000 $t
C:\Users\MSI_NB\AppData\Local\Temp\ccghCaKn.s:186    .text.TIM1_UP_IRQHandler:00000000 TIM1_UP_IRQHandler
C:\Users\MSI_NB\AppData\Local\Temp\ccghCaKn.s:205    .text.TIM1_UP_IRQHandler:0000000c $d
C:\Users\MSI_NB\AppData\Local\Temp\ccghCaKn.s:210    .text.TIM6_DAC_IRQHandler:00000000 $t
C:\Users\MSI_NB\AppData\Local\Temp\ccghCaKn.s:216    .text.TIM6_DAC_IRQHandler:00000000 TIM6_DAC_IRQHandler
C:\Users\MSI_NB\AppData\Local\Temp\ccghCaKn.s:235    .text.TIM6_DAC_IRQHandler:0000000c $d
C:\Users\MSI_NB\AppData\Local\Temp\ccghCaKn.s:240    .text.OTG_HS_IRQHandler:00000000 $t
C:\Users\MSI_NB\AppData\Local\Temp\ccghCaKn.s:246    .text.OTG_HS_IRQHandler:00000000 OTG_HS_IRQHandler
C:\Users\MSI_NB\AppData\Local\Temp\ccghCaKn.s:265    .text.OTG_HS_IRQHandler:0000000c $d

UNDEFINED SYMBOLS
HAL_GPIO_EXTI_IRQHandler
HAL_TIM_IRQHandler
htim1
htim6
HAL_PCD_IRQHandler
hpcd_USB_OTG_HS
