ARM GAS  C:\Users\MSI_NB\AppData\Local\Temp\ccgbogXn.s 			page 1


   1              		.cpu cortex-m7
   2              		.arch armv7e-m
   3              		.fpu fpv5-d16
   4              		.eabi_attribute 28, 1
   5              		.eabi_attribute 20, 1
   6              		.eabi_attribute 21, 1
   7              		.eabi_attribute 23, 3
   8              		.eabi_attribute 24, 1
   9              		.eabi_attribute 25, 1
  10              		.eabi_attribute 26, 1
  11              		.eabi_attribute 30, 1
  12              		.eabi_attribute 34, 1
  13              		.eabi_attribute 18, 4
  14              		.file	"syscalls.c"
  15              		.text
  16              	.Ltext0:
  17              		.cfi_sections	.debug_frame
  18              		.section	.text.initialise_monitor_handles,"ax",%progbits
  19              		.align	1
  20              		.global	initialise_monitor_handles
  21              		.syntax unified
  22              		.thumb
  23              		.thumb_func
  25              	initialise_monitor_handles:
  26              	.LFB25:
  27              		.file 1 "Core/Src/syscalls.c"
   1:Core/Src/syscalls.c **** /**
   2:Core/Src/syscalls.c **** *****************************************************************************
   3:Core/Src/syscalls.c **** **
   4:Core/Src/syscalls.c **** **  File        : syscalls.c
   5:Core/Src/syscalls.c **** **
   6:Core/Src/syscalls.c **** **  Author		: Auto-generated by System workbench for STM32
   7:Core/Src/syscalls.c **** **
   8:Core/Src/syscalls.c **** **  Abstract    : System Workbench Minimal System calls file
   9:Core/Src/syscalls.c **** **
  10:Core/Src/syscalls.c **** ** 		          For more information about which c-functions
  11:Core/Src/syscalls.c **** **                need which of these lowlevel functions
  12:Core/Src/syscalls.c **** **                please consult the Newlib libc-manual
  13:Core/Src/syscalls.c **** **
  14:Core/Src/syscalls.c **** **  Target      : STMicroelectronics STM32
  15:Core/Src/syscalls.c **** **
  16:Core/Src/syscalls.c **** **  Distribution: The file is distributed ¡°as is,¡± without any warranty
  17:Core/Src/syscalls.c **** **                of any kind.
  18:Core/Src/syscalls.c **** **
  19:Core/Src/syscalls.c **** *****************************************************************************
  20:Core/Src/syscalls.c **** ** @attention
  21:Core/Src/syscalls.c **** **
  22:Core/Src/syscalls.c **** ** <h2><center>&copy; COPYRIGHT(c) 2019 STMicroelectronics</center></h2>
  23:Core/Src/syscalls.c **** **
  24:Core/Src/syscalls.c **** ** Redistribution and use in source and binary forms, with or without modification,
  25:Core/Src/syscalls.c **** ** are permitted provided that the following conditions are met:
  26:Core/Src/syscalls.c **** **   1. Redistributions of source code must retain the above copyright notice,
  27:Core/Src/syscalls.c **** **      this list of conditions and the following disclaimer.
  28:Core/Src/syscalls.c **** **   2. Redistributions in binary form must reproduce the above copyright notice,
  29:Core/Src/syscalls.c **** **      this list of conditions and the following disclaimer in the documentation
  30:Core/Src/syscalls.c **** **      and/or other materials provided with the distribution.
  31:Core/Src/syscalls.c **** **   3. Neither the name of STMicroelectronics nor the names of its contributors
ARM GAS  C:\Users\MSI_NB\AppData\Local\Temp\ccgbogXn.s 			page 2


  32:Core/Src/syscalls.c **** **      may be used to endorse or promote products derived from this software
  33:Core/Src/syscalls.c **** **      without specific prior written permission.
  34:Core/Src/syscalls.c **** **
  35:Core/Src/syscalls.c **** ** THIS SOFTWARE IS PROVIDED BY THE COPYRIGHT HOLDERS AND CONTRIBUTORS "AS IS"
  36:Core/Src/syscalls.c **** ** AND ANY EXPRESS OR IMPLIED WARRANTIES, INCLUDING, BUT NOT LIMITED TO, THE
  37:Core/Src/syscalls.c **** ** IMPLIED WARRANTIES OF MERCHANTABILITY AND FITNESS FOR A PARTICULAR PURPOSE ARE
  38:Core/Src/syscalls.c **** ** DISCLAIMED. IN NO EVENT SHALL THE COPYRIGHT HOLDER OR CONTRIBUTORS BE LIABLE
  39:Core/Src/syscalls.c **** ** FOR ANY DIRECT, INDIRECT, INCIDENTAL, SPECIAL, EXEMPLARY, OR CONSEQUENTIAL
  40:Core/Src/syscalls.c **** ** DAMAGES (INCLUDING, BUT NOT LIMITED TO, PROCUREMENT OF SUBSTITUTE GOODS OR
  41:Core/Src/syscalls.c **** ** SERVICES; LOSS OF USE, DATA, OR PROFITS; OR BUSINESS INTERRUPTION) HOWEVER
  42:Core/Src/syscalls.c **** ** CAUSED AND ON ANY THEORY OF LIABILITY, WHETHER IN CONTRACT, STRICT LIABILITY,
  43:Core/Src/syscalls.c **** ** OR TORT (INCLUDING NEGLIGENCE OR OTHERWISE) ARISING IN ANY WAY OUT OF THE USE
  44:Core/Src/syscalls.c **** ** OF THIS SOFTWARE, EVEN IF ADVISED OF THE POSSIBILITY OF SUCH DAMAGE.
  45:Core/Src/syscalls.c **** **
  46:Core/Src/syscalls.c **** *****************************************************************************
  47:Core/Src/syscalls.c **** */
  48:Core/Src/syscalls.c **** 
  49:Core/Src/syscalls.c **** /* Includes */
  50:Core/Src/syscalls.c **** #include <sys/stat.h>
  51:Core/Src/syscalls.c **** #include <stdlib.h>
  52:Core/Src/syscalls.c **** #include <errno.h>
  53:Core/Src/syscalls.c **** #include <stdio.h>
  54:Core/Src/syscalls.c **** #include <signal.h>
  55:Core/Src/syscalls.c **** #include <time.h>
  56:Core/Src/syscalls.c **** #include <sys/time.h>
  57:Core/Src/syscalls.c **** #include <sys/times.h>
  58:Core/Src/syscalls.c **** 
  59:Core/Src/syscalls.c **** 
  60:Core/Src/syscalls.c **** /* Variables */
  61:Core/Src/syscalls.c **** //#undef errno
  62:Core/Src/syscalls.c **** extern int errno;
  63:Core/Src/syscalls.c **** extern int __io_putchar(int ch) __attribute__((weak));
  64:Core/Src/syscalls.c **** extern int __io_getchar(void) __attribute__((weak));
  65:Core/Src/syscalls.c **** 
  66:Core/Src/syscalls.c **** register char * stack_ptr asm("sp");
  67:Core/Src/syscalls.c **** 
  68:Core/Src/syscalls.c **** char *__env[1] = { 0 };
  69:Core/Src/syscalls.c **** char **environ = __env;
  70:Core/Src/syscalls.c **** 
  71:Core/Src/syscalls.c **** 
  72:Core/Src/syscalls.c **** /* Functions */
  73:Core/Src/syscalls.c **** void initialise_monitor_handles()
  74:Core/Src/syscalls.c **** {
  28              		.loc 1 74 1 view -0
  29              		.cfi_startproc
  30              		@ args = 0, pretend = 0, frame = 0
  31              		@ frame_needed = 0, uses_anonymous_args = 0
  32              		@ link register save eliminated.
  75:Core/Src/syscalls.c **** }
  33              		.loc 1 75 1 view .LVU1
  34 0000 7047     		bx	lr
  35              		.cfi_endproc
  36              	.LFE25:
  38              		.section	.text._getpid,"ax",%progbits
  39              		.align	1
  40              		.global	_getpid
  41              		.syntax unified
ARM GAS  C:\Users\MSI_NB\AppData\Local\Temp\ccgbogXn.s 			page 3


  42              		.thumb
  43              		.thumb_func
  45              	_getpid:
  46              	.LFB26:
  76:Core/Src/syscalls.c **** 
  77:Core/Src/syscalls.c **** int _getpid(void)
  78:Core/Src/syscalls.c **** {
  47              		.loc 1 78 1 view -0
  48              		.cfi_startproc
  49              		@ args = 0, pretend = 0, frame = 0
  50              		@ frame_needed = 0, uses_anonymous_args = 0
  51              		@ link register save eliminated.
  79:Core/Src/syscalls.c **** 	return 1;
  52              		.loc 1 79 2 view .LVU3
  80:Core/Src/syscalls.c **** }
  53              		.loc 1 80 1 is_stmt 0 view .LVU4
  54 0000 0120     		movs	r0, #1
  55 0002 7047     		bx	lr
  56              		.cfi_endproc
  57              	.LFE26:
  59              		.section	.text._kill,"ax",%progbits
  60              		.align	1
  61              		.global	_kill
  62              		.syntax unified
  63              		.thumb
  64              		.thumb_func
  66              	_kill:
  67              	.LVL0:
  68              	.LFB27:
  81:Core/Src/syscalls.c **** 
  82:Core/Src/syscalls.c **** int _kill(int pid, int sig)
  83:Core/Src/syscalls.c **** {
  69              		.loc 1 83 1 is_stmt 1 view -0
  70              		.cfi_startproc
  71              		@ args = 0, pretend = 0, frame = 0
  72              		@ frame_needed = 0, uses_anonymous_args = 0
  73              		.loc 1 83 1 is_stmt 0 view .LVU6
  74 0000 08B5     		push	{r3, lr}
  75              		.cfi_def_cfa_offset 8
  76              		.cfi_offset 3, -8
  77              		.cfi_offset 14, -4
  84:Core/Src/syscalls.c **** 	errno = EINVAL;
  78              		.loc 1 84 2 is_stmt 1 view .LVU7
  79 0002 FFF7FEFF 		bl	__errno
  80              	.LVL1:
  81              		.loc 1 84 8 is_stmt 0 view .LVU8
  82 0006 1623     		movs	r3, #22
  83 0008 0360     		str	r3, [r0]
  85:Core/Src/syscalls.c **** 	return -1;
  84              		.loc 1 85 2 is_stmt 1 view .LVU9
  86:Core/Src/syscalls.c **** }
  85              		.loc 1 86 1 is_stmt 0 view .LVU10
  86 000a 4FF0FF30 		mov	r0, #-1
  87 000e 08BD     		pop	{r3, pc}
  88              		.cfi_endproc
  89              	.LFE27:
  91              		.section	.text._exit,"ax",%progbits
ARM GAS  C:\Users\MSI_NB\AppData\Local\Temp\ccgbogXn.s 			page 4


  92              		.align	1
  93              		.global	_exit
  94              		.syntax unified
  95              		.thumb
  96              		.thumb_func
  98              	_exit:
  99              	.LVL2:
 100              	.LFB28:
  87:Core/Src/syscalls.c **** 
  88:Core/Src/syscalls.c **** void _exit (int status)
  89:Core/Src/syscalls.c **** {
 101              		.loc 1 89 1 is_stmt 1 view -0
 102              		.cfi_startproc
 103              		@ Volatile: function does not return.
 104              		@ args = 0, pretend = 0, frame = 0
 105              		@ frame_needed = 0, uses_anonymous_args = 0
 106              		.loc 1 89 1 is_stmt 0 view .LVU12
 107 0000 08B5     		push	{r3, lr}
 108              		.cfi_def_cfa_offset 8
 109              		.cfi_offset 3, -8
 110              		.cfi_offset 14, -4
  90:Core/Src/syscalls.c **** 	_kill(status, -1);
 111              		.loc 1 90 2 is_stmt 1 view .LVU13
 112 0002 4FF0FF31 		mov	r1, #-1
 113 0006 FFF7FEFF 		bl	_kill
 114              	.LVL3:
 115              	.L6:
  91:Core/Src/syscalls.c **** 	while (1) {}		/* Make sure we hang here */
 116              		.loc 1 91 2 discriminator 1 view .LVU14
 117              		.loc 1 91 13 discriminator 1 view .LVU15
 118              		.loc 1 91 8 discriminator 1 view .LVU16
 119 000a FEE7     		b	.L6
 120              		.cfi_endproc
 121              	.LFE28:
 123              		.section	.text._read,"ax",%progbits
 124              		.align	1
 125              		.weak	_read
 126              		.syntax unified
 127              		.thumb
 128              		.thumb_func
 130              	_read:
 131              	.LVL4:
 132              	.LFB29:
  92:Core/Src/syscalls.c **** }
  93:Core/Src/syscalls.c **** 
  94:Core/Src/syscalls.c **** __attribute__((weak)) int _read(int file, char *ptr, int len)
  95:Core/Src/syscalls.c **** {
 133              		.loc 1 95 1 view -0
 134              		.cfi_startproc
 135              		@ args = 0, pretend = 0, frame = 0
 136              		@ frame_needed = 0, uses_anonymous_args = 0
 137              		.loc 1 95 1 is_stmt 0 view .LVU18
 138 0000 70B5     		push	{r4, r5, r6, lr}
 139              		.cfi_def_cfa_offset 16
 140              		.cfi_offset 4, -16
 141              		.cfi_offset 5, -12
 142              		.cfi_offset 6, -8
ARM GAS  C:\Users\MSI_NB\AppData\Local\Temp\ccgbogXn.s 			page 5


 143              		.cfi_offset 14, -4
 144 0002 0C46     		mov	r4, r1
 145 0004 1646     		mov	r6, r2
  96:Core/Src/syscalls.c **** 	int DataIdx;
 146              		.loc 1 96 2 is_stmt 1 view .LVU19
  97:Core/Src/syscalls.c **** 
  98:Core/Src/syscalls.c **** 	for (DataIdx = 0; DataIdx < len; DataIdx++)
 147              		.loc 1 98 2 view .LVU20
 148              	.LVL5:
 149              		.loc 1 98 15 is_stmt 0 view .LVU21
 150 0006 0025     		movs	r5, #0
 151              		.loc 1 98 2 view .LVU22
 152 0008 06E0     		b	.L9
 153              	.LVL6:
 154              	.L10:
  99:Core/Src/syscalls.c **** 	{
 100:Core/Src/syscalls.c **** 		*ptr++ = __io_getchar();
 155              		.loc 1 100 3 is_stmt 1 discriminator 3 view .LVU23
 156              		.loc 1 100 12 is_stmt 0 discriminator 3 view .LVU24
 157 000a FFF7FEFF 		bl	__io_getchar
 158              	.LVL7:
 159              		.loc 1 100 7 discriminator 3 view .LVU25
 160 000e 2146     		mov	r1, r4
 161              	.LVL8:
 162              		.loc 1 100 10 discriminator 3 view .LVU26
 163 0010 01F8010B 		strb	r0, [r1], #1
 164              	.LVL9:
  98:Core/Src/syscalls.c **** 	{
 165              		.loc 1 98 35 is_stmt 1 discriminator 3 view .LVU27
  98:Core/Src/syscalls.c **** 	{
 166              		.loc 1 98 42 is_stmt 0 discriminator 3 view .LVU28
 167 0014 0135     		adds	r5, r5, #1
 168              	.LVL10:
 169              		.loc 1 100 7 discriminator 3 view .LVU29
 170 0016 0C46     		mov	r4, r1
 171              	.LVL11:
 172              	.L9:
  98:Core/Src/syscalls.c **** 	{
 173              		.loc 1 98 20 is_stmt 1 discriminator 1 view .LVU30
  98:Core/Src/syscalls.c **** 	{
 174              		.loc 1 98 2 is_stmt 0 discriminator 1 view .LVU31
 175 0018 B542     		cmp	r5, r6
 176 001a F6DB     		blt	.L10
 101:Core/Src/syscalls.c **** 	}
 102:Core/Src/syscalls.c **** 
 103:Core/Src/syscalls.c **** return len;
 177              		.loc 1 103 1 is_stmt 1 view .LVU32
 104:Core/Src/syscalls.c **** }
 178              		.loc 1 104 1 is_stmt 0 view .LVU33
 179 001c 3046     		mov	r0, r6
 180 001e 70BD     		pop	{r4, r5, r6, pc}
 181              		.loc 1 104 1 view .LVU34
 182              		.cfi_endproc
 183              	.LFE29:
 185              		.section	.text._write,"ax",%progbits
 186              		.align	1
 187              		.weak	_write
ARM GAS  C:\Users\MSI_NB\AppData\Local\Temp\ccgbogXn.s 			page 6


 188              		.syntax unified
 189              		.thumb
 190              		.thumb_func
 192              	_write:
 193              	.LVL12:
 194              	.LFB30:
 105:Core/Src/syscalls.c **** 
 106:Core/Src/syscalls.c **** __attribute__((weak)) int _write(int file, char *ptr, int len)
 107:Core/Src/syscalls.c **** {
 195              		.loc 1 107 1 is_stmt 1 view -0
 196              		.cfi_startproc
 197              		@ args = 0, pretend = 0, frame = 0
 198              		@ frame_needed = 0, uses_anonymous_args = 0
 199              		.loc 1 107 1 is_stmt 0 view .LVU36
 200 0000 70B5     		push	{r4, r5, r6, lr}
 201              		.cfi_def_cfa_offset 16
 202              		.cfi_offset 4, -16
 203              		.cfi_offset 5, -12
 204              		.cfi_offset 6, -8
 205              		.cfi_offset 14, -4
 206 0002 0C46     		mov	r4, r1
 207 0004 1646     		mov	r6, r2
 108:Core/Src/syscalls.c **** 	int DataIdx;
 208              		.loc 1 108 2 is_stmt 1 view .LVU37
 109:Core/Src/syscalls.c **** 
 110:Core/Src/syscalls.c **** 	for (DataIdx = 0; DataIdx < len; DataIdx++)
 209              		.loc 1 110 2 view .LVU38
 210              	.LVL13:
 211              		.loc 1 110 15 is_stmt 0 view .LVU39
 212 0006 0025     		movs	r5, #0
 213              		.loc 1 110 2 view .LVU40
 214 0008 04E0     		b	.L13
 215              	.LVL14:
 216              	.L14:
 111:Core/Src/syscalls.c **** 	{
 112:Core/Src/syscalls.c **** 		__io_putchar(*ptr++);
 217              		.loc 1 112 3 is_stmt 1 discriminator 3 view .LVU41
 218              		.loc 1 112 3 is_stmt 0 discriminator 3 view .LVU42
 219 000a 14F8010B 		ldrb	r0, [r4], #1	@ zero_extendqisi2
 220              	.LVL15:
 221              		.loc 1 112 3 discriminator 3 view .LVU43
 222 000e FFF7FEFF 		bl	__io_putchar
 223              	.LVL16:
 110:Core/Src/syscalls.c **** 	{
 224              		.loc 1 110 35 is_stmt 1 discriminator 3 view .LVU44
 110:Core/Src/syscalls.c **** 	{
 225              		.loc 1 110 42 is_stmt 0 discriminator 3 view .LVU45
 226 0012 0135     		adds	r5, r5, #1
 227              	.LVL17:
 228              	.L13:
 110:Core/Src/syscalls.c **** 	{
 229              		.loc 1 110 20 is_stmt 1 discriminator 1 view .LVU46
 110:Core/Src/syscalls.c **** 	{
 230              		.loc 1 110 2 is_stmt 0 discriminator 1 view .LVU47
 231 0014 B542     		cmp	r5, r6
 232 0016 F8DB     		blt	.L14
 113:Core/Src/syscalls.c **** 	}
ARM GAS  C:\Users\MSI_NB\AppData\Local\Temp\ccgbogXn.s 			page 7


 114:Core/Src/syscalls.c **** 	return len;
 233              		.loc 1 114 2 is_stmt 1 view .LVU48
 115:Core/Src/syscalls.c **** }
 234              		.loc 1 115 1 is_stmt 0 view .LVU49
 235 0018 3046     		mov	r0, r6
 236 001a 70BD     		pop	{r4, r5, r6, pc}
 237              		.loc 1 115 1 view .LVU50
 238              		.cfi_endproc
 239              	.LFE30:
 241              		.section	.text._sbrk,"ax",%progbits
 242              		.align	1
 243              		.global	_sbrk
 244              		.syntax unified
 245              		.thumb
 246              		.thumb_func
 248              	_sbrk:
 249              	.LVL18:
 250              	.LFB31:
 116:Core/Src/syscalls.c **** 
 117:Core/Src/syscalls.c **** caddr_t _sbrk(int incr)
 118:Core/Src/syscalls.c **** {
 251              		.loc 1 118 1 is_stmt 1 view -0
 252              		.cfi_startproc
 253              		@ args = 0, pretend = 0, frame = 0
 254              		@ frame_needed = 0, uses_anonymous_args = 0
 255              		.loc 1 118 1 is_stmt 0 view .LVU52
 256 0000 08B5     		push	{r3, lr}
 257              		.cfi_def_cfa_offset 8
 258              		.cfi_offset 3, -8
 259              		.cfi_offset 14, -4
 260 0002 0346     		mov	r3, r0
 119:Core/Src/syscalls.c **** 	extern char end asm("end");
 261              		.loc 1 119 2 is_stmt 1 view .LVU53
 120:Core/Src/syscalls.c **** 	static char *heap_end;
 262              		.loc 1 120 2 view .LVU54
 121:Core/Src/syscalls.c **** 	char *prev_heap_end;
 263              		.loc 1 121 2 view .LVU55
 122:Core/Src/syscalls.c **** 
 123:Core/Src/syscalls.c **** 	if (heap_end == 0)
 264              		.loc 1 123 2 view .LVU56
 265              		.loc 1 123 15 is_stmt 0 view .LVU57
 266 0004 0B4A     		ldr	r2, .L23
 267 0006 1268     		ldr	r2, [r2]
 268              		.loc 1 123 5 view .LVU58
 269 0008 42B1     		cbz	r2, .L21
 270              	.L17:
 124:Core/Src/syscalls.c **** 		heap_end = &end;
 125:Core/Src/syscalls.c **** 
 126:Core/Src/syscalls.c **** 	prev_heap_end = heap_end;
 271              		.loc 1 126 2 is_stmt 1 view .LVU59
 272              		.loc 1 126 16 is_stmt 0 view .LVU60
 273 000a 0A4A     		ldr	r2, .L23
 274 000c 1068     		ldr	r0, [r2]
 275              	.LVL19:
 127:Core/Src/syscalls.c **** 	if (heap_end + incr > stack_ptr)
 276              		.loc 1 127 2 is_stmt 1 view .LVU61
 277              		.loc 1 127 15 is_stmt 0 view .LVU62
ARM GAS  C:\Users\MSI_NB\AppData\Local\Temp\ccgbogXn.s 			page 8


 278 000e 0344     		add	r3, r3, r0
 279              	.LVL20:
 280              		.loc 1 127 5 view .LVU63
 281 0010 6A46     		mov	r2, sp
 282 0012 9342     		cmp	r3, r2
 283 0014 06D8     		bhi	.L22
 128:Core/Src/syscalls.c **** 	{
 129:Core/Src/syscalls.c **** //		write(1, "Heap and stack collision\n", 25);
 130:Core/Src/syscalls.c **** //		abort();
 131:Core/Src/syscalls.c **** 		errno = ENOMEM;
 132:Core/Src/syscalls.c **** 		return (caddr_t) -1;
 133:Core/Src/syscalls.c **** 	}
 134:Core/Src/syscalls.c **** 
 135:Core/Src/syscalls.c **** 	heap_end += incr;
 284              		.loc 1 135 2 is_stmt 1 view .LVU64
 285              		.loc 1 135 11 is_stmt 0 view .LVU65
 286 0016 074A     		ldr	r2, .L23
 287 0018 1360     		str	r3, [r2]
 136:Core/Src/syscalls.c **** 
 137:Core/Src/syscalls.c **** 	return (caddr_t) prev_heap_end;
 288              		.loc 1 137 2 is_stmt 1 view .LVU66
 289              	.LVL21:
 290              	.L16:
 138:Core/Src/syscalls.c **** }
 291              		.loc 1 138 1 is_stmt 0 view .LVU67
 292 001a 08BD     		pop	{r3, pc}
 293              	.LVL22:
 294              	.L21:
 124:Core/Src/syscalls.c **** 
 295              		.loc 1 124 3 is_stmt 1 view .LVU68
 124:Core/Src/syscalls.c **** 
 296              		.loc 1 124 12 is_stmt 0 view .LVU69
 297 001c 054A     		ldr	r2, .L23
 298 001e 0649     		ldr	r1, .L23+4
 299 0020 1160     		str	r1, [r2]
 300 0022 F2E7     		b	.L17
 301              	.LVL23:
 302              	.L22:
 131:Core/Src/syscalls.c **** 		return (caddr_t) -1;
 303              		.loc 1 131 3 is_stmt 1 view .LVU70
 304 0024 FFF7FEFF 		bl	__errno
 305              	.LVL24:
 131:Core/Src/syscalls.c **** 		return (caddr_t) -1;
 306              		.loc 1 131 9 is_stmt 0 view .LVU71
 307 0028 0C23     		movs	r3, #12
 308 002a 0360     		str	r3, [r0]
 132:Core/Src/syscalls.c **** 	}
 309              		.loc 1 132 3 is_stmt 1 view .LVU72
 132:Core/Src/syscalls.c **** 	}
 310              		.loc 1 132 10 is_stmt 0 view .LVU73
 311 002c 4FF0FF30 		mov	r0, #-1
 312 0030 F3E7     		b	.L16
 313              	.L24:
 314 0032 00BF     		.align	2
 315              	.L23:
 316 0034 00000000 		.word	.LANCHOR0
 317 0038 00000000 		.word	end
ARM GAS  C:\Users\MSI_NB\AppData\Local\Temp\ccgbogXn.s 			page 9


 318              		.cfi_endproc
 319              	.LFE31:
 321              		.section	.text._close,"ax",%progbits
 322              		.align	1
 323              		.global	_close
 324              		.syntax unified
 325              		.thumb
 326              		.thumb_func
 328              	_close:
 329              	.LVL25:
 330              	.LFB32:
 139:Core/Src/syscalls.c **** 
 140:Core/Src/syscalls.c **** int _close(int file)
 141:Core/Src/syscalls.c **** {
 331              		.loc 1 141 1 is_stmt 1 view -0
 332              		.cfi_startproc
 333              		@ args = 0, pretend = 0, frame = 0
 334              		@ frame_needed = 0, uses_anonymous_args = 0
 335              		@ link register save eliminated.
 142:Core/Src/syscalls.c **** 	return -1;
 336              		.loc 1 142 2 view .LVU75
 143:Core/Src/syscalls.c **** }
 337              		.loc 1 143 1 is_stmt 0 view .LVU76
 338 0000 4FF0FF30 		mov	r0, #-1
 339              	.LVL26:
 340              		.loc 1 143 1 view .LVU77
 341 0004 7047     		bx	lr
 342              		.cfi_endproc
 343              	.LFE32:
 345              		.section	.text._fstat,"ax",%progbits
 346              		.align	1
 347              		.global	_fstat
 348              		.syntax unified
 349              		.thumb
 350              		.thumb_func
 352              	_fstat:
 353              	.LVL27:
 354              	.LFB33:
 144:Core/Src/syscalls.c **** 
 145:Core/Src/syscalls.c **** 
 146:Core/Src/syscalls.c **** int _fstat(int file, struct stat *st)
 147:Core/Src/syscalls.c **** {
 355              		.loc 1 147 1 is_stmt 1 view -0
 356              		.cfi_startproc
 357              		@ args = 0, pretend = 0, frame = 0
 358              		@ frame_needed = 0, uses_anonymous_args = 0
 359              		@ link register save eliminated.
 148:Core/Src/syscalls.c **** 	st->st_mode = S_IFCHR;
 360              		.loc 1 148 2 view .LVU79
 361              		.loc 1 148 14 is_stmt 0 view .LVU80
 362 0000 4FF40053 		mov	r3, #8192
 363 0004 4B60     		str	r3, [r1, #4]
 149:Core/Src/syscalls.c **** 	return 0;
 364              		.loc 1 149 2 is_stmt 1 view .LVU81
 150:Core/Src/syscalls.c **** }
 365              		.loc 1 150 1 is_stmt 0 view .LVU82
 366 0006 0020     		movs	r0, #0
ARM GAS  C:\Users\MSI_NB\AppData\Local\Temp\ccgbogXn.s 			page 10


 367              	.LVL28:
 368              		.loc 1 150 1 view .LVU83
 369 0008 7047     		bx	lr
 370              		.cfi_endproc
 371              	.LFE33:
 373              		.section	.text._isatty,"ax",%progbits
 374              		.align	1
 375              		.global	_isatty
 376              		.syntax unified
 377              		.thumb
 378              		.thumb_func
 380              	_isatty:
 381              	.LVL29:
 382              	.LFB34:
 151:Core/Src/syscalls.c **** 
 152:Core/Src/syscalls.c **** int _isatty(int file)
 153:Core/Src/syscalls.c **** {
 383              		.loc 1 153 1 is_stmt 1 view -0
 384              		.cfi_startproc
 385              		@ args = 0, pretend = 0, frame = 0
 386              		@ frame_needed = 0, uses_anonymous_args = 0
 387              		@ link register save eliminated.
 154:Core/Src/syscalls.c **** 	return 1;
 388              		.loc 1 154 2 view .LVU85
 155:Core/Src/syscalls.c **** }
 389              		.loc 1 155 1 is_stmt 0 view .LVU86
 390 0000 0120     		movs	r0, #1
 391              	.LVL30:
 392              		.loc 1 155 1 view .LVU87
 393 0002 7047     		bx	lr
 394              		.cfi_endproc
 395              	.LFE34:
 397              		.section	.text._lseek,"ax",%progbits
 398              		.align	1
 399              		.global	_lseek
 400              		.syntax unified
 401              		.thumb
 402              		.thumb_func
 404              	_lseek:
 405              	.LVL31:
 406              	.LFB35:
 156:Core/Src/syscalls.c **** 
 157:Core/Src/syscalls.c **** int _lseek(int file, int ptr, int dir)
 158:Core/Src/syscalls.c **** {
 407              		.loc 1 158 1 is_stmt 1 view -0
 408              		.cfi_startproc
 409              		@ args = 0, pretend = 0, frame = 0
 410              		@ frame_needed = 0, uses_anonymous_args = 0
 411              		@ link register save eliminated.
 159:Core/Src/syscalls.c **** 	return 0;
 412              		.loc 1 159 2 view .LVU89
 160:Core/Src/syscalls.c **** }
 413              		.loc 1 160 1 is_stmt 0 view .LVU90
 414 0000 0020     		movs	r0, #0
 415              	.LVL32:
 416              		.loc 1 160 1 view .LVU91
 417 0002 7047     		bx	lr
ARM GAS  C:\Users\MSI_NB\AppData\Local\Temp\ccgbogXn.s 			page 11


 418              		.cfi_endproc
 419              	.LFE35:
 421              		.section	.text._open,"ax",%progbits
 422              		.align	1
 423              		.global	_open
 424              		.syntax unified
 425              		.thumb
 426              		.thumb_func
 428              	_open:
 429              	.LVL33:
 430              	.LFB36:
 161:Core/Src/syscalls.c **** 
 162:Core/Src/syscalls.c **** int _open(char *path, int flags, ...)
 163:Core/Src/syscalls.c **** {
 431              		.loc 1 163 1 is_stmt 1 view -0
 432              		.cfi_startproc
 433              		@ args = 4, pretend = 12, frame = 0
 434              		@ frame_needed = 0, uses_anonymous_args = 1
 435              		@ link register save eliminated.
 436              		.loc 1 163 1 is_stmt 0 view .LVU93
 437 0000 0EB4     		push	{r1, r2, r3}
 438              		.cfi_def_cfa_offset 12
 439              		.cfi_offset 1, -12
 440              		.cfi_offset 2, -8
 441              		.cfi_offset 3, -4
 164:Core/Src/syscalls.c **** 	/* Pretend like we always fail */
 165:Core/Src/syscalls.c **** 	return -1;
 442              		.loc 1 165 2 is_stmt 1 view .LVU94
 166:Core/Src/syscalls.c **** }
 443              		.loc 1 166 1 is_stmt 0 view .LVU95
 444 0002 4FF0FF30 		mov	r0, #-1
 445              	.LVL34:
 446              		.loc 1 166 1 view .LVU96
 447 0006 03B0     		add	sp, sp, #12
 448              		.cfi_restore 3
 449              		.cfi_restore 2
 450              		.cfi_restore 1
 451              		.cfi_def_cfa_offset 0
 452 0008 7047     		bx	lr
 453              		.cfi_endproc
 454              	.LFE36:
 456              		.section	.text._wait,"ax",%progbits
 457              		.align	1
 458              		.global	_wait
 459              		.syntax unified
 460              		.thumb
 461              		.thumb_func
 463              	_wait:
 464              	.LVL35:
 465              	.LFB37:
 167:Core/Src/syscalls.c **** 
 168:Core/Src/syscalls.c **** int _wait(int *status)
 169:Core/Src/syscalls.c **** {
 466              		.loc 1 169 1 is_stmt 1 view -0
 467              		.cfi_startproc
 468              		@ args = 0, pretend = 0, frame = 0
 469              		@ frame_needed = 0, uses_anonymous_args = 0
ARM GAS  C:\Users\MSI_NB\AppData\Local\Temp\ccgbogXn.s 			page 12


 470              		.loc 1 169 1 is_stmt 0 view .LVU98
 471 0000 08B5     		push	{r3, lr}
 472              		.cfi_def_cfa_offset 8
 473              		.cfi_offset 3, -8
 474              		.cfi_offset 14, -4
 170:Core/Src/syscalls.c **** 	errno = ECHILD;
 475              		.loc 1 170 2 is_stmt 1 view .LVU99
 476 0002 FFF7FEFF 		bl	__errno
 477              	.LVL36:
 478              		.loc 1 170 8 is_stmt 0 view .LVU100
 479 0006 0A23     		movs	r3, #10
 480 0008 0360     		str	r3, [r0]
 171:Core/Src/syscalls.c **** 	return -1;
 481              		.loc 1 171 2 is_stmt 1 view .LVU101
 172:Core/Src/syscalls.c **** }
 482              		.loc 1 172 1 is_stmt 0 view .LVU102
 483 000a 4FF0FF30 		mov	r0, #-1
 484 000e 08BD     		pop	{r3, pc}
 485              		.cfi_endproc
 486              	.LFE37:
 488              		.section	.text._unlink,"ax",%progbits
 489              		.align	1
 490              		.global	_unlink
 491              		.syntax unified
 492              		.thumb
 493              		.thumb_func
 495              	_unlink:
 496              	.LVL37:
 497              	.LFB38:
 173:Core/Src/syscalls.c **** 
 174:Core/Src/syscalls.c **** int _unlink(char *name)
 175:Core/Src/syscalls.c **** {
 498              		.loc 1 175 1 is_stmt 1 view -0
 499              		.cfi_startproc
 500              		@ args = 0, pretend = 0, frame = 0
 501              		@ frame_needed = 0, uses_anonymous_args = 0
 502              		.loc 1 175 1 is_stmt 0 view .LVU104
 503 0000 08B5     		push	{r3, lr}
 504              		.cfi_def_cfa_offset 8
 505              		.cfi_offset 3, -8
 506              		.cfi_offset 14, -4
 176:Core/Src/syscalls.c **** 	errno = ENOENT;
 507              		.loc 1 176 2 is_stmt 1 view .LVU105
 508 0002 FFF7FEFF 		bl	__errno
 509              	.LVL38:
 510              		.loc 1 176 8 is_stmt 0 view .LVU106
 511 0006 0223     		movs	r3, #2
 512 0008 0360     		str	r3, [r0]
 177:Core/Src/syscalls.c **** 	return -1;
 513              		.loc 1 177 2 is_stmt 1 view .LVU107
 178:Core/Src/syscalls.c **** }
 514              		.loc 1 178 1 is_stmt 0 view .LVU108
 515 000a 4FF0FF30 		mov	r0, #-1
 516 000e 08BD     		pop	{r3, pc}
 517              		.cfi_endproc
 518              	.LFE38:
 520              		.section	.text._times,"ax",%progbits
ARM GAS  C:\Users\MSI_NB\AppData\Local\Temp\ccgbogXn.s 			page 13


 521              		.align	1
 522              		.global	_times
 523              		.syntax unified
 524              		.thumb
 525              		.thumb_func
 527              	_times:
 528              	.LVL39:
 529              	.LFB39:
 179:Core/Src/syscalls.c **** 
 180:Core/Src/syscalls.c **** int _times(struct tms *buf)
 181:Core/Src/syscalls.c **** {
 530              		.loc 1 181 1 is_stmt 1 view -0
 531              		.cfi_startproc
 532              		@ args = 0, pretend = 0, frame = 0
 533              		@ frame_needed = 0, uses_anonymous_args = 0
 534              		@ link register save eliminated.
 182:Core/Src/syscalls.c **** 	return -1;
 535              		.loc 1 182 2 view .LVU110
 183:Core/Src/syscalls.c **** }
 536              		.loc 1 183 1 is_stmt 0 view .LVU111
 537 0000 4FF0FF30 		mov	r0, #-1
 538              	.LVL40:
 539              		.loc 1 183 1 view .LVU112
 540 0004 7047     		bx	lr
 541              		.cfi_endproc
 542              	.LFE39:
 544              		.section	.text._stat,"ax",%progbits
 545              		.align	1
 546              		.global	_stat
 547              		.syntax unified
 548              		.thumb
 549              		.thumb_func
 551              	_stat:
 552              	.LVL41:
 553              	.LFB40:
 184:Core/Src/syscalls.c **** 
 185:Core/Src/syscalls.c **** int _stat(char *file, struct stat *st)
 186:Core/Src/syscalls.c **** {
 554              		.loc 1 186 1 is_stmt 1 view -0
 555              		.cfi_startproc
 556              		@ args = 0, pretend = 0, frame = 0
 557              		@ frame_needed = 0, uses_anonymous_args = 0
 558              		@ link register save eliminated.
 187:Core/Src/syscalls.c **** 	st->st_mode = S_IFCHR;
 559              		.loc 1 187 2 view .LVU114
 560              		.loc 1 187 14 is_stmt 0 view .LVU115
 561 0000 4FF40053 		mov	r3, #8192
 562 0004 4B60     		str	r3, [r1, #4]
 188:Core/Src/syscalls.c **** 	return 0;
 563              		.loc 1 188 2 is_stmt 1 view .LVU116
 189:Core/Src/syscalls.c **** }
 564              		.loc 1 189 1 is_stmt 0 view .LVU117
 565 0006 0020     		movs	r0, #0
 566              	.LVL42:
 567              		.loc 1 189 1 view .LVU118
 568 0008 7047     		bx	lr
 569              		.cfi_endproc
ARM GAS  C:\Users\MSI_NB\AppData\Local\Temp\ccgbogXn.s 			page 14


 570              	.LFE40:
 572              		.section	.text._link,"ax",%progbits
 573              		.align	1
 574              		.global	_link
 575              		.syntax unified
 576              		.thumb
 577              		.thumb_func
 579              	_link:
 580              	.LVL43:
 581              	.LFB41:
 190:Core/Src/syscalls.c **** 
 191:Core/Src/syscalls.c **** int _link(char *old, char *new)
 192:Core/Src/syscalls.c **** {
 582              		.loc 1 192 1 is_stmt 1 view -0
 583              		.cfi_startproc
 584              		@ args = 0, pretend = 0, frame = 0
 585              		@ frame_needed = 0, uses_anonymous_args = 0
 586              		.loc 1 192 1 is_stmt 0 view .LVU120
 587 0000 08B5     		push	{r3, lr}
 588              		.cfi_def_cfa_offset 8
 589              		.cfi_offset 3, -8
 590              		.cfi_offset 14, -4
 193:Core/Src/syscalls.c **** 	errno = EMLINK;
 591              		.loc 1 193 2 is_stmt 1 view .LVU121
 592 0002 FFF7FEFF 		bl	__errno
 593              	.LVL44:
 594              		.loc 1 193 8 is_stmt 0 view .LVU122
 595 0006 1F23     		movs	r3, #31
 596 0008 0360     		str	r3, [r0]
 194:Core/Src/syscalls.c **** 	return -1;
 597              		.loc 1 194 2 is_stmt 1 view .LVU123
 195:Core/Src/syscalls.c **** }
 598              		.loc 1 195 1 is_stmt 0 view .LVU124
 599 000a 4FF0FF30 		mov	r0, #-1
 600 000e 08BD     		pop	{r3, pc}
 601              		.cfi_endproc
 602              	.LFE41:
 604              		.section	.text._fork,"ax",%progbits
 605              		.align	1
 606              		.global	_fork
 607              		.syntax unified
 608              		.thumb
 609              		.thumb_func
 611              	_fork:
 612              	.LFB42:
 196:Core/Src/syscalls.c **** 
 197:Core/Src/syscalls.c **** int _fork(void)
 198:Core/Src/syscalls.c **** {
 613              		.loc 1 198 1 is_stmt 1 view -0
 614              		.cfi_startproc
 615              		@ args = 0, pretend = 0, frame = 0
 616              		@ frame_needed = 0, uses_anonymous_args = 0
 617 0000 08B5     		push	{r3, lr}
 618              		.cfi_def_cfa_offset 8
 619              		.cfi_offset 3, -8
 620              		.cfi_offset 14, -4
 199:Core/Src/syscalls.c **** 	errno = EAGAIN;
ARM GAS  C:\Users\MSI_NB\AppData\Local\Temp\ccgbogXn.s 			page 15


 621              		.loc 1 199 2 view .LVU126
 622 0002 FFF7FEFF 		bl	__errno
 623              	.LVL45:
 624              		.loc 1 199 8 is_stmt 0 view .LVU127
 625 0006 0B23     		movs	r3, #11
 626 0008 0360     		str	r3, [r0]
 200:Core/Src/syscalls.c **** 	return -1;
 627              		.loc 1 200 2 is_stmt 1 view .LVU128
 201:Core/Src/syscalls.c **** }
 628              		.loc 1 201 1 is_stmt 0 view .LVU129
 629 000a 4FF0FF30 		mov	r0, #-1
 630 000e 08BD     		pop	{r3, pc}
 631              		.cfi_endproc
 632              	.LFE42:
 634              		.section	.text._execve,"ax",%progbits
 635              		.align	1
 636              		.global	_execve
 637              		.syntax unified
 638              		.thumb
 639              		.thumb_func
 641              	_execve:
 642              	.LVL46:
 643              	.LFB43:
 202:Core/Src/syscalls.c **** 
 203:Core/Src/syscalls.c **** int _execve(char *name, char **argv, char **env)
 204:Core/Src/syscalls.c **** {
 644              		.loc 1 204 1 is_stmt 1 view -0
 645              		.cfi_startproc
 646              		@ args = 0, pretend = 0, frame = 0
 647              		@ frame_needed = 0, uses_anonymous_args = 0
 648              		.loc 1 204 1 is_stmt 0 view .LVU131
 649 0000 08B5     		push	{r3, lr}
 650              		.cfi_def_cfa_offset 8
 651              		.cfi_offset 3, -8
 652              		.cfi_offset 14, -4
 205:Core/Src/syscalls.c **** 	errno = ENOMEM;
 653              		.loc 1 205 2 is_stmt 1 view .LVU132
 654 0002 FFF7FEFF 		bl	__errno
 655              	.LVL47:
 656              		.loc 1 205 8 is_stmt 0 view .LVU133
 657 0006 0C23     		movs	r3, #12
 658 0008 0360     		str	r3, [r0]
 206:Core/Src/syscalls.c **** 	return -1;
 659              		.loc 1 206 2 is_stmt 1 view .LVU134
 207:Core/Src/syscalls.c **** }
 660              		.loc 1 207 1 is_stmt 0 view .LVU135
 661 000a 4FF0FF30 		mov	r0, #-1
 662 000e 08BD     		pop	{r3, pc}
 663              		.cfi_endproc
 664              	.LFE43:
 666              		.global	environ
 667              		.global	__env
 668              		.section	.bss.__env,"aw",%nobits
 669              		.align	2
 672              	__env:
 673 0000 00000000 		.space	4
 674              		.section	.bss.heap_end.0,"aw",%nobits
ARM GAS  C:\Users\MSI_NB\AppData\Local\Temp\ccgbogXn.s 			page 16


 675              		.align	2
 676              		.set	.LANCHOR0,. + 0
 679              	heap_end.0:
 680 0000 00000000 		.space	4
 681              		.section	.data.environ,"aw"
 682              		.align	2
 685              	environ:
 686 0000 00000000 		.word	__env
 687              		.weak	__io_putchar
 688              		.weak	__io_getchar
 689              		.text
 690              	.Letext0:
 691              		.file 2 "d:\\tool\\gcc-arm-none-eabi\\arm-none-eabi\\include\\machine\\_default_types.h"
 692              		.file 3 "d:\\tool\\gcc-arm-none-eabi\\arm-none-eabi\\include\\sys\\_types.h"
 693              		.file 4 "d:\\tool\\gcc-arm-none-eabi\\arm-none-eabi\\include\\sys\\_timeval.h"
 694              		.file 5 "d:\\tool\\gcc-arm-none-eabi\\arm-none-eabi\\include\\sys\\_timespec.h"
 695              		.file 6 "d:\\tool\\gcc-arm-none-eabi\\arm-none-eabi\\include\\sys\\types.h"
 696              		.file 7 "d:\\tool\\gcc-arm-none-eabi\\arm-none-eabi\\include\\sys\\stat.h"
 697              		.file 8 "d:\\tool\\gcc-arm-none-eabi\\arm-none-eabi\\include\\sys\\times.h"
 698              		.file 9 "d:\\tool\\gcc-arm-none-eabi\\arm-none-eabi\\include\\sys\\errno.h"
ARM GAS  C:\Users\MSI_NB\AppData\Local\Temp\ccgbogXn.s 			page 17


DEFINED SYMBOLS
                            *ABS*:00000000 syscalls.c
C:\Users\MSI_NB\AppData\Local\Temp\ccgbogXn.s:19     .text.initialise_monitor_handles:00000000 $t
C:\Users\MSI_NB\AppData\Local\Temp\ccgbogXn.s:25     .text.initialise_monitor_handles:00000000 initialise_monitor_handles
C:\Users\MSI_NB\AppData\Local\Temp\ccgbogXn.s:39     .text._getpid:00000000 $t
C:\Users\MSI_NB\AppData\Local\Temp\ccgbogXn.s:45     .text._getpid:00000000 _getpid
C:\Users\MSI_NB\AppData\Local\Temp\ccgbogXn.s:60     .text._kill:00000000 $t
C:\Users\MSI_NB\AppData\Local\Temp\ccgbogXn.s:66     .text._kill:00000000 _kill
C:\Users\MSI_NB\AppData\Local\Temp\ccgbogXn.s:92     .text._exit:00000000 $t
C:\Users\MSI_NB\AppData\Local\Temp\ccgbogXn.s:98     .text._exit:00000000 _exit
C:\Users\MSI_NB\AppData\Local\Temp\ccgbogXn.s:124    .text._read:00000000 $t
C:\Users\MSI_NB\AppData\Local\Temp\ccgbogXn.s:130    .text._read:00000000 _read
C:\Users\MSI_NB\AppData\Local\Temp\ccgbogXn.s:186    .text._write:00000000 $t
C:\Users\MSI_NB\AppData\Local\Temp\ccgbogXn.s:192    .text._write:00000000 _write
C:\Users\MSI_NB\AppData\Local\Temp\ccgbogXn.s:242    .text._sbrk:00000000 $t
C:\Users\MSI_NB\AppData\Local\Temp\ccgbogXn.s:248    .text._sbrk:00000000 _sbrk
C:\Users\MSI_NB\AppData\Local\Temp\ccgbogXn.s:316    .text._sbrk:00000034 $d
C:\Users\MSI_NB\AppData\Local\Temp\ccgbogXn.s:322    .text._close:00000000 $t
C:\Users\MSI_NB\AppData\Local\Temp\ccgbogXn.s:328    .text._close:00000000 _close
C:\Users\MSI_NB\AppData\Local\Temp\ccgbogXn.s:346    .text._fstat:00000000 $t
C:\Users\MSI_NB\AppData\Local\Temp\ccgbogXn.s:352    .text._fstat:00000000 _fstat
C:\Users\MSI_NB\AppData\Local\Temp\ccgbogXn.s:374    .text._isatty:00000000 $t
C:\Users\MSI_NB\AppData\Local\Temp\ccgbogXn.s:380    .text._isatty:00000000 _isatty
C:\Users\MSI_NB\AppData\Local\Temp\ccgbogXn.s:398    .text._lseek:00000000 $t
C:\Users\MSI_NB\AppData\Local\Temp\ccgbogXn.s:404    .text._lseek:00000000 _lseek
C:\Users\MSI_NB\AppData\Local\Temp\ccgbogXn.s:422    .text._open:00000000 $t
C:\Users\MSI_NB\AppData\Local\Temp\ccgbogXn.s:428    .text._open:00000000 _open
C:\Users\MSI_NB\AppData\Local\Temp\ccgbogXn.s:457    .text._wait:00000000 $t
C:\Users\MSI_NB\AppData\Local\Temp\ccgbogXn.s:463    .text._wait:00000000 _wait
C:\Users\MSI_NB\AppData\Local\Temp\ccgbogXn.s:489    .text._unlink:00000000 $t
C:\Users\MSI_NB\AppData\Local\Temp\ccgbogXn.s:495    .text._unlink:00000000 _unlink
C:\Users\MSI_NB\AppData\Local\Temp\ccgbogXn.s:521    .text._times:00000000 $t
C:\Users\MSI_NB\AppData\Local\Temp\ccgbogXn.s:527    .text._times:00000000 _times
C:\Users\MSI_NB\AppData\Local\Temp\ccgbogXn.s:545    .text._stat:00000000 $t
C:\Users\MSI_NB\AppData\Local\Temp\ccgbogXn.s:551    .text._stat:00000000 _stat
C:\Users\MSI_NB\AppData\Local\Temp\ccgbogXn.s:573    .text._link:00000000 $t
C:\Users\MSI_NB\AppData\Local\Temp\ccgbogXn.s:579    .text._link:00000000 _link
C:\Users\MSI_NB\AppData\Local\Temp\ccgbogXn.s:605    .text._fork:00000000 $t
C:\Users\MSI_NB\AppData\Local\Temp\ccgbogXn.s:611    .text._fork:00000000 _fork
C:\Users\MSI_NB\AppData\Local\Temp\ccgbogXn.s:635    .text._execve:00000000 $t
C:\Users\MSI_NB\AppData\Local\Temp\ccgbogXn.s:641    .text._execve:00000000 _execve
C:\Users\MSI_NB\AppData\Local\Temp\ccgbogXn.s:685    .data.environ:00000000 environ
C:\Users\MSI_NB\AppData\Local\Temp\ccgbogXn.s:672    .bss.__env:00000000 __env
C:\Users\MSI_NB\AppData\Local\Temp\ccgbogXn.s:669    .bss.__env:00000000 $d
C:\Users\MSI_NB\AppData\Local\Temp\ccgbogXn.s:675    .bss.heap_end.0:00000000 $d
C:\Users\MSI_NB\AppData\Local\Temp\ccgbogXn.s:679    .bss.heap_end.0:00000000 heap_end.0
C:\Users\MSI_NB\AppData\Local\Temp\ccgbogXn.s:682    .data.environ:00000000 $d

UNDEFINED SYMBOLS
__errno
__io_getchar
__io_putchar
end
