ARM GAS  C:\Users\MSI_NB\AppData\Local\Temp\ccMXSQng.s 			page 1


   1              		.cpu cortex-m7
   2              		.arch armv7e-m
   3              		.fpu fpv5-d16
   4              		.eabi_attribute 28, 1
   5              		.eabi_attribute 20, 1
   6              		.eabi_attribute 21, 1
   7              		.eabi_attribute 23, 3
   8              		.eabi_attribute 24, 1
   9              		.eabi_attribute 25, 1
  10              		.eabi_attribute 26, 1
  11              		.eabi_attribute 30, 1
  12              		.eabi_attribute 34, 1
  13              		.eabi_attribute 18, 4
  14              		.file	"usb_device.c"
  15              		.text
  16              	.Ltext0:
  17              		.cfi_sections	.debug_frame
  18              		.section	.text.MX_USB_DEVICE_Init,"ax",%progbits
  19              		.align	1
  20              		.global	MX_USB_DEVICE_Init
  21              		.syntax unified
  22              		.thumb
  23              		.thumb_func
  25              	MX_USB_DEVICE_Init:
  26              	.LFB148:
  27              		.file 1 "USB_DEVICE/App/usb_device.c"
   1:USB_DEVICE/App/usb_device.c **** /* USER CODE BEGIN Header */
   2:USB_DEVICE/App/usb_device.c **** /**
   3:USB_DEVICE/App/usb_device.c ****   ******************************************************************************
   4:USB_DEVICE/App/usb_device.c ****   * @file           : usb_device.c
   5:USB_DEVICE/App/usb_device.c ****   * @version        : v1.0_Cube
   6:USB_DEVICE/App/usb_device.c ****   * @brief          : This file implements the USB Device
   7:USB_DEVICE/App/usb_device.c ****   ******************************************************************************
   8:USB_DEVICE/App/usb_device.c ****   * @attention
   9:USB_DEVICE/App/usb_device.c ****   *
  10:USB_DEVICE/App/usb_device.c ****   * <h2><center>&copy; Copyright (c) 2022 STMicroelectronics.
  11:USB_DEVICE/App/usb_device.c ****   * All rights reserved.</center></h2>
  12:USB_DEVICE/App/usb_device.c ****   *
  13:USB_DEVICE/App/usb_device.c ****   * This software component is licensed by ST under Ultimate Liberty license
  14:USB_DEVICE/App/usb_device.c ****   * SLA0044, the "License"; You may not use this file except in compliance with
  15:USB_DEVICE/App/usb_device.c ****   * the License. You may obtain a copy of the License at:
  16:USB_DEVICE/App/usb_device.c ****   *                             www.st.com/SLA0044
  17:USB_DEVICE/App/usb_device.c ****   *
  18:USB_DEVICE/App/usb_device.c ****   ******************************************************************************
  19:USB_DEVICE/App/usb_device.c ****   */
  20:USB_DEVICE/App/usb_device.c **** /* USER CODE END Header */
  21:USB_DEVICE/App/usb_device.c **** 
  22:USB_DEVICE/App/usb_device.c **** /* Includes ------------------------------------------------------------------*/
  23:USB_DEVICE/App/usb_device.c **** 
  24:USB_DEVICE/App/usb_device.c **** #include "usb_device.h"
  25:USB_DEVICE/App/usb_device.c **** #include "usbd_core.h"
  26:USB_DEVICE/App/usb_device.c **** #include "usbd_desc.h"
  27:USB_DEVICE/App/usb_device.c **** #include "usbd_customhid.h"
  28:USB_DEVICE/App/usb_device.c **** #include "usbd_custom_hid_if.h"
  29:USB_DEVICE/App/usb_device.c **** 
  30:USB_DEVICE/App/usb_device.c **** /* USER CODE BEGIN Includes */
  31:USB_DEVICE/App/usb_device.c **** 
ARM GAS  C:\Users\MSI_NB\AppData\Local\Temp\ccMXSQng.s 			page 2


  32:USB_DEVICE/App/usb_device.c **** /* USER CODE END Includes */
  33:USB_DEVICE/App/usb_device.c **** 
  34:USB_DEVICE/App/usb_device.c **** /* USER CODE BEGIN PV */
  35:USB_DEVICE/App/usb_device.c **** /* Private variables ---------------------------------------------------------*/
  36:USB_DEVICE/App/usb_device.c **** 
  37:USB_DEVICE/App/usb_device.c **** /* USER CODE END PV */
  38:USB_DEVICE/App/usb_device.c **** 
  39:USB_DEVICE/App/usb_device.c **** /* USER CODE BEGIN PFP */
  40:USB_DEVICE/App/usb_device.c **** /* Private function prototypes -----------------------------------------------*/
  41:USB_DEVICE/App/usb_device.c **** 
  42:USB_DEVICE/App/usb_device.c **** /* USER CODE END PFP */
  43:USB_DEVICE/App/usb_device.c **** 
  44:USB_DEVICE/App/usb_device.c **** /* USB Device Core handle declaration. */
  45:USB_DEVICE/App/usb_device.c **** USBD_HandleTypeDef hUsbDeviceHS;
  46:USB_DEVICE/App/usb_device.c **** 
  47:USB_DEVICE/App/usb_device.c **** /*
  48:USB_DEVICE/App/usb_device.c ****  * -- Insert your variables declaration here --
  49:USB_DEVICE/App/usb_device.c ****  */
  50:USB_DEVICE/App/usb_device.c **** /* USER CODE BEGIN 0 */
  51:USB_DEVICE/App/usb_device.c **** 
  52:USB_DEVICE/App/usb_device.c **** /* USER CODE END 0 */
  53:USB_DEVICE/App/usb_device.c **** 
  54:USB_DEVICE/App/usb_device.c **** /*
  55:USB_DEVICE/App/usb_device.c ****  * -- Insert your external function declaration here --
  56:USB_DEVICE/App/usb_device.c ****  */
  57:USB_DEVICE/App/usb_device.c **** /* USER CODE BEGIN 1 */
  58:USB_DEVICE/App/usb_device.c **** 
  59:USB_DEVICE/App/usb_device.c **** /* USER CODE END 1 */
  60:USB_DEVICE/App/usb_device.c **** 
  61:USB_DEVICE/App/usb_device.c **** /**
  62:USB_DEVICE/App/usb_device.c ****   * Init USB device Library, add supported class and start the library
  63:USB_DEVICE/App/usb_device.c ****   * @retval None
  64:USB_DEVICE/App/usb_device.c ****   */
  65:USB_DEVICE/App/usb_device.c **** void MX_USB_DEVICE_Init(void)
  66:USB_DEVICE/App/usb_device.c **** {
  28              		.loc 1 66 1 view -0
  29              		.cfi_startproc
  30              		@ args = 0, pretend = 0, frame = 0
  31              		@ frame_needed = 0, uses_anonymous_args = 0
  32 0000 08B5     		push	{r3, lr}
  33              		.cfi_def_cfa_offset 8
  34              		.cfi_offset 3, -8
  35              		.cfi_offset 14, -4
  67:USB_DEVICE/App/usb_device.c ****     /* USER CODE BEGIN USB_DEVICE_Init_PreTreatment */
  68:USB_DEVICE/App/usb_device.c **** 
  69:USB_DEVICE/App/usb_device.c ****     /* USER CODE END USB_DEVICE_Init_PreTreatment */
  70:USB_DEVICE/App/usb_device.c **** 
  71:USB_DEVICE/App/usb_device.c ****     /* Init Device Library, add supported class and start the library. */
  72:USB_DEVICE/App/usb_device.c ****     if (USBD_Init(&hUsbDeviceHS, &HS_Desc, DEVICE_HS) != USBD_OK)
  36              		.loc 1 72 5 view .LVU1
  37              		.loc 1 72 9 is_stmt 0 view .LVU2
  38 0002 0122     		movs	r2, #1
  39 0004 1049     		ldr	r1, .L11
  40 0006 1148     		ldr	r0, .L11+4
  41 0008 FFF7FEFF 		bl	USBD_Init
  42              	.LVL0:
  43              		.loc 1 72 8 view .LVU3
ARM GAS  C:\Users\MSI_NB\AppData\Local\Temp\ccMXSQng.s 			page 3


  44 000c 80B9     		cbnz	r0, .L7
  45              	.L2:
  73:USB_DEVICE/App/usb_device.c ****     {
  74:USB_DEVICE/App/usb_device.c ****         Error_Handler();
  75:USB_DEVICE/App/usb_device.c ****     }
  76:USB_DEVICE/App/usb_device.c ****     if (USBD_RegisterClass(&hUsbDeviceHS, &USBD_CUSTOM_HID) != USBD_OK)
  46              		.loc 1 76 5 is_stmt 1 view .LVU4
  47              		.loc 1 76 9 is_stmt 0 view .LVU5
  48 000e 1049     		ldr	r1, .L11+8
  49 0010 0E48     		ldr	r0, .L11+4
  50 0012 FFF7FEFF 		bl	USBD_RegisterClass
  51              	.LVL1:
  52              		.loc 1 76 8 view .LVU6
  53 0016 70B9     		cbnz	r0, .L8
  54              	.L3:
  77:USB_DEVICE/App/usb_device.c ****     {
  78:USB_DEVICE/App/usb_device.c ****         Error_Handler();
  79:USB_DEVICE/App/usb_device.c ****     }
  80:USB_DEVICE/App/usb_device.c ****     if (USBD_CUSTOM_HID_RegisterInterface(&hUsbDeviceHS, &USBD_CustomHID_fops_HS) != USBD_OK)
  55              		.loc 1 80 5 is_stmt 1 view .LVU7
  56              		.loc 1 80 9 is_stmt 0 view .LVU8
  57 0018 0E49     		ldr	r1, .L11+12
  58 001a 0C48     		ldr	r0, .L11+4
  59 001c FFF7FEFF 		bl	USBD_CUSTOM_HID_RegisterInterface
  60              	.LVL2:
  61              		.loc 1 80 8 view .LVU9
  62 0020 60B9     		cbnz	r0, .L9
  63              	.L4:
  81:USB_DEVICE/App/usb_device.c ****     {
  82:USB_DEVICE/App/usb_device.c ****         Error_Handler();
  83:USB_DEVICE/App/usb_device.c ****     }
  84:USB_DEVICE/App/usb_device.c ****     if (USBD_Start(&hUsbDeviceHS) != USBD_OK)
  64              		.loc 1 84 5 is_stmt 1 view .LVU10
  65              		.loc 1 84 9 is_stmt 0 view .LVU11
  66 0022 0A48     		ldr	r0, .L11+4
  67 0024 FFF7FEFF 		bl	USBD_Start
  68              	.LVL3:
  69              		.loc 1 84 8 view .LVU12
  70 0028 58B9     		cbnz	r0, .L10
  71              	.L5:
  85:USB_DEVICE/App/usb_device.c ****     {
  86:USB_DEVICE/App/usb_device.c ****         Error_Handler();
  87:USB_DEVICE/App/usb_device.c ****     }
  88:USB_DEVICE/App/usb_device.c **** 
  89:USB_DEVICE/App/usb_device.c ****     /* USER CODE BEGIN USB_DEVICE_Init_PostTreatment */
  90:USB_DEVICE/App/usb_device.c ****     HAL_PWREx_EnableUSBVoltageDetector();
  72              		.loc 1 90 5 is_stmt 1 view .LVU13
  73 002a FFF7FEFF 		bl	HAL_PWREx_EnableUSBVoltageDetector
  74              	.LVL4:
  91:USB_DEVICE/App/usb_device.c **** 
  92:USB_DEVICE/App/usb_device.c ****     /* USER CODE END USB_DEVICE_Init_PostTreatment */
  93:USB_DEVICE/App/usb_device.c **** }
  75              		.loc 1 93 1 is_stmt 0 view .LVU14
  76 002e 08BD     		pop	{r3, pc}
  77              	.L7:
  74:USB_DEVICE/App/usb_device.c ****     }
  78              		.loc 1 74 9 is_stmt 1 view .LVU15
ARM GAS  C:\Users\MSI_NB\AppData\Local\Temp\ccMXSQng.s 			page 4


  79 0030 FFF7FEFF 		bl	Error_Handler
  80              	.LVL5:
  81 0034 EBE7     		b	.L2
  82              	.L8:
  78:USB_DEVICE/App/usb_device.c ****     }
  83              		.loc 1 78 9 view .LVU16
  84 0036 FFF7FEFF 		bl	Error_Handler
  85              	.LVL6:
  86 003a EDE7     		b	.L3
  87              	.L9:
  82:USB_DEVICE/App/usb_device.c ****     }
  88              		.loc 1 82 9 view .LVU17
  89 003c FFF7FEFF 		bl	Error_Handler
  90              	.LVL7:
  91 0040 EFE7     		b	.L4
  92              	.L10:
  86:USB_DEVICE/App/usb_device.c ****     }
  93              		.loc 1 86 9 view .LVU18
  94 0042 FFF7FEFF 		bl	Error_Handler
  95              	.LVL8:
  96 0046 F0E7     		b	.L5
  97              	.L12:
  98              		.align	2
  99              	.L11:
 100 0048 00000000 		.word	HS_Desc
 101 004c 00000000 		.word	.LANCHOR0
 102 0050 00000000 		.word	USBD_CUSTOM_HID
 103 0054 00000000 		.word	USBD_CustomHID_fops_HS
 104              		.cfi_endproc
 105              	.LFE148:
 107              		.global	hUsbDeviceHS
 108              		.section	.bss.hUsbDeviceHS,"aw",%nobits
 109              		.align	2
 110              		.set	.LANCHOR0,. + 0
 113              	hUsbDeviceHS:
 114 0000 00000000 		.space	720
 114      00000000 
 114      00000000 
 114      00000000 
 114      00000000 
 115              		.text
 116              	.Letext0:
 117              		.file 2 "d:\\tool\\gcc-arm-none-eabi\\arm-none-eabi\\include\\machine\\_default_types.h"
 118              		.file 3 "d:\\tool\\gcc-arm-none-eabi\\arm-none-eabi\\include\\sys\\_stdint.h"
 119              		.file 4 "Middlewares/ST/STM32_USB_Device_Library/Core/Inc/usbd_def.h"
 120              		.file 5 "Middlewares/ST/STM32_USB_Device_Library/Class/CustomHID/Inc/usbd_customhid.h"
 121              		.file 6 "USB_DEVICE/App/usbd_desc.h"
 122              		.file 7 "USB_DEVICE/App/usbd_custom_hid_if.h"
 123              		.file 8 "Middlewares/ST/STM32_USB_Device_Library/Core/Inc/usbd_core.h"
 124              		.file 9 "Drivers/STM32H7xx_HAL_Driver/Inc/stm32h7xx_hal_pwr_ex.h"
 125              		.file 10 "Core/Inc/main.h"
ARM GAS  C:\Users\MSI_NB\AppData\Local\Temp\ccMXSQng.s 			page 5


DEFINED SYMBOLS
                            *ABS*:00000000 usb_device.c
C:\Users\MSI_NB\AppData\Local\Temp\ccMXSQng.s:19     .text.MX_USB_DEVICE_Init:00000000 $t
C:\Users\MSI_NB\AppData\Local\Temp\ccMXSQng.s:25     .text.MX_USB_DEVICE_Init:00000000 MX_USB_DEVICE_Init
C:\Users\MSI_NB\AppData\Local\Temp\ccMXSQng.s:100    .text.MX_USB_DEVICE_Init:00000048 $d
C:\Users\MSI_NB\AppData\Local\Temp\ccMXSQng.s:113    .bss.hUsbDeviceHS:00000000 hUsbDeviceHS
C:\Users\MSI_NB\AppData\Local\Temp\ccMXSQng.s:109    .bss.hUsbDeviceHS:00000000 $d

UNDEFINED SYMBOLS
USBD_Init
USBD_RegisterClass
USBD_CUSTOM_HID_RegisterInterface
USBD_Start
HAL_PWREx_EnableUSBVoltageDetector
Error_Handler
HS_Desc
USBD_CUSTOM_HID
USBD_CustomHID_fops_HS
