ARM GAS  C:\Users\MSI_NB\AppData\Local\Temp\ccDQGAPb.s 			page 1


   1              		.cpu cortex-m7
   2              		.arch armv7e-m
   3              		.fpu fpv5-d16
   4              		.eabi_attribute 28, 1
   5              		.eabi_attribute 20, 1
   6              		.eabi_attribute 21, 1
   7              		.eabi_attribute 23, 3
   8              		.eabi_attribute 24, 1
   9              		.eabi_attribute 25, 1
  10              		.eabi_attribute 26, 1
  11              		.eabi_attribute 30, 1
  12              		.eabi_attribute 34, 1
  13              		.eabi_attribute 18, 4
  14              		.file	"usbd_desc.c"
  15              		.text
  16              	.Ltext0:
  17              		.cfi_sections	.debug_frame
  18              		.section	.text.USBD_HS_DeviceDescriptor,"ax",%progbits
  19              		.align	1
  20              		.global	USBD_HS_DeviceDescriptor
  21              		.syntax unified
  22              		.thumb
  23              		.thumb_func
  25              	USBD_HS_DeviceDescriptor:
  26              	.LVL0:
  27              	.LFB148:
  28              		.file 1 "USB_DEVICE/App/usbd_desc.c"
   1:USB_DEVICE/App/usbd_desc.c **** /* USER CODE BEGIN Header */
   2:USB_DEVICE/App/usbd_desc.c **** /**
   3:USB_DEVICE/App/usbd_desc.c ****   ******************************************************************************
   4:USB_DEVICE/App/usbd_desc.c ****   * @file           : App/usbd_desc.c
   5:USB_DEVICE/App/usbd_desc.c ****   * @version        : v1.0_Cube
   6:USB_DEVICE/App/usbd_desc.c ****   * @brief          : This file implements the USB device descriptors.
   7:USB_DEVICE/App/usbd_desc.c ****   ******************************************************************************
   8:USB_DEVICE/App/usbd_desc.c ****   * @attention
   9:USB_DEVICE/App/usbd_desc.c ****   *
  10:USB_DEVICE/App/usbd_desc.c ****   * <h2><center>&copy; Copyright (c) 2022 STMicroelectronics.
  11:USB_DEVICE/App/usbd_desc.c ****   * All rights reserved.</center></h2>
  12:USB_DEVICE/App/usbd_desc.c ****   *
  13:USB_DEVICE/App/usbd_desc.c ****   * This software component is licensed by ST under Ultimate Liberty license
  14:USB_DEVICE/App/usbd_desc.c ****   * SLA0044, the "License"; You may not use this file except in compliance with
  15:USB_DEVICE/App/usbd_desc.c ****   * the License. You may obtain a copy of the License at:
  16:USB_DEVICE/App/usbd_desc.c ****   *                             www.st.com/SLA0044
  17:USB_DEVICE/App/usbd_desc.c ****   *
  18:USB_DEVICE/App/usbd_desc.c ****   ******************************************************************************
  19:USB_DEVICE/App/usbd_desc.c ****   */
  20:USB_DEVICE/App/usbd_desc.c **** /* USER CODE END Header */
  21:USB_DEVICE/App/usbd_desc.c **** 
  22:USB_DEVICE/App/usbd_desc.c **** /* Includes ------------------------------------------------------------------*/
  23:USB_DEVICE/App/usbd_desc.c **** #include "usbd_core.h"
  24:USB_DEVICE/App/usbd_desc.c **** #include "usbd_desc.h"
  25:USB_DEVICE/App/usbd_desc.c **** #include "usbd_conf.h"
  26:USB_DEVICE/App/usbd_desc.c **** 
  27:USB_DEVICE/App/usbd_desc.c **** /* USER CODE BEGIN INCLUDE */
  28:USB_DEVICE/App/usbd_desc.c **** 
  29:USB_DEVICE/App/usbd_desc.c **** /* USER CODE END INCLUDE */
  30:USB_DEVICE/App/usbd_desc.c **** 
ARM GAS  C:\Users\MSI_NB\AppData\Local\Temp\ccDQGAPb.s 			page 2


  31:USB_DEVICE/App/usbd_desc.c **** /* Private typedef -----------------------------------------------------------*/
  32:USB_DEVICE/App/usbd_desc.c **** /* Private define ------------------------------------------------------------*/
  33:USB_DEVICE/App/usbd_desc.c **** /* Private macro -------------------------------------------------------------*/
  34:USB_DEVICE/App/usbd_desc.c **** 
  35:USB_DEVICE/App/usbd_desc.c **** /* USER CODE BEGIN PV */
  36:USB_DEVICE/App/usbd_desc.c **** /* Private variables ---------------------------------------------------------*/
  37:USB_DEVICE/App/usbd_desc.c **** 
  38:USB_DEVICE/App/usbd_desc.c **** /* USER CODE END PV */
  39:USB_DEVICE/App/usbd_desc.c **** 
  40:USB_DEVICE/App/usbd_desc.c **** /** @addtogroup STM32_USB_OTG_DEVICE_LIBRARY
  41:USB_DEVICE/App/usbd_desc.c ****   * @{
  42:USB_DEVICE/App/usbd_desc.c ****   */
  43:USB_DEVICE/App/usbd_desc.c **** 
  44:USB_DEVICE/App/usbd_desc.c **** /** @addtogroup USBD_DESC
  45:USB_DEVICE/App/usbd_desc.c ****   * @{
  46:USB_DEVICE/App/usbd_desc.c ****   */
  47:USB_DEVICE/App/usbd_desc.c **** 
  48:USB_DEVICE/App/usbd_desc.c **** /** @defgroup USBD_DESC_Private_TypesDefinitions USBD_DESC_Private_TypesDefinitions
  49:USB_DEVICE/App/usbd_desc.c ****   * @brief Private types.
  50:USB_DEVICE/App/usbd_desc.c ****   * @{
  51:USB_DEVICE/App/usbd_desc.c ****   */
  52:USB_DEVICE/App/usbd_desc.c **** 
  53:USB_DEVICE/App/usbd_desc.c **** /* USER CODE BEGIN PRIVATE_TYPES */
  54:USB_DEVICE/App/usbd_desc.c **** 
  55:USB_DEVICE/App/usbd_desc.c **** /* USER CODE END PRIVATE_TYPES */
  56:USB_DEVICE/App/usbd_desc.c **** 
  57:USB_DEVICE/App/usbd_desc.c **** /**
  58:USB_DEVICE/App/usbd_desc.c ****   * @}
  59:USB_DEVICE/App/usbd_desc.c ****   */
  60:USB_DEVICE/App/usbd_desc.c **** 
  61:USB_DEVICE/App/usbd_desc.c **** /** @defgroup USBD_DESC_Private_Defines USBD_DESC_Private_Defines
  62:USB_DEVICE/App/usbd_desc.c ****   * @brief Private defines.
  63:USB_DEVICE/App/usbd_desc.c ****   * @{
  64:USB_DEVICE/App/usbd_desc.c ****   */
  65:USB_DEVICE/App/usbd_desc.c **** 
  66:USB_DEVICE/App/usbd_desc.c **** #define USBD_VID     0x1234
  67:USB_DEVICE/App/usbd_desc.c **** #define USBD_LANGID_STRING     1033
  68:USB_DEVICE/App/usbd_desc.c **** #define USBD_MANUFACTURER_STRING     "STMicroelectronics"
  69:USB_DEVICE/App/usbd_desc.c **** #define USBD_PID_HS     0x5678
  70:USB_DEVICE/App/usbd_desc.c **** #define USBD_PRODUCT_STRING_HS     "STM32 Custom Human interface"
  71:USB_DEVICE/App/usbd_desc.c **** #define USBD_CONFIGURATION_STRING_HS     "Custom HID Config"
  72:USB_DEVICE/App/usbd_desc.c **** #define USBD_INTERFACE_STRING_HS     "Custom HID Interface"
  73:USB_DEVICE/App/usbd_desc.c **** 
  74:USB_DEVICE/App/usbd_desc.c **** /* USER CODE BEGIN PRIVATE_DEFINES */
  75:USB_DEVICE/App/usbd_desc.c **** 
  76:USB_DEVICE/App/usbd_desc.c **** /* USER CODE END PRIVATE_DEFINES */
  77:USB_DEVICE/App/usbd_desc.c **** 
  78:USB_DEVICE/App/usbd_desc.c **** /**
  79:USB_DEVICE/App/usbd_desc.c ****   * @}
  80:USB_DEVICE/App/usbd_desc.c ****   */
  81:USB_DEVICE/App/usbd_desc.c **** 
  82:USB_DEVICE/App/usbd_desc.c **** /* USER CODE BEGIN 0 */
  83:USB_DEVICE/App/usbd_desc.c **** 
  84:USB_DEVICE/App/usbd_desc.c **** /* USER CODE END 0 */
  85:USB_DEVICE/App/usbd_desc.c **** 
  86:USB_DEVICE/App/usbd_desc.c **** /** @defgroup USBD_DESC_Private_Macros USBD_DESC_Private_Macros
  87:USB_DEVICE/App/usbd_desc.c ****   * @brief Private macros.
ARM GAS  C:\Users\MSI_NB\AppData\Local\Temp\ccDQGAPb.s 			page 3


  88:USB_DEVICE/App/usbd_desc.c ****   * @{
  89:USB_DEVICE/App/usbd_desc.c ****   */
  90:USB_DEVICE/App/usbd_desc.c **** 
  91:USB_DEVICE/App/usbd_desc.c **** /* USER CODE BEGIN PRIVATE_MACRO */
  92:USB_DEVICE/App/usbd_desc.c **** 
  93:USB_DEVICE/App/usbd_desc.c **** /* USER CODE END PRIVATE_MACRO */
  94:USB_DEVICE/App/usbd_desc.c **** 
  95:USB_DEVICE/App/usbd_desc.c **** /**
  96:USB_DEVICE/App/usbd_desc.c ****   * @}
  97:USB_DEVICE/App/usbd_desc.c ****   */
  98:USB_DEVICE/App/usbd_desc.c **** 
  99:USB_DEVICE/App/usbd_desc.c **** /** @defgroup USBD_DESC_Private_FunctionPrototypes USBD_DESC_Private_FunctionPrototypes
 100:USB_DEVICE/App/usbd_desc.c ****   * @brief Private functions declaration.
 101:USB_DEVICE/App/usbd_desc.c ****   * @{
 102:USB_DEVICE/App/usbd_desc.c ****   */
 103:USB_DEVICE/App/usbd_desc.c **** 
 104:USB_DEVICE/App/usbd_desc.c **** static void Get_SerialNum(void);
 105:USB_DEVICE/App/usbd_desc.c **** 
 106:USB_DEVICE/App/usbd_desc.c **** static void IntToUnicode(uint32_t value, uint8_t *pbuf, uint8_t len);
 107:USB_DEVICE/App/usbd_desc.c **** 
 108:USB_DEVICE/App/usbd_desc.c **** /**
 109:USB_DEVICE/App/usbd_desc.c ****   * @}
 110:USB_DEVICE/App/usbd_desc.c ****   */
 111:USB_DEVICE/App/usbd_desc.c **** 
 112:USB_DEVICE/App/usbd_desc.c **** /** @defgroup USBD_DESC_Private_FunctionPrototypes USBD_DESC_Private_FunctionPrototypes
 113:USB_DEVICE/App/usbd_desc.c ****   * @brief Private functions declaration for HS.
 114:USB_DEVICE/App/usbd_desc.c ****   * @{
 115:USB_DEVICE/App/usbd_desc.c ****   */
 116:USB_DEVICE/App/usbd_desc.c **** 
 117:USB_DEVICE/App/usbd_desc.c **** uint8_t *USBD_HS_DeviceDescriptor(USBD_SpeedTypeDef speed, uint16_t *length);
 118:USB_DEVICE/App/usbd_desc.c **** 
 119:USB_DEVICE/App/usbd_desc.c **** uint8_t *USBD_HS_LangIDStrDescriptor(USBD_SpeedTypeDef speed, uint16_t *length);
 120:USB_DEVICE/App/usbd_desc.c **** 
 121:USB_DEVICE/App/usbd_desc.c **** uint8_t *USBD_HS_ManufacturerStrDescriptor(USBD_SpeedTypeDef speed, uint16_t *length);
 122:USB_DEVICE/App/usbd_desc.c **** 
 123:USB_DEVICE/App/usbd_desc.c **** uint8_t *USBD_HS_ProductStrDescriptor(USBD_SpeedTypeDef speed, uint16_t *length);
 124:USB_DEVICE/App/usbd_desc.c **** 
 125:USB_DEVICE/App/usbd_desc.c **** uint8_t *USBD_HS_SerialStrDescriptor(USBD_SpeedTypeDef speed, uint16_t *length);
 126:USB_DEVICE/App/usbd_desc.c **** 
 127:USB_DEVICE/App/usbd_desc.c **** uint8_t *USBD_HS_ConfigStrDescriptor(USBD_SpeedTypeDef speed, uint16_t *length);
 128:USB_DEVICE/App/usbd_desc.c **** 
 129:USB_DEVICE/App/usbd_desc.c **** uint8_t *USBD_HS_InterfaceStrDescriptor(USBD_SpeedTypeDef speed, uint16_t *length);
 130:USB_DEVICE/App/usbd_desc.c **** 
 131:USB_DEVICE/App/usbd_desc.c **** /**
 132:USB_DEVICE/App/usbd_desc.c ****   * @}
 133:USB_DEVICE/App/usbd_desc.c ****   */
 134:USB_DEVICE/App/usbd_desc.c **** 
 135:USB_DEVICE/App/usbd_desc.c **** /** @defgroup USBD_DESC_Private_Variables USBD_DESC_Private_Variables
 136:USB_DEVICE/App/usbd_desc.c ****   * @brief Private variables.
 137:USB_DEVICE/App/usbd_desc.c ****   * @{
 138:USB_DEVICE/App/usbd_desc.c ****   */
 139:USB_DEVICE/App/usbd_desc.c **** 
 140:USB_DEVICE/App/usbd_desc.c **** USBD_DescriptorsTypeDef HS_Desc =
 141:USB_DEVICE/App/usbd_desc.c ****         {
 142:USB_DEVICE/App/usbd_desc.c ****                 USBD_HS_DeviceDescriptor, USBD_HS_LangIDStrDescriptor, USBD_HS_ManufacturerStrDescr
 143:USB_DEVICE/App/usbd_desc.c ****                 USBD_HS_ProductStrDescriptor, USBD_HS_SerialStrDescriptor, USBD_HS_ConfigStrDescrip
 144:USB_DEVICE/App/usbd_desc.c ****                 USBD_HS_InterfaceStrDescriptor
ARM GAS  C:\Users\MSI_NB\AppData\Local\Temp\ccDQGAPb.s 			page 4


 145:USB_DEVICE/App/usbd_desc.c ****         };
 146:USB_DEVICE/App/usbd_desc.c **** 
 147:USB_DEVICE/App/usbd_desc.c **** #if defined ( __ICCARM__ ) /* IAR Compiler */
 148:USB_DEVICE/App/usbd_desc.c **** #pragma data_alignment=4
 149:USB_DEVICE/App/usbd_desc.c **** #endif /* defined ( __ICCARM__ ) */
 150:USB_DEVICE/App/usbd_desc.c **** /** USB standard device descriptor. */
 151:USB_DEVICE/App/usbd_desc.c **** __ALIGN_BEGIN uint8_t USBD_HS_DeviceDesc[USB_LEN_DEV_DESC] __ALIGN_END =
 152:USB_DEVICE/App/usbd_desc.c ****         {
 153:USB_DEVICE/App/usbd_desc.c ****                 0x12,                       /*bLength */
 154:USB_DEVICE/App/usbd_desc.c ****                 USB_DESC_TYPE_DEVICE,       /*bDescriptorType*/
 155:USB_DEVICE/App/usbd_desc.c ****                 0x00,                       /*bcdUSB */
 156:USB_DEVICE/App/usbd_desc.c **** 
 157:USB_DEVICE/App/usbd_desc.c ****                 0x02,
 158:USB_DEVICE/App/usbd_desc.c ****                 0x00,                       /*bDeviceClass*/
 159:USB_DEVICE/App/usbd_desc.c ****                 0x00,                       /*bDeviceSubClass*/
 160:USB_DEVICE/App/usbd_desc.c ****                 0x00,                       /*bDeviceProtocol*/
 161:USB_DEVICE/App/usbd_desc.c ****                 USB_MAX_EP0_SIZE,           /*bMaxPacketSize*/
 162:USB_DEVICE/App/usbd_desc.c ****                 LOBYTE(USBD_VID),           /*idVendor*/
 163:USB_DEVICE/App/usbd_desc.c ****                 HIBYTE(USBD_VID),           /*idVendor*/
 164:USB_DEVICE/App/usbd_desc.c ****                 LOBYTE(USBD_PID_HS),        /*idProduct*/
 165:USB_DEVICE/App/usbd_desc.c ****                 HIBYTE(USBD_PID_HS),        /*idProduct*/
 166:USB_DEVICE/App/usbd_desc.c ****                 0x00,                       /*bcdDevice rel. 2.00*/
 167:USB_DEVICE/App/usbd_desc.c ****                 0x02,
 168:USB_DEVICE/App/usbd_desc.c ****                 USBD_IDX_MFC_STR,           /*Index of manufacturer  string*/
 169:USB_DEVICE/App/usbd_desc.c ****                 USBD_IDX_PRODUCT_STR,       /*Index of product string*/
 170:USB_DEVICE/App/usbd_desc.c ****                 USBD_IDX_SERIAL_STR,        /*Index of serial number string*/
 171:USB_DEVICE/App/usbd_desc.c ****                 USBD_MAX_NUM_CONFIGURATION  /*bNumConfigurations*/
 172:USB_DEVICE/App/usbd_desc.c ****         };
 173:USB_DEVICE/App/usbd_desc.c **** 
 174:USB_DEVICE/App/usbd_desc.c **** /**
 175:USB_DEVICE/App/usbd_desc.c ****   * @}
 176:USB_DEVICE/App/usbd_desc.c ****   */
 177:USB_DEVICE/App/usbd_desc.c **** 
 178:USB_DEVICE/App/usbd_desc.c **** /** @defgroup USBD_DESC_Private_Variables USBD_DESC_Private_Variables
 179:USB_DEVICE/App/usbd_desc.c ****   * @brief Private variables.
 180:USB_DEVICE/App/usbd_desc.c ****   * @{
 181:USB_DEVICE/App/usbd_desc.c ****   */
 182:USB_DEVICE/App/usbd_desc.c **** 
 183:USB_DEVICE/App/usbd_desc.c **** #if defined ( __ICCARM__ ) /* IAR Compiler */
 184:USB_DEVICE/App/usbd_desc.c **** #pragma data_alignment=4
 185:USB_DEVICE/App/usbd_desc.c **** #endif /* defined ( __ICCARM__ ) */
 186:USB_DEVICE/App/usbd_desc.c **** 
 187:USB_DEVICE/App/usbd_desc.c **** /** USB lang identifier descriptor. */
 188:USB_DEVICE/App/usbd_desc.c **** __ALIGN_BEGIN uint8_t USBD_LangIDDesc[USB_LEN_LANGID_STR_DESC] __ALIGN_END =
 189:USB_DEVICE/App/usbd_desc.c ****         {
 190:USB_DEVICE/App/usbd_desc.c ****                 USB_LEN_LANGID_STR_DESC,
 191:USB_DEVICE/App/usbd_desc.c ****                 USB_DESC_TYPE_STRING,
 192:USB_DEVICE/App/usbd_desc.c ****                 LOBYTE(USBD_LANGID_STRING),
 193:USB_DEVICE/App/usbd_desc.c ****                 HIBYTE(USBD_LANGID_STRING)
 194:USB_DEVICE/App/usbd_desc.c ****         };
 195:USB_DEVICE/App/usbd_desc.c **** 
 196:USB_DEVICE/App/usbd_desc.c **** #if defined ( __ICCARM__ ) /* IAR Compiler */
 197:USB_DEVICE/App/usbd_desc.c **** #pragma data_alignment=4
 198:USB_DEVICE/App/usbd_desc.c **** #endif /* defined ( __ICCARM__ ) */
 199:USB_DEVICE/App/usbd_desc.c **** /* Internal string descriptor. */
 200:USB_DEVICE/App/usbd_desc.c **** __ALIGN_BEGIN uint8_t USBD_StrDesc[USBD_MAX_STR_DESC_SIZ] __ALIGN_END;
 201:USB_DEVICE/App/usbd_desc.c **** 
ARM GAS  C:\Users\MSI_NB\AppData\Local\Temp\ccDQGAPb.s 			page 5


 202:USB_DEVICE/App/usbd_desc.c **** #if defined ( __ICCARM__ ) /*!< IAR Compiler */
 203:USB_DEVICE/App/usbd_desc.c **** #pragma data_alignment=4
 204:USB_DEVICE/App/usbd_desc.c **** #endif
 205:USB_DEVICE/App/usbd_desc.c **** __ALIGN_BEGIN uint8_t USBD_StringSerial[USB_SIZ_STRING_SERIAL] __ALIGN_END = {
 206:USB_DEVICE/App/usbd_desc.c ****         USB_SIZ_STRING_SERIAL,
 207:USB_DEVICE/App/usbd_desc.c ****         USB_DESC_TYPE_STRING,
 208:USB_DEVICE/App/usbd_desc.c **** };
 209:USB_DEVICE/App/usbd_desc.c **** 
 210:USB_DEVICE/App/usbd_desc.c **** /**
 211:USB_DEVICE/App/usbd_desc.c ****   * @}
 212:USB_DEVICE/App/usbd_desc.c ****   */
 213:USB_DEVICE/App/usbd_desc.c **** 
 214:USB_DEVICE/App/usbd_desc.c **** /** @defgroup USBD_DESC_Private_Functions USBD_DESC_Private_Functions
 215:USB_DEVICE/App/usbd_desc.c ****   * @brief Private functions.
 216:USB_DEVICE/App/usbd_desc.c ****   * @{
 217:USB_DEVICE/App/usbd_desc.c ****   */
 218:USB_DEVICE/App/usbd_desc.c **** 
 219:USB_DEVICE/App/usbd_desc.c **** /**
 220:USB_DEVICE/App/usbd_desc.c ****   * @brief  Return the device descriptor
 221:USB_DEVICE/App/usbd_desc.c ****   * @param  speed : Current device speed
 222:USB_DEVICE/App/usbd_desc.c ****   * @param  length : Pointer to data length variable
 223:USB_DEVICE/App/usbd_desc.c ****   * @retval Pointer to descriptor buffer
 224:USB_DEVICE/App/usbd_desc.c ****   */
 225:USB_DEVICE/App/usbd_desc.c **** uint8_t *USBD_HS_DeviceDescriptor(USBD_SpeedTypeDef speed, uint16_t *length)
 226:USB_DEVICE/App/usbd_desc.c **** {
  29              		.loc 1 226 1 view -0
  30              		.cfi_startproc
  31              		@ args = 0, pretend = 0, frame = 0
  32              		@ frame_needed = 0, uses_anonymous_args = 0
  33              		@ link register save eliminated.
 227:USB_DEVICE/App/usbd_desc.c ****     UNUSED(speed);
  34              		.loc 1 227 5 view .LVU1
 228:USB_DEVICE/App/usbd_desc.c ****     *length = sizeof(USBD_HS_DeviceDesc);
  35              		.loc 1 228 5 view .LVU2
  36              		.loc 1 228 13 is_stmt 0 view .LVU3
  37 0000 1223     		movs	r3, #18
  38 0002 0B80     		strh	r3, [r1]	@ movhi
 229:USB_DEVICE/App/usbd_desc.c ****     return USBD_HS_DeviceDesc;
  39              		.loc 1 229 5 is_stmt 1 view .LVU4
 230:USB_DEVICE/App/usbd_desc.c **** }
  40              		.loc 1 230 1 is_stmt 0 view .LVU5
  41 0004 0048     		ldr	r0, .L2
  42              	.LVL1:
  43              		.loc 1 230 1 view .LVU6
  44 0006 7047     		bx	lr
  45              	.L3:
  46              		.align	2
  47              	.L2:
  48 0008 00000000 		.word	.LANCHOR0
  49              		.cfi_endproc
  50              	.LFE148:
  52              		.section	.text.USBD_HS_LangIDStrDescriptor,"ax",%progbits
  53              		.align	1
  54              		.global	USBD_HS_LangIDStrDescriptor
  55              		.syntax unified
  56              		.thumb
  57              		.thumb_func
ARM GAS  C:\Users\MSI_NB\AppData\Local\Temp\ccDQGAPb.s 			page 6


  59              	USBD_HS_LangIDStrDescriptor:
  60              	.LVL2:
  61              	.LFB149:
 231:USB_DEVICE/App/usbd_desc.c **** 
 232:USB_DEVICE/App/usbd_desc.c **** /**
 233:USB_DEVICE/App/usbd_desc.c ****   * @brief  Return the LangID string descriptor
 234:USB_DEVICE/App/usbd_desc.c ****   * @param  speed : Current device speed
 235:USB_DEVICE/App/usbd_desc.c ****   * @param  length : Pointer to data length variable
 236:USB_DEVICE/App/usbd_desc.c ****   * @retval Pointer to descriptor buffer
 237:USB_DEVICE/App/usbd_desc.c ****   */
 238:USB_DEVICE/App/usbd_desc.c **** uint8_t *USBD_HS_LangIDStrDescriptor(USBD_SpeedTypeDef speed, uint16_t *length)
 239:USB_DEVICE/App/usbd_desc.c **** {
  62              		.loc 1 239 1 is_stmt 1 view -0
  63              		.cfi_startproc
  64              		@ args = 0, pretend = 0, frame = 0
  65              		@ frame_needed = 0, uses_anonymous_args = 0
  66              		@ link register save eliminated.
 240:USB_DEVICE/App/usbd_desc.c ****     UNUSED(speed);
  67              		.loc 1 240 5 view .LVU8
 241:USB_DEVICE/App/usbd_desc.c ****     *length = sizeof(USBD_LangIDDesc);
  68              		.loc 1 241 5 view .LVU9
  69              		.loc 1 241 13 is_stmt 0 view .LVU10
  70 0000 0423     		movs	r3, #4
  71 0002 0B80     		strh	r3, [r1]	@ movhi
 242:USB_DEVICE/App/usbd_desc.c ****     return USBD_LangIDDesc;
  72              		.loc 1 242 5 is_stmt 1 view .LVU11
 243:USB_DEVICE/App/usbd_desc.c **** }
  73              		.loc 1 243 1 is_stmt 0 view .LVU12
  74 0004 0048     		ldr	r0, .L5
  75              	.LVL3:
  76              		.loc 1 243 1 view .LVU13
  77 0006 7047     		bx	lr
  78              	.L6:
  79              		.align	2
  80              	.L5:
  81 0008 00000000 		.word	.LANCHOR1
  82              		.cfi_endproc
  83              	.LFE149:
  85              		.section	.text.IntToUnicode,"ax",%progbits
  86              		.align	1
  87              		.syntax unified
  88              		.thumb
  89              		.thumb_func
  91              	IntToUnicode:
  92              	.LVL4:
  93              	.LFB156:
 244:USB_DEVICE/App/usbd_desc.c **** 
 245:USB_DEVICE/App/usbd_desc.c **** /**
 246:USB_DEVICE/App/usbd_desc.c ****   * @brief  Return the product string descriptor
 247:USB_DEVICE/App/usbd_desc.c ****   * @param  speed : current device speed
 248:USB_DEVICE/App/usbd_desc.c ****   * @param  length : pointer to data length variable
 249:USB_DEVICE/App/usbd_desc.c ****   * @retval pointer to descriptor buffer
 250:USB_DEVICE/App/usbd_desc.c ****   */
 251:USB_DEVICE/App/usbd_desc.c **** uint8_t *USBD_HS_ProductStrDescriptor(USBD_SpeedTypeDef speed, uint16_t *length)
 252:USB_DEVICE/App/usbd_desc.c **** {
 253:USB_DEVICE/App/usbd_desc.c ****     if (speed == 0)
 254:USB_DEVICE/App/usbd_desc.c ****     {
ARM GAS  C:\Users\MSI_NB\AppData\Local\Temp\ccDQGAPb.s 			page 7


 255:USB_DEVICE/App/usbd_desc.c ****         USBD_GetString((uint8_t *) USBD_PRODUCT_STRING_HS, USBD_StrDesc, length);
 256:USB_DEVICE/App/usbd_desc.c ****     } else
 257:USB_DEVICE/App/usbd_desc.c ****     {
 258:USB_DEVICE/App/usbd_desc.c ****         USBD_GetString((uint8_t *) USBD_PRODUCT_STRING_HS, USBD_StrDesc, length);
 259:USB_DEVICE/App/usbd_desc.c ****     }
 260:USB_DEVICE/App/usbd_desc.c ****     return USBD_StrDesc;
 261:USB_DEVICE/App/usbd_desc.c **** }
 262:USB_DEVICE/App/usbd_desc.c **** 
 263:USB_DEVICE/App/usbd_desc.c **** /**
 264:USB_DEVICE/App/usbd_desc.c ****   * @brief  Return the manufacturer string descriptor
 265:USB_DEVICE/App/usbd_desc.c ****   * @param  speed : Current device speed
 266:USB_DEVICE/App/usbd_desc.c ****   * @param  length : Pointer to data length variable
 267:USB_DEVICE/App/usbd_desc.c ****   * @retval Pointer to descriptor buffer
 268:USB_DEVICE/App/usbd_desc.c ****   */
 269:USB_DEVICE/App/usbd_desc.c **** uint8_t *USBD_HS_ManufacturerStrDescriptor(USBD_SpeedTypeDef speed, uint16_t *length)
 270:USB_DEVICE/App/usbd_desc.c **** {
 271:USB_DEVICE/App/usbd_desc.c ****     UNUSED(speed);
 272:USB_DEVICE/App/usbd_desc.c ****     USBD_GetString((uint8_t *) USBD_MANUFACTURER_STRING, USBD_StrDesc, length);
 273:USB_DEVICE/App/usbd_desc.c ****     return USBD_StrDesc;
 274:USB_DEVICE/App/usbd_desc.c **** }
 275:USB_DEVICE/App/usbd_desc.c **** 
 276:USB_DEVICE/App/usbd_desc.c **** /**
 277:USB_DEVICE/App/usbd_desc.c ****   * @brief  Return the serial number string descriptor
 278:USB_DEVICE/App/usbd_desc.c ****   * @param  speed : Current device speed
 279:USB_DEVICE/App/usbd_desc.c ****   * @param  length : Pointer to data length variable
 280:USB_DEVICE/App/usbd_desc.c ****   * @retval Pointer to descriptor buffer
 281:USB_DEVICE/App/usbd_desc.c ****   */
 282:USB_DEVICE/App/usbd_desc.c **** uint8_t *USBD_HS_SerialStrDescriptor(USBD_SpeedTypeDef speed, uint16_t *length)
 283:USB_DEVICE/App/usbd_desc.c **** {
 284:USB_DEVICE/App/usbd_desc.c ****     UNUSED(speed);
 285:USB_DEVICE/App/usbd_desc.c ****     *length = USB_SIZ_STRING_SERIAL;
 286:USB_DEVICE/App/usbd_desc.c **** 
 287:USB_DEVICE/App/usbd_desc.c ****     /* Update the serial number string descriptor with the data from the unique
 288:USB_DEVICE/App/usbd_desc.c ****      * ID */
 289:USB_DEVICE/App/usbd_desc.c ****     Get_SerialNum();
 290:USB_DEVICE/App/usbd_desc.c ****     /* USER CODE BEGIN USBD_HS_SerialStrDescriptor */
 291:USB_DEVICE/App/usbd_desc.c **** 
 292:USB_DEVICE/App/usbd_desc.c ****     /* USER CODE END USBD_HS_SerialStrDescriptor */
 293:USB_DEVICE/App/usbd_desc.c **** 
 294:USB_DEVICE/App/usbd_desc.c ****     return (uint8_t *) USBD_StringSerial;
 295:USB_DEVICE/App/usbd_desc.c **** }
 296:USB_DEVICE/App/usbd_desc.c **** 
 297:USB_DEVICE/App/usbd_desc.c **** /**
 298:USB_DEVICE/App/usbd_desc.c ****   * @brief  Return the configuration string descriptor
 299:USB_DEVICE/App/usbd_desc.c ****   * @param  speed : Current device speed
 300:USB_DEVICE/App/usbd_desc.c ****   * @param  length : Pointer to data length variable
 301:USB_DEVICE/App/usbd_desc.c ****   * @retval Pointer to descriptor buffer
 302:USB_DEVICE/App/usbd_desc.c ****   */
 303:USB_DEVICE/App/usbd_desc.c **** uint8_t *USBD_HS_ConfigStrDescriptor(USBD_SpeedTypeDef speed, uint16_t *length)
 304:USB_DEVICE/App/usbd_desc.c **** {
 305:USB_DEVICE/App/usbd_desc.c ****     if (speed == USBD_SPEED_HIGH)
 306:USB_DEVICE/App/usbd_desc.c ****     {
 307:USB_DEVICE/App/usbd_desc.c ****         USBD_GetString((uint8_t *) USBD_CONFIGURATION_STRING_HS, USBD_StrDesc, length);
 308:USB_DEVICE/App/usbd_desc.c ****     } else
 309:USB_DEVICE/App/usbd_desc.c ****     {
 310:USB_DEVICE/App/usbd_desc.c ****         USBD_GetString((uint8_t *) USBD_CONFIGURATION_STRING_HS, USBD_StrDesc, length);
 311:USB_DEVICE/App/usbd_desc.c ****     }
ARM GAS  C:\Users\MSI_NB\AppData\Local\Temp\ccDQGAPb.s 			page 8


 312:USB_DEVICE/App/usbd_desc.c ****     return USBD_StrDesc;
 313:USB_DEVICE/App/usbd_desc.c **** }
 314:USB_DEVICE/App/usbd_desc.c **** 
 315:USB_DEVICE/App/usbd_desc.c **** /**
 316:USB_DEVICE/App/usbd_desc.c ****   * @brief  Return the interface string descriptor
 317:USB_DEVICE/App/usbd_desc.c ****   * @param  speed : Current device speed
 318:USB_DEVICE/App/usbd_desc.c ****   * @param  length : Pointer to data length variable
 319:USB_DEVICE/App/usbd_desc.c ****   * @retval Pointer to descriptor buffer
 320:USB_DEVICE/App/usbd_desc.c ****   */
 321:USB_DEVICE/App/usbd_desc.c **** uint8_t *USBD_HS_InterfaceStrDescriptor(USBD_SpeedTypeDef speed, uint16_t *length)
 322:USB_DEVICE/App/usbd_desc.c **** {
 323:USB_DEVICE/App/usbd_desc.c ****     if (speed == 0)
 324:USB_DEVICE/App/usbd_desc.c ****     {
 325:USB_DEVICE/App/usbd_desc.c ****         USBD_GetString((uint8_t *) USBD_INTERFACE_STRING_HS, USBD_StrDesc, length);
 326:USB_DEVICE/App/usbd_desc.c ****     } else
 327:USB_DEVICE/App/usbd_desc.c ****     {
 328:USB_DEVICE/App/usbd_desc.c ****         USBD_GetString((uint8_t *) USBD_INTERFACE_STRING_HS, USBD_StrDesc, length);
 329:USB_DEVICE/App/usbd_desc.c ****     }
 330:USB_DEVICE/App/usbd_desc.c ****     return USBD_StrDesc;
 331:USB_DEVICE/App/usbd_desc.c **** }
 332:USB_DEVICE/App/usbd_desc.c **** 
 333:USB_DEVICE/App/usbd_desc.c **** #if (USBD_LPM_ENABLED == 1)
 334:USB_DEVICE/App/usbd_desc.c **** /**
 335:USB_DEVICE/App/usbd_desc.c ****   * @brief  Return the BOS descriptor
 336:USB_DEVICE/App/usbd_desc.c ****   * @param  speed : Current device speed
 337:USB_DEVICE/App/usbd_desc.c ****   * @param  length : Pointer to data length variable
 338:USB_DEVICE/App/usbd_desc.c ****   * @retval Pointer to descriptor buffer
 339:USB_DEVICE/App/usbd_desc.c ****   */
 340:USB_DEVICE/App/usbd_desc.c **** uint8_t * USBD_HS_USR_BOSDescriptor(USBD_SpeedTypeDef speed, uint16_t *length)
 341:USB_DEVICE/App/usbd_desc.c **** {
 342:USB_DEVICE/App/usbd_desc.c ****   UNUSED(speed);
 343:USB_DEVICE/App/usbd_desc.c ****   *length = sizeof(USBD_HS_BOSDesc);
 344:USB_DEVICE/App/usbd_desc.c ****   return (uint8_t*)USBD_HS_BOSDesc;
 345:USB_DEVICE/App/usbd_desc.c **** }
 346:USB_DEVICE/App/usbd_desc.c **** #endif /* (USBD_LPM_ENABLED == 1) */
 347:USB_DEVICE/App/usbd_desc.c **** 
 348:USB_DEVICE/App/usbd_desc.c **** /**
 349:USB_DEVICE/App/usbd_desc.c ****   * @brief  Create the serial number string descriptor
 350:USB_DEVICE/App/usbd_desc.c ****   * @param  None
 351:USB_DEVICE/App/usbd_desc.c ****   * @retval None
 352:USB_DEVICE/App/usbd_desc.c ****   */
 353:USB_DEVICE/App/usbd_desc.c **** static void Get_SerialNum(void)
 354:USB_DEVICE/App/usbd_desc.c **** {
 355:USB_DEVICE/App/usbd_desc.c ****     uint32_t deviceserial0, deviceserial1, deviceserial2;
 356:USB_DEVICE/App/usbd_desc.c **** 
 357:USB_DEVICE/App/usbd_desc.c ****     deviceserial0 = *(uint32_t *) DEVICE_ID1;
 358:USB_DEVICE/App/usbd_desc.c ****     deviceserial1 = *(uint32_t *) DEVICE_ID2;
 359:USB_DEVICE/App/usbd_desc.c ****     deviceserial2 = *(uint32_t *) DEVICE_ID3;
 360:USB_DEVICE/App/usbd_desc.c **** 
 361:USB_DEVICE/App/usbd_desc.c ****     deviceserial0 += deviceserial2;
 362:USB_DEVICE/App/usbd_desc.c **** 
 363:USB_DEVICE/App/usbd_desc.c ****     if (deviceserial0 != 0)
 364:USB_DEVICE/App/usbd_desc.c ****     {
 365:USB_DEVICE/App/usbd_desc.c ****         IntToUnicode(deviceserial0, &USBD_StringSerial[2], 8);
 366:USB_DEVICE/App/usbd_desc.c ****         IntToUnicode(deviceserial1, &USBD_StringSerial[18], 4);
 367:USB_DEVICE/App/usbd_desc.c ****     }
 368:USB_DEVICE/App/usbd_desc.c **** }
ARM GAS  C:\Users\MSI_NB\AppData\Local\Temp\ccDQGAPb.s 			page 9


 369:USB_DEVICE/App/usbd_desc.c **** 
 370:USB_DEVICE/App/usbd_desc.c **** /**
 371:USB_DEVICE/App/usbd_desc.c ****   * @brief  Convert Hex 32Bits value into char
 372:USB_DEVICE/App/usbd_desc.c ****   * @param  value: value to convert
 373:USB_DEVICE/App/usbd_desc.c ****   * @param  pbuf: pointer to the buffer
 374:USB_DEVICE/App/usbd_desc.c ****   * @param  len: buffer length
 375:USB_DEVICE/App/usbd_desc.c ****   * @retval None
 376:USB_DEVICE/App/usbd_desc.c ****   */
 377:USB_DEVICE/App/usbd_desc.c **** static void IntToUnicode(uint32_t value, uint8_t *pbuf, uint8_t len)
 378:USB_DEVICE/App/usbd_desc.c **** {
  94              		.loc 1 378 1 is_stmt 1 view -0
  95              		.cfi_startproc
  96              		@ args = 0, pretend = 0, frame = 0
  97              		@ frame_needed = 0, uses_anonymous_args = 0
 379:USB_DEVICE/App/usbd_desc.c ****     uint8_t idx = 0;
  98              		.loc 1 379 5 view .LVU15
 380:USB_DEVICE/App/usbd_desc.c **** 
 381:USB_DEVICE/App/usbd_desc.c ****     for (idx = 0; idx < len; idx++)
  99              		.loc 1 381 5 view .LVU16
 100              		.loc 1 381 14 is_stmt 0 view .LVU17
 101 0000 0023     		movs	r3, #0
 102              	.LVL5:
 103              		.loc 1 381 19 is_stmt 1 view .LVU18
 104              		.loc 1 381 5 is_stmt 0 view .LVU19
 105 0002 9342     		cmp	r3, r2
 106 0004 1ED2     		bcs	.L15
 378:USB_DEVICE/App/usbd_desc.c ****     uint8_t idx = 0;
 107              		.loc 1 378 1 view .LVU20
 108 0006 00B5     		push	{lr}
 109              		.cfi_def_cfa_offset 4
 110              		.cfi_offset 14, -4
 111 0008 10E0     		b	.L11
 112              	.L9:
 382:USB_DEVICE/App/usbd_desc.c ****     {
 383:USB_DEVICE/App/usbd_desc.c ****         if (((value >> 28)) < 0xA)
 384:USB_DEVICE/App/usbd_desc.c ****         {
 385:USB_DEVICE/App/usbd_desc.c ****             pbuf[2 * idx] = (value >> 28) + '0';
 386:USB_DEVICE/App/usbd_desc.c ****         } else
 387:USB_DEVICE/App/usbd_desc.c ****         {
 388:USB_DEVICE/App/usbd_desc.c ****             pbuf[2 * idx] = (value >> 28) + 'A' - 10;
 113              		.loc 1 388 13 is_stmt 1 view .LVU21
 114              		.loc 1 388 49 is_stmt 0 view .LVU22
 115 000a 0CF1370C 		add	ip, ip, #55
 116              		.loc 1 388 27 view .LVU23
 117 000e 01F813C0 		strb	ip, [r1, r3, lsl #1]
 118              	.L10:
 389:USB_DEVICE/App/usbd_desc.c ****         }
 390:USB_DEVICE/App/usbd_desc.c **** 
 391:USB_DEVICE/App/usbd_desc.c ****         value = value << 4;
 119              		.loc 1 391 9 is_stmt 1 discriminator 2 view .LVU24
 120              		.loc 1 391 15 is_stmt 0 discriminator 2 view .LVU25
 121 0012 0001     		lsls	r0, r0, #4
 122              	.LVL6:
 392:USB_DEVICE/App/usbd_desc.c **** 
 393:USB_DEVICE/App/usbd_desc.c ****         pbuf[2 * idx + 1] = 0;
 123              		.loc 1 393 9 is_stmt 1 discriminator 2 view .LVU26
 124              		.loc 1 393 16 is_stmt 0 discriminator 2 view .LVU27
ARM GAS  C:\Users\MSI_NB\AppData\Local\Temp\ccDQGAPb.s 			page 10


 125 0014 4FEA430C 		lsl	ip, r3, #1
 126              		.loc 1 393 13 discriminator 2 view .LVU28
 127 0018 0CF1010C 		add	ip, ip, #1
 128              		.loc 1 393 27 discriminator 2 view .LVU29
 129 001c 4FF0000E 		mov	lr, #0
 130 0020 01F80CE0 		strb	lr, [r1, ip]
 381:USB_DEVICE/App/usbd_desc.c ****     {
 131              		.loc 1 381 30 is_stmt 1 discriminator 2 view .LVU30
 381:USB_DEVICE/App/usbd_desc.c ****     {
 132              		.loc 1 381 33 is_stmt 0 discriminator 2 view .LVU31
 133 0024 0133     		adds	r3, r3, #1
 134              	.LVL7:
 381:USB_DEVICE/App/usbd_desc.c ****     {
 135              		.loc 1 381 33 discriminator 2 view .LVU32
 136 0026 DBB2     		uxtb	r3, r3
 137              	.LVL8:
 381:USB_DEVICE/App/usbd_desc.c ****     {
 138              		.loc 1 381 19 is_stmt 1 discriminator 2 view .LVU33
 381:USB_DEVICE/App/usbd_desc.c ****     {
 139              		.loc 1 381 5 is_stmt 0 discriminator 2 view .LVU34
 140 0028 9342     		cmp	r3, r2
 141 002a 09D2     		bcs	.L16
 142              	.L11:
 383:USB_DEVICE/App/usbd_desc.c ****         {
 143              		.loc 1 383 9 is_stmt 1 view .LVU35
 383:USB_DEVICE/App/usbd_desc.c ****         {
 144              		.loc 1 383 21 is_stmt 0 view .LVU36
 145 002c 4FEA107C 		lsr	ip, r0, #28
 383:USB_DEVICE/App/usbd_desc.c ****         {
 146              		.loc 1 383 12 view .LVU37
 147 0030 B0F1204F 		cmp	r0, #-1610612736
 148 0034 E9D2     		bcs	.L9
 385:USB_DEVICE/App/usbd_desc.c ****         } else
 149              		.loc 1 385 13 is_stmt 1 view .LVU38
 385:USB_DEVICE/App/usbd_desc.c ****         } else
 150              		.loc 1 385 43 is_stmt 0 view .LVU39
 151 0036 0CF1300C 		add	ip, ip, #48
 385:USB_DEVICE/App/usbd_desc.c ****         } else
 152              		.loc 1 385 27 view .LVU40
 153 003a 01F813C0 		strb	ip, [r1, r3, lsl #1]
 154 003e E8E7     		b	.L10
 155              	.L16:
 394:USB_DEVICE/App/usbd_desc.c ****     }
 395:USB_DEVICE/App/usbd_desc.c **** }
 156              		.loc 1 395 1 view .LVU41
 157 0040 5DF804FB 		ldr	pc, [sp], #4
 158              	.L15:
 159              		.cfi_def_cfa_offset 0
 160              		.cfi_restore 14
 161              		.loc 1 395 1 view .LVU42
 162 0044 7047     		bx	lr
 163              		.cfi_endproc
 164              	.LFE156:
 166              		.section	.text.Get_SerialNum,"ax",%progbits
 167              		.align	1
 168              		.syntax unified
 169              		.thumb
ARM GAS  C:\Users\MSI_NB\AppData\Local\Temp\ccDQGAPb.s 			page 11


 170              		.thumb_func
 172              	Get_SerialNum:
 173              	.LFB155:
 354:USB_DEVICE/App/usbd_desc.c ****     uint32_t deviceserial0, deviceserial1, deviceserial2;
 174              		.loc 1 354 1 is_stmt 1 view -0
 175              		.cfi_startproc
 176              		@ args = 0, pretend = 0, frame = 0
 177              		@ frame_needed = 0, uses_anonymous_args = 0
 178 0000 38B5     		push	{r3, r4, r5, lr}
 179              		.cfi_def_cfa_offset 16
 180              		.cfi_offset 3, -16
 181              		.cfi_offset 4, -12
 182              		.cfi_offset 5, -8
 183              		.cfi_offset 14, -4
 355:USB_DEVICE/App/usbd_desc.c **** 
 184              		.loc 1 355 5 view .LVU44
 357:USB_DEVICE/App/usbd_desc.c ****     deviceserial1 = *(uint32_t *) DEVICE_ID2;
 185              		.loc 1 357 5 view .LVU45
 357:USB_DEVICE/App/usbd_desc.c ****     deviceserial1 = *(uint32_t *) DEVICE_ID2;
 186              		.loc 1 357 19 is_stmt 0 view .LVU46
 187 0002 0B4B     		ldr	r3, .L21
 188 0004 D3F80008 		ldr	r0, [r3, #2048]
 189              	.LVL9:
 358:USB_DEVICE/App/usbd_desc.c ****     deviceserial2 = *(uint32_t *) DEVICE_ID3;
 190              		.loc 1 358 5 is_stmt 1 view .LVU47
 358:USB_DEVICE/App/usbd_desc.c ****     deviceserial2 = *(uint32_t *) DEVICE_ID3;
 191              		.loc 1 358 19 is_stmt 0 view .LVU48
 192 0008 D3F80448 		ldr	r4, [r3, #2052]
 193              	.LVL10:
 359:USB_DEVICE/App/usbd_desc.c **** 
 194              		.loc 1 359 5 is_stmt 1 view .LVU49
 359:USB_DEVICE/App/usbd_desc.c **** 
 195              		.loc 1 359 19 is_stmt 0 view .LVU50
 196 000c D3F80838 		ldr	r3, [r3, #2056]
 197              	.LVL11:
 361:USB_DEVICE/App/usbd_desc.c **** 
 198              		.loc 1 361 5 is_stmt 1 view .LVU51
 363:USB_DEVICE/App/usbd_desc.c ****     {
 199              		.loc 1 363 5 view .LVU52
 363:USB_DEVICE/App/usbd_desc.c ****     {
 200              		.loc 1 363 8 is_stmt 0 view .LVU53
 201 0010 C018     		adds	r0, r0, r3
 202              	.LVL12:
 363:USB_DEVICE/App/usbd_desc.c ****     {
 203              		.loc 1 363 8 view .LVU54
 204 0012 00D1     		bne	.L20
 205              	.LVL13:
 206              	.L17:
 368:USB_DEVICE/App/usbd_desc.c **** 
 207              		.loc 1 368 1 view .LVU55
 208 0014 38BD     		pop	{r3, r4, r5, pc}
 209              	.LVL14:
 210              	.L20:
 365:USB_DEVICE/App/usbd_desc.c ****         IntToUnicode(deviceserial1, &USBD_StringSerial[18], 4);
 211              		.loc 1 365 9 is_stmt 1 view .LVU56
 212 0016 074D     		ldr	r5, .L21+4
 213 0018 0822     		movs	r2, #8
ARM GAS  C:\Users\MSI_NB\AppData\Local\Temp\ccDQGAPb.s 			page 12


 214 001a A91C     		adds	r1, r5, #2
 215 001c FFF7FEFF 		bl	IntToUnicode
 216              	.LVL15:
 366:USB_DEVICE/App/usbd_desc.c ****     }
 217              		.loc 1 366 9 view .LVU57
 218 0020 0422     		movs	r2, #4
 219 0022 05F11201 		add	r1, r5, #18
 220 0026 2046     		mov	r0, r4
 221 0028 FFF7FEFF 		bl	IntToUnicode
 222              	.LVL16:
 368:USB_DEVICE/App/usbd_desc.c **** 
 223              		.loc 1 368 1 is_stmt 0 view .LVU58
 224 002c F2E7     		b	.L17
 225              	.L22:
 226 002e 00BF     		.align	2
 227              	.L21:
 228 0030 00E0F11F 		.word	535945216
 229 0034 00000000 		.word	.LANCHOR2
 230              		.cfi_endproc
 231              	.LFE155:
 233              		.section	.text.USBD_HS_SerialStrDescriptor,"ax",%progbits
 234              		.align	1
 235              		.global	USBD_HS_SerialStrDescriptor
 236              		.syntax unified
 237              		.thumb
 238              		.thumb_func
 240              	USBD_HS_SerialStrDescriptor:
 241              	.LVL17:
 242              	.LFB152:
 283:USB_DEVICE/App/usbd_desc.c ****     UNUSED(speed);
 243              		.loc 1 283 1 is_stmt 1 view -0
 244              		.cfi_startproc
 245              		@ args = 0, pretend = 0, frame = 0
 246              		@ frame_needed = 0, uses_anonymous_args = 0
 283:USB_DEVICE/App/usbd_desc.c ****     UNUSED(speed);
 247              		.loc 1 283 1 is_stmt 0 view .LVU60
 248 0000 08B5     		push	{r3, lr}
 249              		.cfi_def_cfa_offset 8
 250              		.cfi_offset 3, -8
 251              		.cfi_offset 14, -4
 284:USB_DEVICE/App/usbd_desc.c ****     *length = USB_SIZ_STRING_SERIAL;
 252              		.loc 1 284 5 is_stmt 1 view .LVU61
 285:USB_DEVICE/App/usbd_desc.c **** 
 253              		.loc 1 285 5 view .LVU62
 285:USB_DEVICE/App/usbd_desc.c **** 
 254              		.loc 1 285 13 is_stmt 0 view .LVU63
 255 0002 1A23     		movs	r3, #26
 256 0004 0B80     		strh	r3, [r1]	@ movhi
 289:USB_DEVICE/App/usbd_desc.c ****     /* USER CODE BEGIN USBD_HS_SerialStrDescriptor */
 257              		.loc 1 289 5 is_stmt 1 view .LVU64
 258 0006 FFF7FEFF 		bl	Get_SerialNum
 259              	.LVL18:
 294:USB_DEVICE/App/usbd_desc.c **** }
 260              		.loc 1 294 5 view .LVU65
 295:USB_DEVICE/App/usbd_desc.c **** 
 261              		.loc 1 295 1 is_stmt 0 view .LVU66
 262 000a 0148     		ldr	r0, .L25
ARM GAS  C:\Users\MSI_NB\AppData\Local\Temp\ccDQGAPb.s 			page 13


 263 000c 08BD     		pop	{r3, pc}
 264              	.L26:
 265 000e 00BF     		.align	2
 266              	.L25:
 267 0010 00000000 		.word	.LANCHOR2
 268              		.cfi_endproc
 269              	.LFE152:
 271              		.section	.rodata.USBD_HS_ProductStrDescriptor.str1.4,"aMS",%progbits,1
 272              		.align	2
 273              	.LC0:
 274 0000 53544D33 		.ascii	"STM32 Custom Human interface\000"
 274      32204375 
 274      73746F6D 
 274      2048756D 
 274      616E2069 
 275              		.section	.text.USBD_HS_ProductStrDescriptor,"ax",%progbits
 276              		.align	1
 277              		.global	USBD_HS_ProductStrDescriptor
 278              		.syntax unified
 279              		.thumb
 280              		.thumb_func
 282              	USBD_HS_ProductStrDescriptor:
 283              	.LVL19:
 284              	.LFB150:
 252:USB_DEVICE/App/usbd_desc.c ****     if (speed == 0)
 285              		.loc 1 252 1 is_stmt 1 view -0
 286              		.cfi_startproc
 287              		@ args = 0, pretend = 0, frame = 0
 288              		@ frame_needed = 0, uses_anonymous_args = 0
 252:USB_DEVICE/App/usbd_desc.c ****     if (speed == 0)
 289              		.loc 1 252 1 is_stmt 0 view .LVU68
 290 0000 08B5     		push	{r3, lr}
 291              		.cfi_def_cfa_offset 8
 292              		.cfi_offset 3, -8
 293              		.cfi_offset 14, -4
 294 0002 0A46     		mov	r2, r1
 253:USB_DEVICE/App/usbd_desc.c ****     {
 295              		.loc 1 253 5 is_stmt 1 view .LVU69
 253:USB_DEVICE/App/usbd_desc.c ****     {
 296              		.loc 1 253 8 is_stmt 0 view .LVU70
 297 0004 28B9     		cbnz	r0, .L28
 255:USB_DEVICE/App/usbd_desc.c ****     } else
 298              		.loc 1 255 9 is_stmt 1 view .LVU71
 299 0006 0549     		ldr	r1, .L31
 300              	.LVL20:
 255:USB_DEVICE/App/usbd_desc.c ****     } else
 301              		.loc 1 255 9 is_stmt 0 view .LVU72
 302 0008 0548     		ldr	r0, .L31+4
 303              	.LVL21:
 255:USB_DEVICE/App/usbd_desc.c ****     } else
 304              		.loc 1 255 9 view .LVU73
 305 000a FFF7FEFF 		bl	USBD_GetString
 306              	.LVL22:
 307              	.L29:
 260:USB_DEVICE/App/usbd_desc.c **** }
 308              		.loc 1 260 5 is_stmt 1 view .LVU74
 261:USB_DEVICE/App/usbd_desc.c **** 
ARM GAS  C:\Users\MSI_NB\AppData\Local\Temp\ccDQGAPb.s 			page 14


 309              		.loc 1 261 1 is_stmt 0 view .LVU75
 310 000e 0348     		ldr	r0, .L31
 311 0010 08BD     		pop	{r3, pc}
 312              	.LVL23:
 313              	.L28:
 258:USB_DEVICE/App/usbd_desc.c ****     }
 314              		.loc 1 258 9 is_stmt 1 view .LVU76
 315 0012 0249     		ldr	r1, .L31
 316              	.LVL24:
 258:USB_DEVICE/App/usbd_desc.c ****     }
 317              		.loc 1 258 9 is_stmt 0 view .LVU77
 318 0014 0248     		ldr	r0, .L31+4
 319              	.LVL25:
 258:USB_DEVICE/App/usbd_desc.c ****     }
 320              		.loc 1 258 9 view .LVU78
 321 0016 FFF7FEFF 		bl	USBD_GetString
 322              	.LVL26:
 258:USB_DEVICE/App/usbd_desc.c ****     }
 323              		.loc 1 258 9 view .LVU79
 324 001a F8E7     		b	.L29
 325              	.L32:
 326              		.align	2
 327              	.L31:
 328 001c 00000000 		.word	.LANCHOR3
 329 0020 00000000 		.word	.LC0
 330              		.cfi_endproc
 331              	.LFE150:
 333              		.section	.rodata.USBD_HS_ManufacturerStrDescriptor.str1.4,"aMS",%progbits,1
 334              		.align	2
 335              	.LC1:
 336 0000 53544D69 		.ascii	"STMicroelectronics\000"
 336      63726F65 
 336      6C656374 
 336      726F6E69 
 336      637300
 337              		.section	.text.USBD_HS_ManufacturerStrDescriptor,"ax",%progbits
 338              		.align	1
 339              		.global	USBD_HS_ManufacturerStrDescriptor
 340              		.syntax unified
 341              		.thumb
 342              		.thumb_func
 344              	USBD_HS_ManufacturerStrDescriptor:
 345              	.LVL27:
 346              	.LFB151:
 270:USB_DEVICE/App/usbd_desc.c ****     UNUSED(speed);
 347              		.loc 1 270 1 is_stmt 1 view -0
 348              		.cfi_startproc
 349              		@ args = 0, pretend = 0, frame = 0
 350              		@ frame_needed = 0, uses_anonymous_args = 0
 270:USB_DEVICE/App/usbd_desc.c ****     UNUSED(speed);
 351              		.loc 1 270 1 is_stmt 0 view .LVU81
 352 0000 10B5     		push	{r4, lr}
 353              		.cfi_def_cfa_offset 8
 354              		.cfi_offset 4, -8
 355              		.cfi_offset 14, -4
 356 0002 0A46     		mov	r2, r1
 271:USB_DEVICE/App/usbd_desc.c ****     USBD_GetString((uint8_t *) USBD_MANUFACTURER_STRING, USBD_StrDesc, length);
ARM GAS  C:\Users\MSI_NB\AppData\Local\Temp\ccDQGAPb.s 			page 15


 357              		.loc 1 271 5 is_stmt 1 view .LVU82
 272:USB_DEVICE/App/usbd_desc.c ****     return USBD_StrDesc;
 358              		.loc 1 272 5 view .LVU83
 359 0004 034C     		ldr	r4, .L35
 360 0006 2146     		mov	r1, r4
 361              	.LVL28:
 272:USB_DEVICE/App/usbd_desc.c ****     return USBD_StrDesc;
 362              		.loc 1 272 5 is_stmt 0 view .LVU84
 363 0008 0348     		ldr	r0, .L35+4
 364              	.LVL29:
 272:USB_DEVICE/App/usbd_desc.c ****     return USBD_StrDesc;
 365              		.loc 1 272 5 view .LVU85
 366 000a FFF7FEFF 		bl	USBD_GetString
 367              	.LVL30:
 273:USB_DEVICE/App/usbd_desc.c **** }
 368              		.loc 1 273 5 is_stmt 1 view .LVU86
 274:USB_DEVICE/App/usbd_desc.c **** 
 369              		.loc 1 274 1 is_stmt 0 view .LVU87
 370 000e 2046     		mov	r0, r4
 371 0010 10BD     		pop	{r4, pc}
 372              	.L36:
 373 0012 00BF     		.align	2
 374              	.L35:
 375 0014 00000000 		.word	.LANCHOR3
 376 0018 00000000 		.word	.LC1
 377              		.cfi_endproc
 378              	.LFE151:
 380              		.section	.rodata.USBD_HS_ConfigStrDescriptor.str1.4,"aMS",%progbits,1
 381              		.align	2
 382              	.LC2:
 383 0000 43757374 		.ascii	"Custom HID Config\000"
 383      6F6D2048 
 383      49442043 
 383      6F6E6669 
 383      6700
 384              		.section	.text.USBD_HS_ConfigStrDescriptor,"ax",%progbits
 385              		.align	1
 386              		.global	USBD_HS_ConfigStrDescriptor
 387              		.syntax unified
 388              		.thumb
 389              		.thumb_func
 391              	USBD_HS_ConfigStrDescriptor:
 392              	.LVL31:
 393              	.LFB153:
 304:USB_DEVICE/App/usbd_desc.c ****     if (speed == USBD_SPEED_HIGH)
 394              		.loc 1 304 1 is_stmt 1 view -0
 395              		.cfi_startproc
 396              		@ args = 0, pretend = 0, frame = 0
 397              		@ frame_needed = 0, uses_anonymous_args = 0
 304:USB_DEVICE/App/usbd_desc.c ****     if (speed == USBD_SPEED_HIGH)
 398              		.loc 1 304 1 is_stmt 0 view .LVU89
 399 0000 08B5     		push	{r3, lr}
 400              		.cfi_def_cfa_offset 8
 401              		.cfi_offset 3, -8
 402              		.cfi_offset 14, -4
 403 0002 0A46     		mov	r2, r1
 305:USB_DEVICE/App/usbd_desc.c ****     {
ARM GAS  C:\Users\MSI_NB\AppData\Local\Temp\ccDQGAPb.s 			page 16


 404              		.loc 1 305 5 is_stmt 1 view .LVU90
 305:USB_DEVICE/App/usbd_desc.c ****     {
 405              		.loc 1 305 8 is_stmt 0 view .LVU91
 406 0004 28B9     		cbnz	r0, .L38
 307:USB_DEVICE/App/usbd_desc.c ****     } else
 407              		.loc 1 307 9 is_stmt 1 view .LVU92
 408 0006 0549     		ldr	r1, .L41
 409              	.LVL32:
 307:USB_DEVICE/App/usbd_desc.c ****     } else
 410              		.loc 1 307 9 is_stmt 0 view .LVU93
 411 0008 0548     		ldr	r0, .L41+4
 412              	.LVL33:
 307:USB_DEVICE/App/usbd_desc.c ****     } else
 413              		.loc 1 307 9 view .LVU94
 414 000a FFF7FEFF 		bl	USBD_GetString
 415              	.LVL34:
 416              	.L39:
 312:USB_DEVICE/App/usbd_desc.c **** }
 417              		.loc 1 312 5 is_stmt 1 view .LVU95
 313:USB_DEVICE/App/usbd_desc.c **** 
 418              		.loc 1 313 1 is_stmt 0 view .LVU96
 419 000e 0348     		ldr	r0, .L41
 420 0010 08BD     		pop	{r3, pc}
 421              	.LVL35:
 422              	.L38:
 310:USB_DEVICE/App/usbd_desc.c ****     }
 423              		.loc 1 310 9 is_stmt 1 view .LVU97
 424 0012 0249     		ldr	r1, .L41
 425              	.LVL36:
 310:USB_DEVICE/App/usbd_desc.c ****     }
 426              		.loc 1 310 9 is_stmt 0 view .LVU98
 427 0014 0248     		ldr	r0, .L41+4
 428              	.LVL37:
 310:USB_DEVICE/App/usbd_desc.c ****     }
 429              		.loc 1 310 9 view .LVU99
 430 0016 FFF7FEFF 		bl	USBD_GetString
 431              	.LVL38:
 310:USB_DEVICE/App/usbd_desc.c ****     }
 432              		.loc 1 310 9 view .LVU100
 433 001a F8E7     		b	.L39
 434              	.L42:
 435              		.align	2
 436              	.L41:
 437 001c 00000000 		.word	.LANCHOR3
 438 0020 00000000 		.word	.LC2
 439              		.cfi_endproc
 440              	.LFE153:
 442              		.section	.rodata.USBD_HS_InterfaceStrDescriptor.str1.4,"aMS",%progbits,1
 443              		.align	2
 444              	.LC3:
 445 0000 43757374 		.ascii	"Custom HID Interface\000"
 445      6F6D2048 
 445      49442049 
 445      6E746572 
 445      66616365 
 446              		.section	.text.USBD_HS_InterfaceStrDescriptor,"ax",%progbits
 447              		.align	1
ARM GAS  C:\Users\MSI_NB\AppData\Local\Temp\ccDQGAPb.s 			page 17


 448              		.global	USBD_HS_InterfaceStrDescriptor
 449              		.syntax unified
 450              		.thumb
 451              		.thumb_func
 453              	USBD_HS_InterfaceStrDescriptor:
 454              	.LVL39:
 455              	.LFB154:
 322:USB_DEVICE/App/usbd_desc.c ****     if (speed == 0)
 456              		.loc 1 322 1 is_stmt 1 view -0
 457              		.cfi_startproc
 458              		@ args = 0, pretend = 0, frame = 0
 459              		@ frame_needed = 0, uses_anonymous_args = 0
 322:USB_DEVICE/App/usbd_desc.c ****     if (speed == 0)
 460              		.loc 1 322 1 is_stmt 0 view .LVU102
 461 0000 08B5     		push	{r3, lr}
 462              		.cfi_def_cfa_offset 8
 463              		.cfi_offset 3, -8
 464              		.cfi_offset 14, -4
 465 0002 0A46     		mov	r2, r1
 323:USB_DEVICE/App/usbd_desc.c ****     {
 466              		.loc 1 323 5 is_stmt 1 view .LVU103
 323:USB_DEVICE/App/usbd_desc.c ****     {
 467              		.loc 1 323 8 is_stmt 0 view .LVU104
 468 0004 28B9     		cbnz	r0, .L44
 325:USB_DEVICE/App/usbd_desc.c ****     } else
 469              		.loc 1 325 9 is_stmt 1 view .LVU105
 470 0006 0549     		ldr	r1, .L47
 471              	.LVL40:
 325:USB_DEVICE/App/usbd_desc.c ****     } else
 472              		.loc 1 325 9 is_stmt 0 view .LVU106
 473 0008 0548     		ldr	r0, .L47+4
 474              	.LVL41:
 325:USB_DEVICE/App/usbd_desc.c ****     } else
 475              		.loc 1 325 9 view .LVU107
 476 000a FFF7FEFF 		bl	USBD_GetString
 477              	.LVL42:
 478              	.L45:
 330:USB_DEVICE/App/usbd_desc.c **** }
 479              		.loc 1 330 5 is_stmt 1 view .LVU108
 331:USB_DEVICE/App/usbd_desc.c **** 
 480              		.loc 1 331 1 is_stmt 0 view .LVU109
 481 000e 0348     		ldr	r0, .L47
 482 0010 08BD     		pop	{r3, pc}
 483              	.LVL43:
 484              	.L44:
 328:USB_DEVICE/App/usbd_desc.c ****     }
 485              		.loc 1 328 9 is_stmt 1 view .LVU110
 486 0012 0249     		ldr	r1, .L47
 487              	.LVL44:
 328:USB_DEVICE/App/usbd_desc.c ****     }
 488              		.loc 1 328 9 is_stmt 0 view .LVU111
 489 0014 0248     		ldr	r0, .L47+4
 490              	.LVL45:
 328:USB_DEVICE/App/usbd_desc.c ****     }
 491              		.loc 1 328 9 view .LVU112
 492 0016 FFF7FEFF 		bl	USBD_GetString
 493              	.LVL46:
ARM GAS  C:\Users\MSI_NB\AppData\Local\Temp\ccDQGAPb.s 			page 18


 328:USB_DEVICE/App/usbd_desc.c ****     }
 494              		.loc 1 328 9 view .LVU113
 495 001a F8E7     		b	.L45
 496              	.L48:
 497              		.align	2
 498              	.L47:
 499 001c 00000000 		.word	.LANCHOR3
 500 0020 00000000 		.word	.LC3
 501              		.cfi_endproc
 502              	.LFE154:
 504              		.global	USBD_StringSerial
 505              		.global	USBD_StrDesc
 506              		.global	USBD_LangIDDesc
 507              		.global	USBD_HS_DeviceDesc
 508              		.global	HS_Desc
 509              		.section	.bss.USBD_StrDesc,"aw",%nobits
 510              		.align	2
 511              		.set	.LANCHOR3,. + 0
 514              	USBD_StrDesc:
 515 0000 00000000 		.space	512
 515      00000000 
 515      00000000 
 515      00000000 
 515      00000000 
 516              		.section	.data.HS_Desc,"aw"
 517              		.align	2
 520              	HS_Desc:
 521 0000 00000000 		.word	USBD_HS_DeviceDescriptor
 522 0004 00000000 		.word	USBD_HS_LangIDStrDescriptor
 523 0008 00000000 		.word	USBD_HS_ManufacturerStrDescriptor
 524 000c 00000000 		.word	USBD_HS_ProductStrDescriptor
 525 0010 00000000 		.word	USBD_HS_SerialStrDescriptor
 526 0014 00000000 		.word	USBD_HS_ConfigStrDescriptor
 527 0018 00000000 		.word	USBD_HS_InterfaceStrDescriptor
 528              		.section	.data.USBD_HS_DeviceDesc,"aw"
 529              		.align	2
 530              		.set	.LANCHOR0,. + 0
 533              	USBD_HS_DeviceDesc:
 534 0000 12010002 		.ascii	"\022\001\000\002\000\000\000@4\022xV\000\002\001\002"
 534      00000040 
 534      34127856 
 534      00020102 
 535 0010 0301     		.ascii	"\003\001"
 536              		.section	.data.USBD_LangIDDesc,"aw"
 537              		.align	2
 538              		.set	.LANCHOR1,. + 0
 541              	USBD_LangIDDesc:
 542 0000 04030904 		.ascii	"\004\003\011\004"
 543              		.section	.data.USBD_StringSerial,"aw"
 544              		.align	2
 545              		.set	.LANCHOR2,. + 0
 548              	USBD_StringSerial:
 549 0000 1A0300   		.ascii	"\032\003\000"
 550 0003 00000000 		.space	23
 550      00000000 
 550      00000000 
 550      00000000 
ARM GAS  C:\Users\MSI_NB\AppData\Local\Temp\ccDQGAPb.s 			page 19


 550      00000000 
 551              		.text
 552              	.Letext0:
 553              		.file 2 "d:\\tool\\gcc-arm-none-eabi\\arm-none-eabi\\include\\machine\\_default_types.h"
 554              		.file 3 "d:\\tool\\gcc-arm-none-eabi\\arm-none-eabi\\include\\sys\\_stdint.h"
 555              		.file 4 "Middlewares/ST/STM32_USB_Device_Library/Core/Inc/usbd_def.h"
 556              		.file 5 "USB_DEVICE/App/usbd_desc.h"
 557              		.file 6 "Middlewares/ST/STM32_USB_Device_Library/Core/Inc/usbd_ctlreq.h"
ARM GAS  C:\Users\MSI_NB\AppData\Local\Temp\ccDQGAPb.s 			page 20


DEFINED SYMBOLS
                            *ABS*:00000000 usbd_desc.c
C:\Users\MSI_NB\AppData\Local\Temp\ccDQGAPb.s:19     .text.USBD_HS_DeviceDescriptor:00000000 $t
C:\Users\MSI_NB\AppData\Local\Temp\ccDQGAPb.s:25     .text.USBD_HS_DeviceDescriptor:00000000 USBD_HS_DeviceDescriptor
C:\Users\MSI_NB\AppData\Local\Temp\ccDQGAPb.s:48     .text.USBD_HS_DeviceDescriptor:00000008 $d
C:\Users\MSI_NB\AppData\Local\Temp\ccDQGAPb.s:53     .text.USBD_HS_LangIDStrDescriptor:00000000 $t
C:\Users\MSI_NB\AppData\Local\Temp\ccDQGAPb.s:59     .text.USBD_HS_LangIDStrDescriptor:00000000 USBD_HS_LangIDStrDescriptor
C:\Users\MSI_NB\AppData\Local\Temp\ccDQGAPb.s:81     .text.USBD_HS_LangIDStrDescriptor:00000008 $d
C:\Users\MSI_NB\AppData\Local\Temp\ccDQGAPb.s:86     .text.IntToUnicode:00000000 $t
C:\Users\MSI_NB\AppData\Local\Temp\ccDQGAPb.s:91     .text.IntToUnicode:00000000 IntToUnicode
C:\Users\MSI_NB\AppData\Local\Temp\ccDQGAPb.s:167    .text.Get_SerialNum:00000000 $t
C:\Users\MSI_NB\AppData\Local\Temp\ccDQGAPb.s:172    .text.Get_SerialNum:00000000 Get_SerialNum
C:\Users\MSI_NB\AppData\Local\Temp\ccDQGAPb.s:228    .text.Get_SerialNum:00000030 $d
C:\Users\MSI_NB\AppData\Local\Temp\ccDQGAPb.s:234    .text.USBD_HS_SerialStrDescriptor:00000000 $t
C:\Users\MSI_NB\AppData\Local\Temp\ccDQGAPb.s:240    .text.USBD_HS_SerialStrDescriptor:00000000 USBD_HS_SerialStrDescriptor
C:\Users\MSI_NB\AppData\Local\Temp\ccDQGAPb.s:267    .text.USBD_HS_SerialStrDescriptor:00000010 $d
C:\Users\MSI_NB\AppData\Local\Temp\ccDQGAPb.s:272    .rodata.USBD_HS_ProductStrDescriptor.str1.4:00000000 $d
C:\Users\MSI_NB\AppData\Local\Temp\ccDQGAPb.s:276    .text.USBD_HS_ProductStrDescriptor:00000000 $t
C:\Users\MSI_NB\AppData\Local\Temp\ccDQGAPb.s:282    .text.USBD_HS_ProductStrDescriptor:00000000 USBD_HS_ProductStrDescriptor
C:\Users\MSI_NB\AppData\Local\Temp\ccDQGAPb.s:328    .text.USBD_HS_ProductStrDescriptor:0000001c $d
C:\Users\MSI_NB\AppData\Local\Temp\ccDQGAPb.s:334    .rodata.USBD_HS_ManufacturerStrDescriptor.str1.4:00000000 $d
C:\Users\MSI_NB\AppData\Local\Temp\ccDQGAPb.s:338    .text.USBD_HS_ManufacturerStrDescriptor:00000000 $t
C:\Users\MSI_NB\AppData\Local\Temp\ccDQGAPb.s:344    .text.USBD_HS_ManufacturerStrDescriptor:00000000 USBD_HS_ManufacturerStrDescriptor
C:\Users\MSI_NB\AppData\Local\Temp\ccDQGAPb.s:375    .text.USBD_HS_ManufacturerStrDescriptor:00000014 $d
C:\Users\MSI_NB\AppData\Local\Temp\ccDQGAPb.s:381    .rodata.USBD_HS_ConfigStrDescriptor.str1.4:00000000 $d
C:\Users\MSI_NB\AppData\Local\Temp\ccDQGAPb.s:385    .text.USBD_HS_ConfigStrDescriptor:00000000 $t
C:\Users\MSI_NB\AppData\Local\Temp\ccDQGAPb.s:391    .text.USBD_HS_ConfigStrDescriptor:00000000 USBD_HS_ConfigStrDescriptor
C:\Users\MSI_NB\AppData\Local\Temp\ccDQGAPb.s:437    .text.USBD_HS_ConfigStrDescriptor:0000001c $d
C:\Users\MSI_NB\AppData\Local\Temp\ccDQGAPb.s:443    .rodata.USBD_HS_InterfaceStrDescriptor.str1.4:00000000 $d
C:\Users\MSI_NB\AppData\Local\Temp\ccDQGAPb.s:447    .text.USBD_HS_InterfaceStrDescriptor:00000000 $t
C:\Users\MSI_NB\AppData\Local\Temp\ccDQGAPb.s:453    .text.USBD_HS_InterfaceStrDescriptor:00000000 USBD_HS_InterfaceStrDescriptor
C:\Users\MSI_NB\AppData\Local\Temp\ccDQGAPb.s:499    .text.USBD_HS_InterfaceStrDescriptor:0000001c $d
C:\Users\MSI_NB\AppData\Local\Temp\ccDQGAPb.s:548    .data.USBD_StringSerial:00000000 USBD_StringSerial
C:\Users\MSI_NB\AppData\Local\Temp\ccDQGAPb.s:514    .bss.USBD_StrDesc:00000000 USBD_StrDesc
C:\Users\MSI_NB\AppData\Local\Temp\ccDQGAPb.s:541    .data.USBD_LangIDDesc:00000000 USBD_LangIDDesc
C:\Users\MSI_NB\AppData\Local\Temp\ccDQGAPb.s:533    .data.USBD_HS_DeviceDesc:00000000 USBD_HS_DeviceDesc
C:\Users\MSI_NB\AppData\Local\Temp\ccDQGAPb.s:520    .data.HS_Desc:00000000 HS_Desc
C:\Users\MSI_NB\AppData\Local\Temp\ccDQGAPb.s:510    .bss.USBD_StrDesc:00000000 $d
C:\Users\MSI_NB\AppData\Local\Temp\ccDQGAPb.s:517    .data.HS_Desc:00000000 $d
C:\Users\MSI_NB\AppData\Local\Temp\ccDQGAPb.s:529    .data.USBD_HS_DeviceDesc:00000000 $d
C:\Users\MSI_NB\AppData\Local\Temp\ccDQGAPb.s:537    .data.USBD_LangIDDesc:00000000 $d
C:\Users\MSI_NB\AppData\Local\Temp\ccDQGAPb.s:544    .data.USBD_StringSerial:00000000 $d

UNDEFINED SYMBOLS
USBD_GetString
