ARM GAS  C:\Users\MSI_NB\AppData\Local\Temp\ccCEA0MW.s 			page 1


   1              		.cpu cortex-m7
   2              		.arch armv7e-m
   3              		.fpu fpv5-d16
   4              		.eabi_attribute 28, 1
   5              		.eabi_attribute 20, 1
   6              		.eabi_attribute 21, 1
   7              		.eabi_attribute 23, 3
   8              		.eabi_attribute 24, 1
   9              		.eabi_attribute 25, 1
  10              		.eabi_attribute 26, 1
  11              		.eabi_attribute 30, 1
  12              		.eabi_attribute 34, 1
  13              		.eabi_attribute 18, 4
  14              		.file	"usbd_ioreq.c"
  15              		.text
  16              	.Ltext0:
  17              		.cfi_sections	.debug_frame
  18              		.section	.text.USBD_CtlSendData,"ax",%progbits
  19              		.align	1
  20              		.global	USBD_CtlSendData
  21              		.syntax unified
  22              		.thumb
  23              		.thumb_func
  25              	USBD_CtlSendData:
  26              	.LVL0:
  27              	.LFB148:
  28              		.file 1 "Middlewares/ST/STM32_USB_Device_Library/Core/Src/usbd_ioreq.c"
   1:Middlewares/ST/STM32_USB_Device_Library/Core/Src/usbd_ioreq.c **** /**
   2:Middlewares/ST/STM32_USB_Device_Library/Core/Src/usbd_ioreq.c ****   ******************************************************************************
   3:Middlewares/ST/STM32_USB_Device_Library/Core/Src/usbd_ioreq.c ****   * @file    usbd_ioreq.c
   4:Middlewares/ST/STM32_USB_Device_Library/Core/Src/usbd_ioreq.c ****   * @author  MCD Application Team
   5:Middlewares/ST/STM32_USB_Device_Library/Core/Src/usbd_ioreq.c ****   * @brief   This file provides the IO requests APIs for control endpoints.
   6:Middlewares/ST/STM32_USB_Device_Library/Core/Src/usbd_ioreq.c ****   ******************************************************************************
   7:Middlewares/ST/STM32_USB_Device_Library/Core/Src/usbd_ioreq.c ****   * @attention
   8:Middlewares/ST/STM32_USB_Device_Library/Core/Src/usbd_ioreq.c ****   *
   9:Middlewares/ST/STM32_USB_Device_Library/Core/Src/usbd_ioreq.c ****   * <h2><center>&copy; Copyright (c) 2015 STMicroelectronics.
  10:Middlewares/ST/STM32_USB_Device_Library/Core/Src/usbd_ioreq.c ****   * All rights reserved.</center></h2>
  11:Middlewares/ST/STM32_USB_Device_Library/Core/Src/usbd_ioreq.c ****   *
  12:Middlewares/ST/STM32_USB_Device_Library/Core/Src/usbd_ioreq.c ****   * This software component is licensed by ST under Ultimate Liberty license
  13:Middlewares/ST/STM32_USB_Device_Library/Core/Src/usbd_ioreq.c ****   * SLA0044, the "License"; You may not use this file except in compliance with
  14:Middlewares/ST/STM32_USB_Device_Library/Core/Src/usbd_ioreq.c ****   * the License. You may obtain a copy of the License at:
  15:Middlewares/ST/STM32_USB_Device_Library/Core/Src/usbd_ioreq.c ****   *                      www.st.com/SLA0044
  16:Middlewares/ST/STM32_USB_Device_Library/Core/Src/usbd_ioreq.c ****   *
  17:Middlewares/ST/STM32_USB_Device_Library/Core/Src/usbd_ioreq.c ****   ******************************************************************************
  18:Middlewares/ST/STM32_USB_Device_Library/Core/Src/usbd_ioreq.c ****   */
  19:Middlewares/ST/STM32_USB_Device_Library/Core/Src/usbd_ioreq.c **** 
  20:Middlewares/ST/STM32_USB_Device_Library/Core/Src/usbd_ioreq.c **** /* Includes ------------------------------------------------------------------*/
  21:Middlewares/ST/STM32_USB_Device_Library/Core/Src/usbd_ioreq.c **** #include "usbd_ioreq.h"
  22:Middlewares/ST/STM32_USB_Device_Library/Core/Src/usbd_ioreq.c **** 
  23:Middlewares/ST/STM32_USB_Device_Library/Core/Src/usbd_ioreq.c **** /** @addtogroup STM32_USB_DEVICE_LIBRARY
  24:Middlewares/ST/STM32_USB_Device_Library/Core/Src/usbd_ioreq.c ****   * @{
  25:Middlewares/ST/STM32_USB_Device_Library/Core/Src/usbd_ioreq.c ****   */
  26:Middlewares/ST/STM32_USB_Device_Library/Core/Src/usbd_ioreq.c **** 
  27:Middlewares/ST/STM32_USB_Device_Library/Core/Src/usbd_ioreq.c **** 
  28:Middlewares/ST/STM32_USB_Device_Library/Core/Src/usbd_ioreq.c **** /** @defgroup USBD_IOREQ
  29:Middlewares/ST/STM32_USB_Device_Library/Core/Src/usbd_ioreq.c ****   * @brief control I/O requests module
  30:Middlewares/ST/STM32_USB_Device_Library/Core/Src/usbd_ioreq.c ****   * @{
ARM GAS  C:\Users\MSI_NB\AppData\Local\Temp\ccCEA0MW.s 			page 2


  31:Middlewares/ST/STM32_USB_Device_Library/Core/Src/usbd_ioreq.c ****   */
  32:Middlewares/ST/STM32_USB_Device_Library/Core/Src/usbd_ioreq.c **** 
  33:Middlewares/ST/STM32_USB_Device_Library/Core/Src/usbd_ioreq.c **** /** @defgroup USBD_IOREQ_Private_TypesDefinitions
  34:Middlewares/ST/STM32_USB_Device_Library/Core/Src/usbd_ioreq.c ****   * @{
  35:Middlewares/ST/STM32_USB_Device_Library/Core/Src/usbd_ioreq.c ****   */
  36:Middlewares/ST/STM32_USB_Device_Library/Core/Src/usbd_ioreq.c **** /**
  37:Middlewares/ST/STM32_USB_Device_Library/Core/Src/usbd_ioreq.c ****   * @}
  38:Middlewares/ST/STM32_USB_Device_Library/Core/Src/usbd_ioreq.c ****   */
  39:Middlewares/ST/STM32_USB_Device_Library/Core/Src/usbd_ioreq.c **** 
  40:Middlewares/ST/STM32_USB_Device_Library/Core/Src/usbd_ioreq.c **** 
  41:Middlewares/ST/STM32_USB_Device_Library/Core/Src/usbd_ioreq.c **** /** @defgroup USBD_IOREQ_Private_Defines
  42:Middlewares/ST/STM32_USB_Device_Library/Core/Src/usbd_ioreq.c ****   * @{
  43:Middlewares/ST/STM32_USB_Device_Library/Core/Src/usbd_ioreq.c ****   */
  44:Middlewares/ST/STM32_USB_Device_Library/Core/Src/usbd_ioreq.c **** 
  45:Middlewares/ST/STM32_USB_Device_Library/Core/Src/usbd_ioreq.c **** /**
  46:Middlewares/ST/STM32_USB_Device_Library/Core/Src/usbd_ioreq.c ****   * @}
  47:Middlewares/ST/STM32_USB_Device_Library/Core/Src/usbd_ioreq.c ****   */
  48:Middlewares/ST/STM32_USB_Device_Library/Core/Src/usbd_ioreq.c **** 
  49:Middlewares/ST/STM32_USB_Device_Library/Core/Src/usbd_ioreq.c **** 
  50:Middlewares/ST/STM32_USB_Device_Library/Core/Src/usbd_ioreq.c **** /** @defgroup USBD_IOREQ_Private_Macros
  51:Middlewares/ST/STM32_USB_Device_Library/Core/Src/usbd_ioreq.c ****   * @{
  52:Middlewares/ST/STM32_USB_Device_Library/Core/Src/usbd_ioreq.c ****   */
  53:Middlewares/ST/STM32_USB_Device_Library/Core/Src/usbd_ioreq.c **** /**
  54:Middlewares/ST/STM32_USB_Device_Library/Core/Src/usbd_ioreq.c ****   * @}
  55:Middlewares/ST/STM32_USB_Device_Library/Core/Src/usbd_ioreq.c ****   */
  56:Middlewares/ST/STM32_USB_Device_Library/Core/Src/usbd_ioreq.c **** 
  57:Middlewares/ST/STM32_USB_Device_Library/Core/Src/usbd_ioreq.c **** 
  58:Middlewares/ST/STM32_USB_Device_Library/Core/Src/usbd_ioreq.c **** /** @defgroup USBD_IOREQ_Private_Variables
  59:Middlewares/ST/STM32_USB_Device_Library/Core/Src/usbd_ioreq.c ****   * @{
  60:Middlewares/ST/STM32_USB_Device_Library/Core/Src/usbd_ioreq.c ****   */
  61:Middlewares/ST/STM32_USB_Device_Library/Core/Src/usbd_ioreq.c **** 
  62:Middlewares/ST/STM32_USB_Device_Library/Core/Src/usbd_ioreq.c **** /**
  63:Middlewares/ST/STM32_USB_Device_Library/Core/Src/usbd_ioreq.c ****   * @}
  64:Middlewares/ST/STM32_USB_Device_Library/Core/Src/usbd_ioreq.c ****   */
  65:Middlewares/ST/STM32_USB_Device_Library/Core/Src/usbd_ioreq.c **** 
  66:Middlewares/ST/STM32_USB_Device_Library/Core/Src/usbd_ioreq.c **** 
  67:Middlewares/ST/STM32_USB_Device_Library/Core/Src/usbd_ioreq.c **** /** @defgroup USBD_IOREQ_Private_FunctionPrototypes
  68:Middlewares/ST/STM32_USB_Device_Library/Core/Src/usbd_ioreq.c ****   * @{
  69:Middlewares/ST/STM32_USB_Device_Library/Core/Src/usbd_ioreq.c ****   */
  70:Middlewares/ST/STM32_USB_Device_Library/Core/Src/usbd_ioreq.c **** /**
  71:Middlewares/ST/STM32_USB_Device_Library/Core/Src/usbd_ioreq.c ****   * @}
  72:Middlewares/ST/STM32_USB_Device_Library/Core/Src/usbd_ioreq.c ****   */
  73:Middlewares/ST/STM32_USB_Device_Library/Core/Src/usbd_ioreq.c **** 
  74:Middlewares/ST/STM32_USB_Device_Library/Core/Src/usbd_ioreq.c **** 
  75:Middlewares/ST/STM32_USB_Device_Library/Core/Src/usbd_ioreq.c **** /** @defgroup USBD_IOREQ_Private_Functions
  76:Middlewares/ST/STM32_USB_Device_Library/Core/Src/usbd_ioreq.c ****   * @{
  77:Middlewares/ST/STM32_USB_Device_Library/Core/Src/usbd_ioreq.c ****   */
  78:Middlewares/ST/STM32_USB_Device_Library/Core/Src/usbd_ioreq.c **** 
  79:Middlewares/ST/STM32_USB_Device_Library/Core/Src/usbd_ioreq.c **** /**
  80:Middlewares/ST/STM32_USB_Device_Library/Core/Src/usbd_ioreq.c ****   * @brief  USBD_CtlSendData
  81:Middlewares/ST/STM32_USB_Device_Library/Core/Src/usbd_ioreq.c ****   *         send data on the ctl pipe
  82:Middlewares/ST/STM32_USB_Device_Library/Core/Src/usbd_ioreq.c ****   * @param  pdev: device instance
  83:Middlewares/ST/STM32_USB_Device_Library/Core/Src/usbd_ioreq.c ****   * @param  buff: pointer to data buffer
  84:Middlewares/ST/STM32_USB_Device_Library/Core/Src/usbd_ioreq.c ****   * @param  len: length of data to be sent
  85:Middlewares/ST/STM32_USB_Device_Library/Core/Src/usbd_ioreq.c ****   * @retval status
  86:Middlewares/ST/STM32_USB_Device_Library/Core/Src/usbd_ioreq.c ****   */
  87:Middlewares/ST/STM32_USB_Device_Library/Core/Src/usbd_ioreq.c **** USBD_StatusTypeDef USBD_CtlSendData(USBD_HandleTypeDef *pdev,
ARM GAS  C:\Users\MSI_NB\AppData\Local\Temp\ccCEA0MW.s 			page 3


  88:Middlewares/ST/STM32_USB_Device_Library/Core/Src/usbd_ioreq.c ****                                     uint8_t *pbuf, uint32_t len)
  89:Middlewares/ST/STM32_USB_Device_Library/Core/Src/usbd_ioreq.c **** {
  29              		.loc 1 89 1 view -0
  30              		.cfi_startproc
  31              		@ args = 0, pretend = 0, frame = 0
  32              		@ frame_needed = 0, uses_anonymous_args = 0
  33              		.loc 1 89 1 is_stmt 0 view .LVU1
  34 0000 08B5     		push	{r3, lr}
  35              		.cfi_def_cfa_offset 8
  36              		.cfi_offset 3, -8
  37              		.cfi_offset 14, -4
  38 0002 1346     		mov	r3, r2
  90:Middlewares/ST/STM32_USB_Device_Library/Core/Src/usbd_ioreq.c ****   /* Set EP0 State */
  91:Middlewares/ST/STM32_USB_Device_Library/Core/Src/usbd_ioreq.c ****   pdev->ep0_state = USBD_EP0_DATA_IN;
  39              		.loc 1 91 3 is_stmt 1 view .LVU2
  40              		.loc 1 91 19 is_stmt 0 view .LVU3
  41 0004 0222     		movs	r2, #2
  42              	.LVL1:
  43              		.loc 1 91 19 view .LVU4
  44 0006 C0F89422 		str	r2, [r0, #660]
  92:Middlewares/ST/STM32_USB_Device_Library/Core/Src/usbd_ioreq.c ****   pdev->ep_in[0].total_length = len;
  45              		.loc 1 92 3 is_stmt 1 view .LVU5
  46              		.loc 1 92 31 is_stmt 0 view .LVU6
  47 000a 8361     		str	r3, [r0, #24]
  93:Middlewares/ST/STM32_USB_Device_Library/Core/Src/usbd_ioreq.c **** 
  94:Middlewares/ST/STM32_USB_Device_Library/Core/Src/usbd_ioreq.c **** #ifdef USBD_AVOID_PACKET_SPLIT_MPS
  95:Middlewares/ST/STM32_USB_Device_Library/Core/Src/usbd_ioreq.c ****   pdev->ep_in[0].rem_length = 0U;
  96:Middlewares/ST/STM32_USB_Device_Library/Core/Src/usbd_ioreq.c **** #else
  97:Middlewares/ST/STM32_USB_Device_Library/Core/Src/usbd_ioreq.c ****   pdev->ep_in[0].rem_length = len;
  48              		.loc 1 97 3 is_stmt 1 view .LVU7
  49              		.loc 1 97 29 is_stmt 0 view .LVU8
  50 000c C361     		str	r3, [r0, #28]
  98:Middlewares/ST/STM32_USB_Device_Library/Core/Src/usbd_ioreq.c **** #endif
  99:Middlewares/ST/STM32_USB_Device_Library/Core/Src/usbd_ioreq.c **** 
 100:Middlewares/ST/STM32_USB_Device_Library/Core/Src/usbd_ioreq.c ****   /* Start the transfer */
 101:Middlewares/ST/STM32_USB_Device_Library/Core/Src/usbd_ioreq.c ****   (void)USBD_LL_Transmit(pdev, 0x00U, pbuf, len);
  51              		.loc 1 101 3 is_stmt 1 view .LVU9
  52              		.loc 1 101 9 is_stmt 0 view .LVU10
  53 000e 0A46     		mov	r2, r1
  54 0010 0021     		movs	r1, #0
  55              	.LVL2:
  56              		.loc 1 101 9 view .LVU11
  57 0012 FFF7FEFF 		bl	USBD_LL_Transmit
  58              	.LVL3:
 102:Middlewares/ST/STM32_USB_Device_Library/Core/Src/usbd_ioreq.c **** 
 103:Middlewares/ST/STM32_USB_Device_Library/Core/Src/usbd_ioreq.c ****   return USBD_OK;
  59              		.loc 1 103 3 is_stmt 1 view .LVU12
 104:Middlewares/ST/STM32_USB_Device_Library/Core/Src/usbd_ioreq.c **** }
  60              		.loc 1 104 1 is_stmt 0 view .LVU13
  61 0016 0020     		movs	r0, #0
  62 0018 08BD     		pop	{r3, pc}
  63              		.cfi_endproc
  64              	.LFE148:
  66              		.section	.text.USBD_CtlContinueSendData,"ax",%progbits
  67              		.align	1
  68              		.global	USBD_CtlContinueSendData
  69              		.syntax unified
ARM GAS  C:\Users\MSI_NB\AppData\Local\Temp\ccCEA0MW.s 			page 4


  70              		.thumb
  71              		.thumb_func
  73              	USBD_CtlContinueSendData:
  74              	.LVL4:
  75              	.LFB149:
 105:Middlewares/ST/STM32_USB_Device_Library/Core/Src/usbd_ioreq.c **** 
 106:Middlewares/ST/STM32_USB_Device_Library/Core/Src/usbd_ioreq.c **** /**
 107:Middlewares/ST/STM32_USB_Device_Library/Core/Src/usbd_ioreq.c ****   * @brief  USBD_CtlContinueSendData
 108:Middlewares/ST/STM32_USB_Device_Library/Core/Src/usbd_ioreq.c ****   *         continue sending data on the ctl pipe
 109:Middlewares/ST/STM32_USB_Device_Library/Core/Src/usbd_ioreq.c ****   * @param  pdev: device instance
 110:Middlewares/ST/STM32_USB_Device_Library/Core/Src/usbd_ioreq.c ****   * @param  buff: pointer to data buffer
 111:Middlewares/ST/STM32_USB_Device_Library/Core/Src/usbd_ioreq.c ****   * @param  len: length of data to be sent
 112:Middlewares/ST/STM32_USB_Device_Library/Core/Src/usbd_ioreq.c ****   * @retval status
 113:Middlewares/ST/STM32_USB_Device_Library/Core/Src/usbd_ioreq.c ****   */
 114:Middlewares/ST/STM32_USB_Device_Library/Core/Src/usbd_ioreq.c **** USBD_StatusTypeDef USBD_CtlContinueSendData(USBD_HandleTypeDef *pdev,
 115:Middlewares/ST/STM32_USB_Device_Library/Core/Src/usbd_ioreq.c ****                                             uint8_t *pbuf, uint32_t len)
 116:Middlewares/ST/STM32_USB_Device_Library/Core/Src/usbd_ioreq.c **** {
  76              		.loc 1 116 1 is_stmt 1 view -0
  77              		.cfi_startproc
  78              		@ args = 0, pretend = 0, frame = 0
  79              		@ frame_needed = 0, uses_anonymous_args = 0
  80              		.loc 1 116 1 is_stmt 0 view .LVU15
  81 0000 08B5     		push	{r3, lr}
  82              		.cfi_def_cfa_offset 8
  83              		.cfi_offset 3, -8
  84              		.cfi_offset 14, -4
  85 0002 1346     		mov	r3, r2
 117:Middlewares/ST/STM32_USB_Device_Library/Core/Src/usbd_ioreq.c ****   /* Start the next transfer */
 118:Middlewares/ST/STM32_USB_Device_Library/Core/Src/usbd_ioreq.c ****   (void)USBD_LL_Transmit(pdev, 0x00U, pbuf, len);
  86              		.loc 1 118 3 is_stmt 1 view .LVU16
  87              		.loc 1 118 9 is_stmt 0 view .LVU17
  88 0004 0A46     		mov	r2, r1
  89              	.LVL5:
  90              		.loc 1 118 9 view .LVU18
  91 0006 0021     		movs	r1, #0
  92              	.LVL6:
  93              		.loc 1 118 9 view .LVU19
  94 0008 FFF7FEFF 		bl	USBD_LL_Transmit
  95              	.LVL7:
 119:Middlewares/ST/STM32_USB_Device_Library/Core/Src/usbd_ioreq.c **** 
 120:Middlewares/ST/STM32_USB_Device_Library/Core/Src/usbd_ioreq.c ****   return USBD_OK;
  96              		.loc 1 120 3 is_stmt 1 view .LVU20
 121:Middlewares/ST/STM32_USB_Device_Library/Core/Src/usbd_ioreq.c **** }
  97              		.loc 1 121 1 is_stmt 0 view .LVU21
  98 000c 0020     		movs	r0, #0
  99 000e 08BD     		pop	{r3, pc}
 100              		.cfi_endproc
 101              	.LFE149:
 103              		.section	.text.USBD_CtlPrepareRx,"ax",%progbits
 104              		.align	1
 105              		.global	USBD_CtlPrepareRx
 106              		.syntax unified
 107              		.thumb
 108              		.thumb_func
 110              	USBD_CtlPrepareRx:
 111              	.LVL8:
 112              	.LFB150:
ARM GAS  C:\Users\MSI_NB\AppData\Local\Temp\ccCEA0MW.s 			page 5


 122:Middlewares/ST/STM32_USB_Device_Library/Core/Src/usbd_ioreq.c **** 
 123:Middlewares/ST/STM32_USB_Device_Library/Core/Src/usbd_ioreq.c **** /**
 124:Middlewares/ST/STM32_USB_Device_Library/Core/Src/usbd_ioreq.c ****   * @brief  USBD_CtlPrepareRx
 125:Middlewares/ST/STM32_USB_Device_Library/Core/Src/usbd_ioreq.c ****   *         receive data on the ctl pipe
 126:Middlewares/ST/STM32_USB_Device_Library/Core/Src/usbd_ioreq.c ****   * @param  pdev: device instance
 127:Middlewares/ST/STM32_USB_Device_Library/Core/Src/usbd_ioreq.c ****   * @param  buff: pointer to data buffer
 128:Middlewares/ST/STM32_USB_Device_Library/Core/Src/usbd_ioreq.c ****   * @param  len: length of data to be received
 129:Middlewares/ST/STM32_USB_Device_Library/Core/Src/usbd_ioreq.c ****   * @retval status
 130:Middlewares/ST/STM32_USB_Device_Library/Core/Src/usbd_ioreq.c ****   */
 131:Middlewares/ST/STM32_USB_Device_Library/Core/Src/usbd_ioreq.c **** USBD_StatusTypeDef USBD_CtlPrepareRx(USBD_HandleTypeDef *pdev,
 132:Middlewares/ST/STM32_USB_Device_Library/Core/Src/usbd_ioreq.c ****                                      uint8_t *pbuf, uint32_t len)
 133:Middlewares/ST/STM32_USB_Device_Library/Core/Src/usbd_ioreq.c **** {
 113              		.loc 1 133 1 is_stmt 1 view -0
 114              		.cfi_startproc
 115              		@ args = 0, pretend = 0, frame = 0
 116              		@ frame_needed = 0, uses_anonymous_args = 0
 117              		.loc 1 133 1 is_stmt 0 view .LVU23
 118 0000 08B5     		push	{r3, lr}
 119              		.cfi_def_cfa_offset 8
 120              		.cfi_offset 3, -8
 121              		.cfi_offset 14, -4
 122 0002 1346     		mov	r3, r2
 134:Middlewares/ST/STM32_USB_Device_Library/Core/Src/usbd_ioreq.c ****   /* Set EP0 State */
 135:Middlewares/ST/STM32_USB_Device_Library/Core/Src/usbd_ioreq.c ****   pdev->ep0_state = USBD_EP0_DATA_OUT;
 123              		.loc 1 135 3 is_stmt 1 view .LVU24
 124              		.loc 1 135 19 is_stmt 0 view .LVU25
 125 0004 0322     		movs	r2, #3
 126              	.LVL9:
 127              		.loc 1 135 19 view .LVU26
 128 0006 C0F89422 		str	r2, [r0, #660]
 136:Middlewares/ST/STM32_USB_Device_Library/Core/Src/usbd_ioreq.c ****   pdev->ep_out[0].total_length = len;
 129              		.loc 1 136 3 is_stmt 1 view .LVU27
 130              		.loc 1 136 32 is_stmt 0 view .LVU28
 131 000a C0F85831 		str	r3, [r0, #344]
 137:Middlewares/ST/STM32_USB_Device_Library/Core/Src/usbd_ioreq.c **** 
 138:Middlewares/ST/STM32_USB_Device_Library/Core/Src/usbd_ioreq.c **** #ifdef USBD_AVOID_PACKET_SPLIT_MPS
 139:Middlewares/ST/STM32_USB_Device_Library/Core/Src/usbd_ioreq.c ****   pdev->ep_out[0].rem_length = 0U;
 140:Middlewares/ST/STM32_USB_Device_Library/Core/Src/usbd_ioreq.c **** #else
 141:Middlewares/ST/STM32_USB_Device_Library/Core/Src/usbd_ioreq.c ****   pdev->ep_out[0].rem_length = len;
 132              		.loc 1 141 3 is_stmt 1 view .LVU29
 133              		.loc 1 141 30 is_stmt 0 view .LVU30
 134 000e C0F85C31 		str	r3, [r0, #348]
 142:Middlewares/ST/STM32_USB_Device_Library/Core/Src/usbd_ioreq.c **** #endif
 143:Middlewares/ST/STM32_USB_Device_Library/Core/Src/usbd_ioreq.c **** 
 144:Middlewares/ST/STM32_USB_Device_Library/Core/Src/usbd_ioreq.c ****   /* Start the transfer */
 145:Middlewares/ST/STM32_USB_Device_Library/Core/Src/usbd_ioreq.c ****   (void)USBD_LL_PrepareReceive(pdev, 0U, pbuf, len);
 135              		.loc 1 145 3 is_stmt 1 view .LVU31
 136              		.loc 1 145 9 is_stmt 0 view .LVU32
 137 0012 0A46     		mov	r2, r1
 138 0014 0021     		movs	r1, #0
 139              	.LVL10:
 140              		.loc 1 145 9 view .LVU33
 141 0016 FFF7FEFF 		bl	USBD_LL_PrepareReceive
 142              	.LVL11:
 146:Middlewares/ST/STM32_USB_Device_Library/Core/Src/usbd_ioreq.c **** 
 147:Middlewares/ST/STM32_USB_Device_Library/Core/Src/usbd_ioreq.c ****   return USBD_OK;
 143              		.loc 1 147 3 is_stmt 1 view .LVU34
ARM GAS  C:\Users\MSI_NB\AppData\Local\Temp\ccCEA0MW.s 			page 6


 148:Middlewares/ST/STM32_USB_Device_Library/Core/Src/usbd_ioreq.c **** }
 144              		.loc 1 148 1 is_stmt 0 view .LVU35
 145 001a 0020     		movs	r0, #0
 146 001c 08BD     		pop	{r3, pc}
 147              		.cfi_endproc
 148              	.LFE150:
 150              		.section	.text.USBD_CtlContinueRx,"ax",%progbits
 151              		.align	1
 152              		.global	USBD_CtlContinueRx
 153              		.syntax unified
 154              		.thumb
 155              		.thumb_func
 157              	USBD_CtlContinueRx:
 158              	.LVL12:
 159              	.LFB151:
 149:Middlewares/ST/STM32_USB_Device_Library/Core/Src/usbd_ioreq.c **** 
 150:Middlewares/ST/STM32_USB_Device_Library/Core/Src/usbd_ioreq.c **** /**
 151:Middlewares/ST/STM32_USB_Device_Library/Core/Src/usbd_ioreq.c ****   * @brief  USBD_CtlContinueRx
 152:Middlewares/ST/STM32_USB_Device_Library/Core/Src/usbd_ioreq.c ****   *         continue receive data on the ctl pipe
 153:Middlewares/ST/STM32_USB_Device_Library/Core/Src/usbd_ioreq.c ****   * @param  pdev: device instance
 154:Middlewares/ST/STM32_USB_Device_Library/Core/Src/usbd_ioreq.c ****   * @param  buff: pointer to data buffer
 155:Middlewares/ST/STM32_USB_Device_Library/Core/Src/usbd_ioreq.c ****   * @param  len: length of data to be received
 156:Middlewares/ST/STM32_USB_Device_Library/Core/Src/usbd_ioreq.c ****   * @retval status
 157:Middlewares/ST/STM32_USB_Device_Library/Core/Src/usbd_ioreq.c ****   */
 158:Middlewares/ST/STM32_USB_Device_Library/Core/Src/usbd_ioreq.c **** USBD_StatusTypeDef USBD_CtlContinueRx(USBD_HandleTypeDef *pdev,
 159:Middlewares/ST/STM32_USB_Device_Library/Core/Src/usbd_ioreq.c ****                                       uint8_t *pbuf, uint32_t len)
 160:Middlewares/ST/STM32_USB_Device_Library/Core/Src/usbd_ioreq.c **** {
 160              		.loc 1 160 1 is_stmt 1 view -0
 161              		.cfi_startproc
 162              		@ args = 0, pretend = 0, frame = 0
 163              		@ frame_needed = 0, uses_anonymous_args = 0
 164              		.loc 1 160 1 is_stmt 0 view .LVU37
 165 0000 08B5     		push	{r3, lr}
 166              		.cfi_def_cfa_offset 8
 167              		.cfi_offset 3, -8
 168              		.cfi_offset 14, -4
 169 0002 1346     		mov	r3, r2
 161:Middlewares/ST/STM32_USB_Device_Library/Core/Src/usbd_ioreq.c ****   (void)USBD_LL_PrepareReceive(pdev, 0U, pbuf, len);
 170              		.loc 1 161 3 is_stmt 1 view .LVU38
 171              		.loc 1 161 9 is_stmt 0 view .LVU39
 172 0004 0A46     		mov	r2, r1
 173              	.LVL13:
 174              		.loc 1 161 9 view .LVU40
 175 0006 0021     		movs	r1, #0
 176              	.LVL14:
 177              		.loc 1 161 9 view .LVU41
 178 0008 FFF7FEFF 		bl	USBD_LL_PrepareReceive
 179              	.LVL15:
 162:Middlewares/ST/STM32_USB_Device_Library/Core/Src/usbd_ioreq.c **** 
 163:Middlewares/ST/STM32_USB_Device_Library/Core/Src/usbd_ioreq.c ****   return USBD_OK;
 180              		.loc 1 163 3 is_stmt 1 view .LVU42
 164:Middlewares/ST/STM32_USB_Device_Library/Core/Src/usbd_ioreq.c **** }
 181              		.loc 1 164 1 is_stmt 0 view .LVU43
 182 000c 0020     		movs	r0, #0
 183 000e 08BD     		pop	{r3, pc}
 184              		.cfi_endproc
 185              	.LFE151:
ARM GAS  C:\Users\MSI_NB\AppData\Local\Temp\ccCEA0MW.s 			page 7


 187              		.section	.text.USBD_CtlSendStatus,"ax",%progbits
 188              		.align	1
 189              		.global	USBD_CtlSendStatus
 190              		.syntax unified
 191              		.thumb
 192              		.thumb_func
 194              	USBD_CtlSendStatus:
 195              	.LVL16:
 196              	.LFB152:
 165:Middlewares/ST/STM32_USB_Device_Library/Core/Src/usbd_ioreq.c **** 
 166:Middlewares/ST/STM32_USB_Device_Library/Core/Src/usbd_ioreq.c **** /**
 167:Middlewares/ST/STM32_USB_Device_Library/Core/Src/usbd_ioreq.c ****   * @brief  USBD_CtlSendStatus
 168:Middlewares/ST/STM32_USB_Device_Library/Core/Src/usbd_ioreq.c ****   *         send zero lzngth packet on the ctl pipe
 169:Middlewares/ST/STM32_USB_Device_Library/Core/Src/usbd_ioreq.c ****   * @param  pdev: device instance
 170:Middlewares/ST/STM32_USB_Device_Library/Core/Src/usbd_ioreq.c ****   * @retval status
 171:Middlewares/ST/STM32_USB_Device_Library/Core/Src/usbd_ioreq.c ****   */
 172:Middlewares/ST/STM32_USB_Device_Library/Core/Src/usbd_ioreq.c **** USBD_StatusTypeDef USBD_CtlSendStatus(USBD_HandleTypeDef *pdev)
 173:Middlewares/ST/STM32_USB_Device_Library/Core/Src/usbd_ioreq.c **** {
 197              		.loc 1 173 1 is_stmt 1 view -0
 198              		.cfi_startproc
 199              		@ args = 0, pretend = 0, frame = 0
 200              		@ frame_needed = 0, uses_anonymous_args = 0
 201              		.loc 1 173 1 is_stmt 0 view .LVU45
 202 0000 08B5     		push	{r3, lr}
 203              		.cfi_def_cfa_offset 8
 204              		.cfi_offset 3, -8
 205              		.cfi_offset 14, -4
 174:Middlewares/ST/STM32_USB_Device_Library/Core/Src/usbd_ioreq.c ****   /* Set EP0 State */
 175:Middlewares/ST/STM32_USB_Device_Library/Core/Src/usbd_ioreq.c ****   pdev->ep0_state = USBD_EP0_STATUS_IN;
 206              		.loc 1 175 3 is_stmt 1 view .LVU46
 207              		.loc 1 175 19 is_stmt 0 view .LVU47
 208 0002 0422     		movs	r2, #4
 209 0004 C0F89422 		str	r2, [r0, #660]
 176:Middlewares/ST/STM32_USB_Device_Library/Core/Src/usbd_ioreq.c **** 
 177:Middlewares/ST/STM32_USB_Device_Library/Core/Src/usbd_ioreq.c ****   /* Start the transfer */
 178:Middlewares/ST/STM32_USB_Device_Library/Core/Src/usbd_ioreq.c ****   (void)USBD_LL_Transmit(pdev, 0x00U, NULL, 0U);
 210              		.loc 1 178 3 is_stmt 1 view .LVU48
 211              		.loc 1 178 9 is_stmt 0 view .LVU49
 212 0008 0023     		movs	r3, #0
 213 000a 1A46     		mov	r2, r3
 214 000c 1946     		mov	r1, r3
 215 000e FFF7FEFF 		bl	USBD_LL_Transmit
 216              	.LVL17:
 179:Middlewares/ST/STM32_USB_Device_Library/Core/Src/usbd_ioreq.c **** 
 180:Middlewares/ST/STM32_USB_Device_Library/Core/Src/usbd_ioreq.c ****   return USBD_OK;
 217              		.loc 1 180 3 is_stmt 1 view .LVU50
 181:Middlewares/ST/STM32_USB_Device_Library/Core/Src/usbd_ioreq.c **** }
 218              		.loc 1 181 1 is_stmt 0 view .LVU51
 219 0012 0020     		movs	r0, #0
 220 0014 08BD     		pop	{r3, pc}
 221              		.cfi_endproc
 222              	.LFE152:
 224              		.section	.text.USBD_CtlReceiveStatus,"ax",%progbits
 225              		.align	1
 226              		.global	USBD_CtlReceiveStatus
 227              		.syntax unified
 228              		.thumb
ARM GAS  C:\Users\MSI_NB\AppData\Local\Temp\ccCEA0MW.s 			page 8


 229              		.thumb_func
 231              	USBD_CtlReceiveStatus:
 232              	.LVL18:
 233              	.LFB153:
 182:Middlewares/ST/STM32_USB_Device_Library/Core/Src/usbd_ioreq.c **** 
 183:Middlewares/ST/STM32_USB_Device_Library/Core/Src/usbd_ioreq.c **** /**
 184:Middlewares/ST/STM32_USB_Device_Library/Core/Src/usbd_ioreq.c ****   * @brief  USBD_CtlReceiveStatus
 185:Middlewares/ST/STM32_USB_Device_Library/Core/Src/usbd_ioreq.c ****   *         receive zero lzngth packet on the ctl pipe
 186:Middlewares/ST/STM32_USB_Device_Library/Core/Src/usbd_ioreq.c ****   * @param  pdev: device instance
 187:Middlewares/ST/STM32_USB_Device_Library/Core/Src/usbd_ioreq.c ****   * @retval status
 188:Middlewares/ST/STM32_USB_Device_Library/Core/Src/usbd_ioreq.c ****   */
 189:Middlewares/ST/STM32_USB_Device_Library/Core/Src/usbd_ioreq.c **** USBD_StatusTypeDef USBD_CtlReceiveStatus(USBD_HandleTypeDef *pdev)
 190:Middlewares/ST/STM32_USB_Device_Library/Core/Src/usbd_ioreq.c **** {
 234              		.loc 1 190 1 is_stmt 1 view -0
 235              		.cfi_startproc
 236              		@ args = 0, pretend = 0, frame = 0
 237              		@ frame_needed = 0, uses_anonymous_args = 0
 238              		.loc 1 190 1 is_stmt 0 view .LVU53
 239 0000 08B5     		push	{r3, lr}
 240              		.cfi_def_cfa_offset 8
 241              		.cfi_offset 3, -8
 242              		.cfi_offset 14, -4
 191:Middlewares/ST/STM32_USB_Device_Library/Core/Src/usbd_ioreq.c ****   /* Set EP0 State */
 192:Middlewares/ST/STM32_USB_Device_Library/Core/Src/usbd_ioreq.c ****   pdev->ep0_state = USBD_EP0_STATUS_OUT;
 243              		.loc 1 192 3 is_stmt 1 view .LVU54
 244              		.loc 1 192 19 is_stmt 0 view .LVU55
 245 0002 0522     		movs	r2, #5
 246 0004 C0F89422 		str	r2, [r0, #660]
 193:Middlewares/ST/STM32_USB_Device_Library/Core/Src/usbd_ioreq.c **** 
 194:Middlewares/ST/STM32_USB_Device_Library/Core/Src/usbd_ioreq.c ****   /* Start the transfer */
 195:Middlewares/ST/STM32_USB_Device_Library/Core/Src/usbd_ioreq.c ****   (void)USBD_LL_PrepareReceive(pdev, 0U, NULL, 0U);
 247              		.loc 1 195 3 is_stmt 1 view .LVU56
 248              		.loc 1 195 9 is_stmt 0 view .LVU57
 249 0008 0023     		movs	r3, #0
 250 000a 1A46     		mov	r2, r3
 251 000c 1946     		mov	r1, r3
 252 000e FFF7FEFF 		bl	USBD_LL_PrepareReceive
 253              	.LVL19:
 196:Middlewares/ST/STM32_USB_Device_Library/Core/Src/usbd_ioreq.c **** 
 197:Middlewares/ST/STM32_USB_Device_Library/Core/Src/usbd_ioreq.c ****   return USBD_OK;
 254              		.loc 1 197 3 is_stmt 1 view .LVU58
 198:Middlewares/ST/STM32_USB_Device_Library/Core/Src/usbd_ioreq.c **** }
 255              		.loc 1 198 1 is_stmt 0 view .LVU59
 256 0012 0020     		movs	r0, #0
 257 0014 08BD     		pop	{r3, pc}
 258              		.cfi_endproc
 259              	.LFE153:
 261              		.section	.text.USBD_GetRxCount,"ax",%progbits
 262              		.align	1
 263              		.global	USBD_GetRxCount
 264              		.syntax unified
 265              		.thumb
 266              		.thumb_func
 268              	USBD_GetRxCount:
 269              	.LVL20:
 270              	.LFB154:
 199:Middlewares/ST/STM32_USB_Device_Library/Core/Src/usbd_ioreq.c **** 
ARM GAS  C:\Users\MSI_NB\AppData\Local\Temp\ccCEA0MW.s 			page 9


 200:Middlewares/ST/STM32_USB_Device_Library/Core/Src/usbd_ioreq.c **** /**
 201:Middlewares/ST/STM32_USB_Device_Library/Core/Src/usbd_ioreq.c ****   * @brief  USBD_GetRxCount
 202:Middlewares/ST/STM32_USB_Device_Library/Core/Src/usbd_ioreq.c ****   *         returns the received data length
 203:Middlewares/ST/STM32_USB_Device_Library/Core/Src/usbd_ioreq.c ****   * @param  pdev: device instance
 204:Middlewares/ST/STM32_USB_Device_Library/Core/Src/usbd_ioreq.c ****   * @param  ep_addr: endpoint address
 205:Middlewares/ST/STM32_USB_Device_Library/Core/Src/usbd_ioreq.c ****   * @retval Rx Data blength
 206:Middlewares/ST/STM32_USB_Device_Library/Core/Src/usbd_ioreq.c ****   */
 207:Middlewares/ST/STM32_USB_Device_Library/Core/Src/usbd_ioreq.c **** uint32_t USBD_GetRxCount(USBD_HandleTypeDef *pdev, uint8_t ep_addr)
 208:Middlewares/ST/STM32_USB_Device_Library/Core/Src/usbd_ioreq.c **** {
 271              		.loc 1 208 1 is_stmt 1 view -0
 272              		.cfi_startproc
 273              		@ args = 0, pretend = 0, frame = 0
 274              		@ frame_needed = 0, uses_anonymous_args = 0
 275              		.loc 1 208 1 is_stmt 0 view .LVU61
 276 0000 08B5     		push	{r3, lr}
 277              		.cfi_def_cfa_offset 8
 278              		.cfi_offset 3, -8
 279              		.cfi_offset 14, -4
 209:Middlewares/ST/STM32_USB_Device_Library/Core/Src/usbd_ioreq.c ****   return USBD_LL_GetRxDataSize(pdev, ep_addr);
 280              		.loc 1 209 3 is_stmt 1 view .LVU62
 281              		.loc 1 209 10 is_stmt 0 view .LVU63
 282 0002 FFF7FEFF 		bl	USBD_LL_GetRxDataSize
 283              	.LVL21:
 210:Middlewares/ST/STM32_USB_Device_Library/Core/Src/usbd_ioreq.c **** }
 284              		.loc 1 210 1 view .LVU64
 285 0006 08BD     		pop	{r3, pc}
 286              		.cfi_endproc
 287              	.LFE154:
 289              		.text
 290              	.Letext0:
 291              		.file 2 "d:\\tool\\gcc-arm-none-eabi\\arm-none-eabi\\include\\machine\\_default_types.h"
 292              		.file 3 "d:\\tool\\gcc-arm-none-eabi\\arm-none-eabi\\include\\sys\\_stdint.h"
 293              		.file 4 "Middlewares/ST/STM32_USB_Device_Library/Core/Inc/usbd_def.h"
 294              		.file 5 "Middlewares/ST/STM32_USB_Device_Library/Core/Inc/usbd_core.h"
ARM GAS  C:\Users\MSI_NB\AppData\Local\Temp\ccCEA0MW.s 			page 10


DEFINED SYMBOLS
                            *ABS*:00000000 usbd_ioreq.c
C:\Users\MSI_NB\AppData\Local\Temp\ccCEA0MW.s:19     .text.USBD_CtlSendData:00000000 $t
C:\Users\MSI_NB\AppData\Local\Temp\ccCEA0MW.s:25     .text.USBD_CtlSendData:00000000 USBD_CtlSendData
C:\Users\MSI_NB\AppData\Local\Temp\ccCEA0MW.s:67     .text.USBD_CtlContinueSendData:00000000 $t
C:\Users\MSI_NB\AppData\Local\Temp\ccCEA0MW.s:73     .text.USBD_CtlContinueSendData:00000000 USBD_CtlContinueSendData
C:\Users\MSI_NB\AppData\Local\Temp\ccCEA0MW.s:104    .text.USBD_CtlPrepareRx:00000000 $t
C:\Users\MSI_NB\AppData\Local\Temp\ccCEA0MW.s:110    .text.USBD_CtlPrepareRx:00000000 USBD_CtlPrepareRx
C:\Users\MSI_NB\AppData\Local\Temp\ccCEA0MW.s:151    .text.USBD_CtlContinueRx:00000000 $t
C:\Users\MSI_NB\AppData\Local\Temp\ccCEA0MW.s:157    .text.USBD_CtlContinueRx:00000000 USBD_CtlContinueRx
C:\Users\MSI_NB\AppData\Local\Temp\ccCEA0MW.s:188    .text.USBD_CtlSendStatus:00000000 $t
C:\Users\MSI_NB\AppData\Local\Temp\ccCEA0MW.s:194    .text.USBD_CtlSendStatus:00000000 USBD_CtlSendStatus
C:\Users\MSI_NB\AppData\Local\Temp\ccCEA0MW.s:225    .text.USBD_CtlReceiveStatus:00000000 $t
C:\Users\MSI_NB\AppData\Local\Temp\ccCEA0MW.s:231    .text.USBD_CtlReceiveStatus:00000000 USBD_CtlReceiveStatus
C:\Users\MSI_NB\AppData\Local\Temp\ccCEA0MW.s:262    .text.USBD_GetRxCount:00000000 $t
C:\Users\MSI_NB\AppData\Local\Temp\ccCEA0MW.s:268    .text.USBD_GetRxCount:00000000 USBD_GetRxCount

UNDEFINED SYMBOLS
USBD_LL_Transmit
USBD_LL_PrepareReceive
USBD_LL_GetRxDataSize
